#
# There is insufficient memory for the Java Runtime Environment to continue.
# Native memory allocation (mmap) failed to map 130023424 bytes. Error detail: G1 virtual space
# Possible reasons:
#   The system is out of physical RAM or swap space
#   This process is running with CompressedOops enabled, and the Java Heap may be blocking the growth of the native heap
# Possible solutions:
#   Reduce memory load on the system
#   Increase physical memory or swap space
#   Check if swap backing store is full
#   Decrease Java heap size (-Xmx/-Xms)
#   Decrease number of Java threads
#   Decrease Java thread stack sizes (-Xss)
#   Set larger code cache with -XX:ReservedCodeCacheSize=
#   JVM is running with Unscaled Compressed Oops mode in which the Java heap is
#     placed in the first 4GB address space. The Java Heap base address is the
#     maximum limit for the native heap growth. Please use -XX:HeapBaseMinAddress
#     to set the Java Heap base and to place the Java Heap above 4GB virtual address.
# This output file may be truncated or incomplete.
#
#  Out of Memory Error (os_windows.cpp:3616), pid=15240, tid=13484
#
# JRE version: OpenJDK Runtime Environment Corretto-21.0.5.11.1 (21.0.5+11) (build 21.0.5+11-LTS)
# Java VM: OpenJDK 64-Bit Server VM Corretto-21.0.5.11.1 (21.0.5+11-LTS, mixed mode, sharing, tiered, compressed oops, compressed class ptrs, g1 gc, windows-amd64)
# No core dump will be written. Minidumps are not enabled by default on client versions of Windows
#

---------------  S U M M A R Y ------------

Command Line: -Dstdout.encoding=UTF-8 -Dstderr.encoding=UTF-8 --enable-native-access=ALL-UNNAMED -Dclassworlds.conf=C:\Users\hama\AppData\Roaming\Windsurf\User\globalStorage\pleiades.java-extension-pack-jdk\maven\latest\bin\m2.conf -Dmaven.home=C:\Users\hama\AppData\Roaming\Windsurf\User\globalStorage\pleiades.java-extension-pack-jdk\maven\latest -Dlibrary.jansi.path=C:\Users\hama\AppData\Roaming\Windsurf\User\globalStorage\pleiades.java-extension-pack-jdk\maven\latest\lib\jansi-native -Dmaven.multiModuleProjectDirectory=C:\Users\hama\Desktop\pfe\commercial-pfe\demo org.codehaus.plexus.classworlds.launcher.Launcher clean compile sonar:sonar -DskipTests -Dsonar.login=sqa_b2e37fcb5059edf9a5793f277032438f09debec7

Host: 11th Gen Intel(R) Core(TM) i7-1165G7 @ 2.80GHz, 8 cores, 7G,  Windows 11 , 64 bit Build 26100 (10.0.26100.6725)
Time: Sun Nov  9 21:33:34 2025 Europe de l , 64 bit Build 26100 (10.0.26100.6725) elapsed time: 10.630379 seconds (0d 0h 0m 10s)

---------------  T H R E A D  ---------------

Current thread (0x0000024ccf129e40):  VMThread "VM Thread"          [id=13484, stack(0x000000beda800000,0x000000beda900000) (1024K)]

Stack: [0x000000beda800000,0x000000beda900000]
Native frames: (J=compiled Java code, j=interpreted, Vv=VM code, C=native code)
V  [jvm.dll+0x6d9b69]
V  [jvm.dll+0x8b6073]
V  [jvm.dll+0x8b83ce]
V  [jvm.dll+0x8b8ab3]
V  [jvm.dll+0x286226]
V  [jvm.dll+0x6d62e5]
V  [jvm.dll+0x6ca94a]
V  [jvm.dll+0x35f47b]
V  [jvm.dll+0x367046]
V  [jvm.dll+0x3b92a6]
V  [jvm.dll+0x3b9578]
V  [jvm.dll+0x332b6c]
V  [jvm.dll+0x332bf7]
V  [jvm.dll+0x377a8c]
V  [jvm.dll+0x37623e]
V  [jvm.dll+0x3322c1]
V  [jvm.dll+0x375950]
V  [jvm.dll+0x8be628]
V  [jvm.dll+0x8bf9a4]
V  [jvm.dll+0x8bfee0]
V  [jvm.dll+0x8c0173]
V  [jvm.dll+0x85ed68]
V  [jvm.dll+0x6d836d]
C  [ucrtbase.dll+0x37b0]
C  [KERNEL32.DLL+0x2e8d7]
C  [ntdll.dll+0x8c53c]

VM_Operation (0x000000beda1fd160): G1CollectForAllocation, mode: safepoint, requested by thread 0x0000024cb2015780


---------------  P R O C E S S  ---------------

Threads class SMR info:
_java_thread_list=0x0000024d169e1460, length=21, elements={
0x0000024cb2015780, 0x0000024ccf14d990, 0x0000024ccf14e3e0, 0x0000024ccf150e40,
0x0000024ccf151890, 0x0000024ccf1522e0, 0x0000024ccf154d40, 0x0000024ccf4e84a0,
0x0000024ccf4e8f30, 0x0000024ccf659750, 0x0000024ccf63c0c0, 0x0000024ccf717e50,
0x0000024d1668d840, 0x0000024d1558ee60, 0x0000024d17a15710, 0x0000024d19126540,
0x0000024d16b5d1a0, 0x0000024d16b5d800, 0x0000024ccf626850, 0x0000024d17909df0,
0x0000024d1790a480
}

Java Threads: ( => current thread )
  0x0000024cb2015780 JavaThread "main"                              [_thread_blocked, id=180, stack(0x000000beda100000,0x000000beda200000) (1024K)]
  0x0000024ccf14d990 JavaThread "Reference Handler"          daemon [_thread_blocked, id=3452, stack(0x000000beda900000,0x000000bedaa00000) (1024K)]
  0x0000024ccf14e3e0 JavaThread "Finalizer"                  daemon [_thread_blocked, id=4740, stack(0x000000bedaa00000,0x000000bedab00000) (1024K)]
  0x0000024ccf150e40 JavaThread "Signal Dispatcher"          daemon [_thread_blocked, id=1716, stack(0x000000bedab00000,0x000000bedac00000) (1024K)]
  0x0000024ccf151890 JavaThread "Attach Listener"            daemon [_thread_blocked, id=11988, stack(0x000000bedac00000,0x000000bedad00000) (1024K)]
  0x0000024ccf1522e0 JavaThread "Service Thread"             daemon [_thread_blocked, id=17312, stack(0x000000bedad00000,0x000000bedae00000) (1024K)]
  0x0000024ccf154d40 JavaThread "Monitor Deflation Thread"   daemon [_thread_blocked, id=19052, stack(0x000000bedae00000,0x000000bedaf00000) (1024K)]
  0x0000024ccf4e84a0 JavaThread "C2 CompilerThread0"         daemon [_thread_blocked, id=4960, stack(0x000000bedaf00000,0x000000bedb000000) (1024K)]
  0x0000024ccf4e8f30 JavaThread "C1 CompilerThread0"         daemon [_thread_blocked, id=8504, stack(0x000000bedb000000,0x000000bedb100000) (1024K)]
  0x0000024ccf659750 JavaThread "Notification Thread"        daemon [_thread_blocked, id=19392, stack(0x000000bedb100000,0x000000bedb200000) (1024K)]
  0x0000024ccf63c0c0 JavaThread "Common-Cleaner"             daemon [_thread_blocked, id=8336, stack(0x000000bedb200000,0x000000bedb300000) (1024K)]
  0x0000024ccf717e50 JavaThread "C2 CompilerThread1"         daemon [_thread_blocked, id=13036, stack(0x000000bedb300000,0x000000bedb400000) (1024K)]
  0x0000024d1668d840 JavaThread "Thread-1"                   daemon [_thread_blocked, id=17132, stack(0x000000bedbc00000,0x000000bedbd00000) (1024K)]
  0x0000024d1558ee60 JavaThread "C2 CompilerThread2"         daemon [_thread_in_native, id=17876, stack(0x000000bedb400000,0x000000bedb500000) (1024K)]
  0x0000024d17a15710 JavaThread "ForkJoinPool.commonPool-worker-1" daemon [_thread_blocked, id=18676, stack(0x000000bedbe00000,0x000000bedbf00000) (1024K)]
  0x0000024d19126540 JavaThread "ForkJoinPool.commonPool-worker-2" daemon [_thread_blocked, id=14816, stack(0x000000bedbf00000,0x000000bedc000000) (1024K)]
  0x0000024d16b5d1a0 JavaThread "ForkJoinPool.commonPool-worker-4" daemon [_thread_blocked, id=6488, stack(0x000000bedc000000,0x000000bedc100000) (1024K)]
  0x0000024d16b5d800 JavaThread "ForkJoinPool.commonPool-worker-5" daemon [_thread_blocked, id=2348, stack(0x000000bedc100000,0x000000bedc200000) (1024K)]
  0x0000024ccf626850 JavaThread "ForkJoinPool.commonPool-worker-3" daemon [_thread_blocked, id=6316, stack(0x000000bedc200000,0x000000bedc300000) (1024K)]
  0x0000024d17909df0 JavaThread "ForkJoinPool.commonPool-worker-6" daemon [_thread_blocked, id=6192, stack(0x000000bedc300000,0x000000bedc400000) (1024K)]
  0x0000024d1790a480 JavaThread "ForkJoinPool.commonPool-worker-7" daemon [_thread_blocked, id=11252, stack(0x000000bedc400000,0x000000bedc500000) (1024K)]
Total: 21

Other Threads:
=>0x0000024ccf129e40 VMThread "VM Thread"                           [id=13484, stack(0x000000beda800000,0x000000beda900000) (1024K)]
  0x0000024ccf119e50 WatcherThread "VM Periodic Task Thread"        [id=16368, stack(0x000000beda700000,0x000000beda800000) (1024K)]
  0x0000024cb20692e0 WorkerThread "GC Thread#0"                     [id=16836, stack(0x000000beda200000,0x000000beda300000) (1024K)]
  0x0000024ccf129aa0 WorkerThread "GC Thread#1"                     [id=9544, stack(0x000000bedb500000,0x000000bedb600000) (1024K)]
  0x0000024ccf129360 WorkerThread "GC Thread#2"                     [id=4072, stack(0x000000bedb600000,0x000000bedb700000) (1024K)]
  0x0000024ccf12a1e0 WorkerThread "GC Thread#3"                     [id=12668, stack(0x000000bedb700000,0x000000bedb800000) (1024K)]
  0x0000024ccf12a580 WorkerThread "GC Thread#4"                     [id=4808, stack(0x000000bedb800000,0x000000bedb900000) (1024K)]
  0x0000024ccf12a920 WorkerThread "GC Thread#5"                     [id=12356, stack(0x000000bedb900000,0x000000bedba00000) (1024K)]
  0x0000024ccf129700 WorkerThread "GC Thread#6"                     [id=7476, stack(0x000000bedba00000,0x000000bedbb00000) (1024K)]
  0x0000024d15c110e0 WorkerThread "GC Thread#7"                     [id=19384, stack(0x000000bedbb00000,0x000000bedbc00000) (1024K)]
  0x0000024cb2079b10 ConcurrentGCThread "G1 Main Marker"            [id=4756, stack(0x000000beda300000,0x000000beda400000) (1024K)]
  0x0000024cb207a830 WorkerThread "G1 Conc#0"                       [id=18572, stack(0x000000beda400000,0x000000beda500000) (1024K)]
  0x0000024d15c12a40 WorkerThread "G1 Conc#1"                       [id=144, stack(0x000000bedbd00000,0x000000bedbe00000) (1024K)]
  0x0000024cb20cea20 ConcurrentGCThread "G1 Refine#0"               [id=15224, stack(0x000000beda500000,0x000000beda600000) (1024K)]
  0x0000024ccefec3e0 ConcurrentGCThread "G1 Service"                [id=9072, stack(0x000000beda600000,0x000000beda700000) (1024K)]
Total: 15

Threads with active compile tasks:
C2 CompilerThread0  10662 9410       4       com.puppycrawl.tools.checkstyle.checks.indentation.CommentsIndentationCheck::getOneLinePreviousStatement (133 bytes)
C2 CompilerThread1  10662 9367       4       com.puppycrawl.tools.checkstyle.XMLLogger::writeFileError (206 bytes)
C2 CompilerThread2  10663 9354       4       com.puppycrawl.tools.checkstyle.checks.indentation.AbstractExpressionHandler::checkLinesIndent (181 bytes)
Total: 3

VM state: at safepoint (normal execution)

VM Mutex/Monitor currently owned by a thread:  ([mutex/lock_event])
[0x00007ffe0afac320] Threads_lock - owner thread: 0x0000024ccf129e40
[0x00007ffe0afac420] Heap_lock - owner thread: 0x0000024cb2015780

Heap address: 0x0000000083600000, size: 1994 MB, Compressed Oops mode: 32-bit

CDS archive(s) mapped at: [0x0000024cd0000000-0x0000024cd0c80000-0x0000024cd0c80000), size 13107200, SharedBaseAddress: 0x0000024cd0000000, ArchiveRelocationMode: 1.
Compressed class space mapped at: 0x0000024cd1000000-0x0000024d11000000, reserved size: 1073741824
Narrow klass base: 0x0000024cd0000000, Narrow klass shift: 0, Narrow klass range: 0x100000000

GC Precious Log:
 CardTable entry size: 512
 Card Set container configuration: InlinePtr #cards 5 size 8 Array Of Cards #cards 12 size 40 Howl #buckets 4 coarsen threshold 1843 Howl Bitmap #cards 512 size 80 coarsen threshold 460 Card regions per heap region 1 cards per card region 2048
 CPUs: 8 total, 8 available
 Memory: 7975M
 Large Page Support: Disabled
 NUMA Support: Disabled
 Compressed Oops: Enabled (32-bit)
 Heap Region Size: 1M
 Heap Min Capacity: 8M
 Heap Initial Capacity: 126M
 Heap Max Capacity: 1994M
 Pre-touch: Disabled
 Parallel Workers: 8
 Concurrent Workers: 2
 Concurrent Refinement Workers: 8
 Periodic GC: Disabled

Heap:
 garbage-first heap   total 281600K, used 96825K [0x0000000083600000, 0x0000000100000000)
  region size 1024K, 11 young (11264K), 11 survivors (11264K)
 Metaspace       used 34966K, committed 35328K, reserved 1114112K
  class space    used 4067K, committed 4224K, reserved 1048576K

Heap Regions: E=young(eden), S=young(survivor), O=old, HS=humongous(starts), HC=humongous(continues), CS=collection set, F=free, TAMS=top-at-mark-start, PB=parsable bottom
|   0|0x0000000083600000, 0x0000000083700000, 0x0000000083700000|100%| O|  |TAMS 0x0000000083600000| PB 0x0000000083600000| Untracked 
|   1|0x0000000083700000, 0x0000000083800000, 0x0000000083800000|100%| O|  |TAMS 0x0000000083700000| PB 0x0000000083700000| Untracked 
|   2|0x0000000083800000, 0x0000000083900000, 0x0000000083900000|100%| O|  |TAMS 0x0000000083800000| PB 0x0000000083800000| Untracked 
|   3|0x0000000083900000, 0x0000000083a00000, 0x0000000083a00000|100%| O|  |TAMS 0x0000000083900000| PB 0x0000000083900000| Untracked 
|   4|0x0000000083a00000, 0x0000000083b00000, 0x0000000083b00000|100%| O|  |TAMS 0x0000000083a00000| PB 0x0000000083a00000| Untracked 
|   5|0x0000000083b00000, 0x0000000083c00000, 0x0000000083c00000|100%| O|  |TAMS 0x0000000083b00000| PB 0x0000000083b00000| Untracked 
|   6|0x0000000083c00000, 0x0000000083d00000, 0x0000000083d00000|100%| O|  |TAMS 0x0000000083c00000| PB 0x0000000083c00000| Untracked 
|   7|0x0000000083d00000, 0x0000000083e00000, 0x0000000083e00000|100%| O|  |TAMS 0x0000000083d00000| PB 0x0000000083d00000| Untracked 
|   8|0x0000000083e00000, 0x0000000083f00000, 0x0000000083f00000|100%| O|  |TAMS 0x0000000083e00000| PB 0x0000000083e00000| Untracked 
|   9|0x0000000083f00000, 0x0000000084000000, 0x0000000084000000|100%| O|  |TAMS 0x0000000083f00000| PB 0x0000000083f00000| Untracked 
|  10|0x0000000084000000, 0x0000000084100000, 0x0000000084100000|100%| O|  |TAMS 0x0000000084000000| PB 0x0000000084000000| Untracked 
|  11|0x0000000084100000, 0x0000000084200000, 0x0000000084200000|100%| O|  |TAMS 0x0000000084100000| PB 0x0000000084100000| Untracked 
|  12|0x0000000084200000, 0x0000000084300000, 0x0000000084300000|100%| O|  |TAMS 0x0000000084200000| PB 0x0000000084200000| Untracked 
|  13|0x0000000084300000, 0x0000000084400000, 0x0000000084400000|100%| O|  |TAMS 0x0000000084300000| PB 0x0000000084300000| Untracked 
|  14|0x0000000084400000, 0x0000000084500000, 0x0000000084500000|100%| O|  |TAMS 0x0000000084400000| PB 0x0000000084400000| Untracked 
|  15|0x0000000084500000, 0x0000000084600000, 0x0000000084600000|100%| O|  |TAMS 0x0000000084500000| PB 0x0000000084500000| Untracked 
|  16|0x0000000084600000, 0x0000000084700000, 0x0000000084700000|100%| O|  |TAMS 0x0000000084600000| PB 0x0000000084600000| Untracked 
|  17|0x0000000084700000, 0x0000000084800000, 0x0000000084800000|100%| O|  |TAMS 0x0000000084700000| PB 0x0000000084700000| Untracked 
|  18|0x0000000084800000, 0x0000000084900000, 0x0000000084900000|100%| O|  |TAMS 0x0000000084800000| PB 0x0000000084800000| Untracked 
|  19|0x0000000084900000, 0x0000000084a00000, 0x0000000084a00000|100%| O|  |TAMS 0x0000000084900000| PB 0x0000000084900000| Untracked 
|  20|0x0000000084a00000, 0x0000000084b00000, 0x0000000084b00000|100%| O|  |TAMS 0x0000000084a00000| PB 0x0000000084a00000| Untracked 
|  21|0x0000000084b00000, 0x0000000084c00000, 0x0000000084c00000|100%| O|  |TAMS 0x0000000084b00000| PB 0x0000000084b00000| Untracked 
|  22|0x0000000084c00000, 0x0000000084d00000, 0x0000000084d00000|100%| O|  |TAMS 0x0000000084c00000| PB 0x0000000084c00000| Untracked 
|  23|0x0000000084d00000, 0x0000000084e00000, 0x0000000084e00000|100%| O|  |TAMS 0x0000000084d00000| PB 0x0000000084d00000| Untracked 
|  24|0x0000000084e00000, 0x0000000084f00000, 0x0000000084f00000|100%| O|  |TAMS 0x0000000084e00000| PB 0x0000000084e00000| Untracked 
|  25|0x0000000084f00000, 0x0000000084fa1a40, 0x0000000085000000| 63%| O|  |TAMS 0x0000000084f00000| PB 0x0000000084f00000| Untracked 
|  26|0x0000000085000000, 0x0000000085100000, 0x0000000085100000|100%| O|  |TAMS 0x0000000085000000| PB 0x0000000085000000| Untracked 
|  27|0x0000000085100000, 0x0000000085200000, 0x0000000085200000|100%| O|  |TAMS 0x0000000085100000| PB 0x0000000085100000| Untracked 
|  28|0x0000000085200000, 0x0000000085300000, 0x0000000085300000|100%| O|  |TAMS 0x0000000085200000| PB 0x0000000085200000| Untracked 
|  29|0x0000000085300000, 0x0000000085400000, 0x0000000085400000|100%| O|  |TAMS 0x0000000085300000| PB 0x0000000085300000| Untracked 
|  30|0x0000000085400000, 0x0000000085500000, 0x0000000085500000|100%| O|  |TAMS 0x0000000085400000| PB 0x0000000085400000| Untracked 
|  31|0x0000000085500000, 0x0000000085600000, 0x0000000085600000|100%| O|  |TAMS 0x0000000085500000| PB 0x0000000085500000| Untracked 
|  32|0x0000000085600000, 0x0000000085700000, 0x0000000085700000|100%| O|  |TAMS 0x0000000085600000| PB 0x0000000085600000| Untracked 
|  33|0x0000000085700000, 0x0000000085800000, 0x0000000085800000|100%| O|  |TAMS 0x0000000085700000| PB 0x0000000085700000| Untracked 
|  34|0x0000000085800000, 0x0000000085900000, 0x0000000085900000|100%| O|  |TAMS 0x0000000085800000| PB 0x0000000085800000| Untracked 
|  35|0x0000000085900000, 0x0000000085a00000, 0x0000000085a00000|100%| O|  |TAMS 0x0000000085900000| PB 0x0000000085900000| Untracked 
|  36|0x0000000085a00000, 0x0000000085b00000, 0x0000000085b00000|100%| O|  |TAMS 0x0000000085a00000| PB 0x0000000085a00000| Untracked 
|  37|0x0000000085b00000, 0x0000000085c00000, 0x0000000085c00000|100%| O|  |TAMS 0x0000000085b00000| PB 0x0000000085b00000| Untracked 
|  38|0x0000000085c00000, 0x0000000085d00000, 0x0000000085d00000|100%| O|  |TAMS 0x0000000085c00000| PB 0x0000000085c00000| Untracked 
|  39|0x0000000085d00000, 0x0000000085e00000, 0x0000000085e00000|100%| O|  |TAMS 0x0000000085d00000| PB 0x0000000085d00000| Untracked 
|  40|0x0000000085e00000, 0x0000000085f00000, 0x0000000085f00000|100%| O|  |TAMS 0x0000000085e00000| PB 0x0000000085e00000| Untracked 
|  41|0x0000000085f00000, 0x0000000086000000, 0x0000000086000000|100%| O|  |TAMS 0x0000000085f00000| PB 0x0000000085f00000| Untracked 
|  42|0x0000000086000000, 0x0000000086100000, 0x0000000086100000|100%| O|  |TAMS 0x0000000086000000| PB 0x0000000086000000| Untracked 
|  43|0x0000000086100000, 0x0000000086200000, 0x0000000086200000|100%| O|  |TAMS 0x0000000086100000| PB 0x0000000086100000| Untracked 
|  44|0x0000000086200000, 0x0000000086300000, 0x0000000086300000|100%| O|  |TAMS 0x0000000086200000| PB 0x0000000086200000| Untracked 
|  45|0x0000000086300000, 0x0000000086400000, 0x0000000086400000|100%| O|  |TAMS 0x0000000086300000| PB 0x0000000086300000| Untracked 
|  46|0x0000000086400000, 0x0000000086500000, 0x0000000086500000|100%| O|  |TAMS 0x0000000086400000| PB 0x0000000086400000| Untracked 
|  47|0x0000000086500000, 0x0000000086600000, 0x0000000086600000|100%| O|  |TAMS 0x0000000086500000| PB 0x0000000086500000| Untracked 
|  48|0x0000000086600000, 0x0000000086700000, 0x0000000086700000|100%|HS|  |TAMS 0x0000000086600000| PB 0x0000000086600000| Complete 
|  49|0x0000000086700000, 0x0000000086800000, 0x0000000086800000|100%| O|  |TAMS 0x0000000086700000| PB 0x0000000086700000| Untracked 
|  50|0x0000000086800000, 0x0000000086900000, 0x0000000086900000|100%| O|  |TAMS 0x0000000086800000| PB 0x0000000086800000| Untracked 
|  51|0x0000000086900000, 0x0000000086a00000, 0x0000000086a00000|100%| O|  |TAMS 0x0000000086900000| PB 0x0000000086900000| Untracked 
|  52|0x0000000086a00000, 0x0000000086b00000, 0x0000000086b00000|100%| O|  |TAMS 0x0000000086a00000| PB 0x0000000086a00000| Untracked 
|  53|0x0000000086b00000, 0x0000000086c00000, 0x0000000086c00000|100%| O|  |TAMS 0x0000000086b00000| PB 0x0000000086b00000| Untracked 
|  54|0x0000000086c00000, 0x0000000086d00000, 0x0000000086d00000|100%| O|  |TAMS 0x0000000086c00000| PB 0x0000000086c00000| Untracked 
|  55|0x0000000086d00000, 0x0000000086e00000, 0x0000000086e00000|100%| O|  |TAMS 0x0000000086d00000| PB 0x0000000086d00000| Untracked 
|  56|0x0000000086e00000, 0x0000000086e00000, 0x0000000086f00000|  0%| F|  |TAMS 0x0000000086e00000| PB 0x0000000086e00000| Untracked 
|  57|0x0000000086f00000, 0x0000000086f00000, 0x0000000087000000|  0%| F|  |TAMS 0x0000000086f00000| PB 0x0000000086f00000| Untracked 
|  58|0x0000000087000000, 0x0000000087100000, 0x0000000087100000|100%| O|  |TAMS 0x0000000087000000| PB 0x0000000087000000| Untracked 
|  59|0x0000000087100000, 0x0000000087200000, 0x0000000087200000|100%| O|  |TAMS 0x0000000087100000| PB 0x0000000087100000| Untracked 
|  60|0x0000000087200000, 0x0000000087300000, 0x0000000087300000|100%| O|  |TAMS 0x0000000087200000| PB 0x0000000087200000| Untracked 
|  61|0x0000000087300000, 0x0000000087400000, 0x0000000087400000|100%| O|  |TAMS 0x0000000087300000| PB 0x0000000087300000| Untracked 
|  62|0x0000000087400000, 0x0000000087500000, 0x0000000087500000|100%| O|  |TAMS 0x0000000087400000| PB 0x0000000087400000| Untracked 
|  63|0x0000000087500000, 0x0000000087600000, 0x0000000087600000|100%| O|  |TAMS 0x0000000087500000| PB 0x0000000087500000| Untracked 
|  64|0x0000000087600000, 0x0000000087700000, 0x0000000087700000|100%|HS|  |TAMS 0x0000000087600000| PB 0x0000000087600000| Complete 
|  65|0x0000000087700000, 0x0000000087800000, 0x0000000087800000|100%|HC|  |TAMS 0x0000000087700000| PB 0x0000000087700000| Complete 
|  66|0x0000000087800000, 0x0000000087900000, 0x0000000087900000|100%| O|  |TAMS 0x0000000087800000| PB 0x0000000087800000| Untracked 
|  67|0x0000000087900000, 0x0000000087a00000, 0x0000000087a00000|100%| O|  |TAMS 0x0000000087900000| PB 0x0000000087900000| Untracked 
|  68|0x0000000087a00000, 0x0000000087b00000, 0x0000000087b00000|100%| O|  |TAMS 0x0000000087a00000| PB 0x0000000087a00000| Untracked 
|  69|0x0000000087b00000, 0x0000000087c00000, 0x0000000087c00000|100%| O|  |TAMS 0x0000000087b00000| PB 0x0000000087b00000| Untracked 
|  70|0x0000000087c00000, 0x0000000087d00000, 0x0000000087d00000|100%| O|  |TAMS 0x0000000087c00000| PB 0x0000000087c00000| Untracked 
|  71|0x0000000087d00000, 0x0000000087e00000, 0x0000000087e00000|100%|HS|  |TAMS 0x0000000087d00000| PB 0x0000000087d00000| Complete 
|  72|0x0000000087e00000, 0x0000000087f00000, 0x0000000087f00000|100%|HC|  |TAMS 0x0000000087e00000| PB 0x0000000087e00000| Complete 
|  73|0x0000000087f00000, 0x0000000088000000, 0x0000000088000000|100%|HC|  |TAMS 0x0000000087f00000| PB 0x0000000087f00000| Complete 
|  74|0x0000000088000000, 0x0000000088100000, 0x0000000088100000|100%|HC|  |TAMS 0x0000000088000000| PB 0x0000000088000000| Complete 
|  75|0x0000000088100000, 0x0000000088200000, 0x0000000088200000|100%| O|  |TAMS 0x0000000088100000| PB 0x0000000088100000| Untracked 
|  76|0x0000000088200000, 0x0000000088300000, 0x0000000088300000|100%| O|  |TAMS 0x0000000088200000| PB 0x0000000088200000| Untracked 
|  77|0x0000000088300000, 0x0000000088400000, 0x0000000088400000|100%| O|  |TAMS 0x0000000088300000| PB 0x0000000088300000| Untracked 
|  78|0x0000000088400000, 0x0000000088500000, 0x0000000088500000|100%| O|  |TAMS 0x0000000088400000| PB 0x0000000088400000| Untracked 
|  79|0x0000000088500000, 0x0000000088600000, 0x0000000088600000|100%| O|  |TAMS 0x0000000088500000| PB 0x0000000088500000| Untracked 
|  80|0x0000000088600000, 0x0000000088700000, 0x0000000088700000|100%| O|  |TAMS 0x0000000088600000| PB 0x0000000088600000| Untracked 
|  81|0x0000000088700000, 0x0000000088800000, 0x0000000088800000|100%| O|  |TAMS 0x0000000088700000| PB 0x0000000088700000| Untracked 
|  82|0x0000000088800000, 0x0000000088900000, 0x0000000088900000|100%| O|  |TAMS 0x0000000088800000| PB 0x0000000088800000| Untracked 
|  83|0x0000000088900000, 0x000000008896cb28, 0x0000000088a00000| 42%| O|  |TAMS 0x0000000088900000| PB 0x0000000088900000| Untracked 
|  84|0x0000000088a00000, 0x0000000088a00000, 0x0000000088b00000|  0%| F|  |TAMS 0x0000000088a00000| PB 0x0000000088a00000| Untracked 
|  85|0x0000000088b00000, 0x0000000088b00000, 0x0000000088c00000|  0%| F|  |TAMS 0x0000000088b00000| PB 0x0000000088b00000| Untracked 
|  86|0x0000000088c00000, 0x0000000088c00000, 0x0000000088d00000|  0%| F|  |TAMS 0x0000000088c00000| PB 0x0000000088c00000| Untracked 
|  87|0x0000000088d00000, 0x0000000088d00000, 0x0000000088e00000|  0%| F|  |TAMS 0x0000000088d00000| PB 0x0000000088d00000| Untracked 
|  88|0x0000000088e00000, 0x0000000088e00000, 0x0000000088f00000|  0%| F|  |TAMS 0x0000000088e00000| PB 0x0000000088e00000| Untracked 
|  89|0x0000000088f00000, 0x0000000088f00000, 0x0000000089000000|  0%| F|  |TAMS 0x0000000088f00000| PB 0x0000000088f00000| Untracked 
|  90|0x0000000089000000, 0x0000000089000000, 0x0000000089100000|  0%| F|  |TAMS 0x0000000089000000| PB 0x0000000089000000| Untracked 
|  91|0x0000000089100000, 0x0000000089100000, 0x0000000089200000|  0%| F|  |TAMS 0x0000000089100000| PB 0x0000000089100000| Untracked 
|  92|0x0000000089200000, 0x0000000089200000, 0x0000000089300000|  0%| F|  |TAMS 0x0000000089200000| PB 0x0000000089200000| Untracked 
|  93|0x0000000089300000, 0x0000000089300000, 0x0000000089400000|  0%| F|  |TAMS 0x0000000089300000| PB 0x0000000089300000| Untracked 
|  94|0x0000000089400000, 0x0000000089400000, 0x0000000089500000|  0%| F|  |TAMS 0x0000000089400000| PB 0x0000000089400000| Untracked 
|  95|0x0000000089500000, 0x0000000089500000, 0x0000000089600000|  0%| F|  |TAMS 0x0000000089500000| PB 0x0000000089500000| Untracked 
|  96|0x0000000089600000, 0x0000000089600000, 0x0000000089700000|  0%| F|  |TAMS 0x0000000089600000| PB 0x0000000089600000| Untracked 
|  97|0x0000000089700000, 0x0000000089700000, 0x0000000089800000|  0%| F|  |TAMS 0x0000000089700000| PB 0x0000000089700000| Untracked 
|  98|0x0000000089800000, 0x0000000089800000, 0x0000000089900000|  0%| F|  |TAMS 0x0000000089800000| PB 0x0000000089800000| Untracked 
|  99|0x0000000089900000, 0x0000000089980000, 0x0000000089a00000| 50%| S|CS|TAMS 0x0000000089900000| PB 0x0000000089900000| Complete 
| 100|0x0000000089a00000, 0x0000000089b00000, 0x0000000089b00000|100%| S|CS|TAMS 0x0000000089a00000| PB 0x0000000089a00000| Complete 
| 101|0x0000000089b00000, 0x0000000089c00000, 0x0000000089c00000|100%| S|CS|TAMS 0x0000000089b00000| PB 0x0000000089b00000| Complete 
| 102|0x0000000089c00000, 0x0000000089d00000, 0x0000000089d00000|100%| S|CS|TAMS 0x0000000089c00000| PB 0x0000000089c00000| Complete 
| 103|0x0000000089d00000, 0x0000000089e00000, 0x0000000089e00000|100%| S|CS|TAMS 0x0000000089d00000| PB 0x0000000089d00000| Complete 
| 104|0x0000000089e00000, 0x0000000089f00000, 0x0000000089f00000|100%| S|CS|TAMS 0x0000000089e00000| PB 0x0000000089e00000| Complete 
| 105|0x0000000089f00000, 0x000000008a000000, 0x000000008a000000|100%| S|CS|TAMS 0x0000000089f00000| PB 0x0000000089f00000| Complete 
| 106|0x000000008a000000, 0x000000008a000000, 0x000000008a100000|  0%| F|  |TAMS 0x000000008a000000| PB 0x000000008a000000| Untracked 
| 107|0x000000008a100000, 0x000000008a100000, 0x000000008a200000|  0%| F|  |TAMS 0x000000008a100000| PB 0x000000008a100000| Untracked 
| 108|0x000000008a200000, 0x000000008a200000, 0x000000008a300000|  0%| F|  |TAMS 0x000000008a200000| PB 0x000000008a200000| Untracked 
| 109|0x000000008a300000, 0x000000008a300000, 0x000000008a400000|  0%| F|  |TAMS 0x000000008a300000| PB 0x000000008a300000| Untracked 
| 110|0x000000008a400000, 0x000000008a400000, 0x000000008a500000|  0%| F|  |TAMS 0x000000008a400000| PB 0x000000008a400000| Untracked 
| 111|0x000000008a500000, 0x000000008a500000, 0x000000008a600000|  0%| F|  |TAMS 0x000000008a500000| PB 0x000000008a500000| Untracked 
| 112|0x000000008a600000, 0x000000008a600000, 0x000000008a700000|  0%| F|  |TAMS 0x000000008a600000| PB 0x000000008a600000| Untracked 
| 113|0x000000008a700000, 0x000000008a700000, 0x000000008a800000|  0%| F|  |TAMS 0x000000008a700000| PB 0x000000008a700000| Untracked 
| 114|0x000000008a800000, 0x000000008a800000, 0x000000008a900000|  0%| F|  |TAMS 0x000000008a800000| PB 0x000000008a800000| Untracked 
| 115|0x000000008a900000, 0x000000008a900000, 0x000000008aa00000|  0%| F|  |TAMS 0x000000008a900000| PB 0x000000008a900000| Untracked 
| 116|0x000000008aa00000, 0x000000008aa00000, 0x000000008ab00000|  0%| F|  |TAMS 0x000000008aa00000| PB 0x000000008aa00000| Untracked 
| 117|0x000000008ab00000, 0x000000008ab00000, 0x000000008ac00000|  0%| F|  |TAMS 0x000000008ab00000| PB 0x000000008ab00000| Untracked 
| 118|0x000000008ac00000, 0x000000008ac00000, 0x000000008ad00000|  0%| F|  |TAMS 0x000000008ac00000| PB 0x000000008ac00000| Untracked 
| 119|0x000000008ad00000, 0x000000008ad00000, 0x000000008ae00000|  0%| F|  |TAMS 0x000000008ad00000| PB 0x000000008ad00000| Untracked 
| 120|0x000000008ae00000, 0x000000008af00000, 0x000000008af00000|100%| S|CS|TAMS 0x000000008ae00000| PB 0x000000008ae00000| Complete 
| 121|0x000000008af00000, 0x000000008af00000, 0x000000008b000000|  0%| F|  |TAMS 0x000000008af00000| PB 0x000000008af00000| Untracked 
| 122|0x000000008b000000, 0x000000008b100000, 0x000000008b100000|100%| S|CS|TAMS 0x000000008b000000| PB 0x000000008b000000| Complete 
| 123|0x000000008b100000, 0x000000008b200000, 0x000000008b200000|100%| S|CS|TAMS 0x000000008b100000| PB 0x000000008b100000| Complete 
| 124|0x000000008b200000, 0x000000008b300000, 0x000000008b300000|100%| S|CS|TAMS 0x000000008b200000| PB 0x000000008b200000| Complete 
| 125|0x000000008b300000, 0x000000008b300000, 0x000000008b400000|  0%| F|  |TAMS 0x000000008b300000| PB 0x000000008b300000| Untracked 
| 126|0x000000008b400000, 0x000000008b400000, 0x000000008b500000|  0%| F|  |TAMS 0x000000008b400000| PB 0x000000008b400000| Untracked 
| 127|0x000000008b500000, 0x000000008b500000, 0x000000008b600000|  0%| F|  |TAMS 0x000000008b500000| PB 0x000000008b500000| Untracked 
| 128|0x000000008b600000, 0x000000008b600000, 0x000000008b700000|  0%| F|  |TAMS 0x000000008b600000| PB 0x000000008b600000| Untracked 
| 129|0x000000008b700000, 0x000000008b700000, 0x000000008b800000|  0%| F|  |TAMS 0x000000008b700000| PB 0x000000008b700000| Untracked 
| 130|0x000000008b800000, 0x000000008b800000, 0x000000008b900000|  0%| F|  |TAMS 0x000000008b800000| PB 0x000000008b800000| Untracked 
| 131|0x000000008b900000, 0x000000008b900000, 0x000000008ba00000|  0%| F|  |TAMS 0x000000008b900000| PB 0x000000008b900000| Untracked 
| 132|0x000000008ba00000, 0x000000008ba00000, 0x000000008bb00000|  0%| F|  |TAMS 0x000000008ba00000| PB 0x000000008ba00000| Untracked 
| 133|0x000000008bb00000, 0x000000008bb00000, 0x000000008bc00000|  0%| F|  |TAMS 0x000000008bb00000| PB 0x000000008bb00000| Untracked 
| 134|0x000000008bc00000, 0x000000008bc00000, 0x000000008bd00000|  0%| F|  |TAMS 0x000000008bc00000| PB 0x000000008bc00000| Untracked 
| 135|0x000000008bd00000, 0x000000008bd00000, 0x000000008be00000|  0%| F|  |TAMS 0x000000008bd00000| PB 0x000000008bd00000| Untracked 
| 136|0x000000008be00000, 0x000000008be00000, 0x000000008bf00000|  0%| F|  |TAMS 0x000000008be00000| PB 0x000000008be00000| Untracked 
| 137|0x000000008bf00000, 0x000000008bf00000, 0x000000008c000000|  0%| F|  |TAMS 0x000000008bf00000| PB 0x000000008bf00000| Untracked 
| 138|0x000000008c000000, 0x000000008c000000, 0x000000008c100000|  0%| F|  |TAMS 0x000000008c000000| PB 0x000000008c000000| Untracked 
| 139|0x000000008c100000, 0x000000008c100000, 0x000000008c200000|  0%| F|  |TAMS 0x000000008c100000| PB 0x000000008c100000| Untracked 
| 140|0x000000008c200000, 0x000000008c200000, 0x000000008c300000|  0%| F|  |TAMS 0x000000008c200000| PB 0x000000008c200000| Untracked 
| 141|0x000000008c300000, 0x000000008c300000, 0x000000008c400000|  0%| F|  |TAMS 0x000000008c300000| PB 0x000000008c300000| Untracked 
| 142|0x000000008c400000, 0x000000008c400000, 0x000000008c500000|  0%| F|  |TAMS 0x000000008c400000| PB 0x000000008c400000| Untracked 
| 143|0x000000008c500000, 0x000000008c500000, 0x000000008c600000|  0%| F|  |TAMS 0x000000008c500000| PB 0x000000008c500000| Untracked 
| 144|0x000000008c600000, 0x000000008c600000, 0x000000008c700000|  0%| F|  |TAMS 0x000000008c600000| PB 0x000000008c600000| Untracked 
| 145|0x000000008c700000, 0x000000008c700000, 0x000000008c800000|  0%| F|  |TAMS 0x000000008c700000| PB 0x000000008c700000| Untracked 
| 146|0x000000008c800000, 0x000000008c800000, 0x000000008c900000|  0%| F|  |TAMS 0x000000008c800000| PB 0x000000008c800000| Untracked 
| 147|0x000000008c900000, 0x000000008c900000, 0x000000008ca00000|  0%| F|  |TAMS 0x000000008c900000| PB 0x000000008c900000| Untracked 
| 148|0x000000008ca00000, 0x000000008ca00000, 0x000000008cb00000|  0%| F|  |TAMS 0x000000008ca00000| PB 0x000000008ca00000| Untracked 
| 149|0x000000008cb00000, 0x000000008cb00000, 0x000000008cc00000|  0%| F|  |TAMS 0x000000008cb00000| PB 0x000000008cb00000| Untracked 
| 150|0x000000008cc00000, 0x000000008cc00000, 0x000000008cd00000|  0%| F|  |TAMS 0x000000008cc00000| PB 0x000000008cc00000| Untracked 
| 151|0x000000008cd00000, 0x000000008cd00000, 0x000000008ce00000|  0%| F|  |TAMS 0x000000008cd00000| PB 0x000000008cd00000| Untracked 
| 152|0x000000008ce00000, 0x000000008ce00000, 0x000000008cf00000|  0%| F|  |TAMS 0x000000008ce00000| PB 0x000000008ce00000| Untracked 
| 153|0x000000008cf00000, 0x000000008cf00000, 0x000000008d000000|  0%| F|  |TAMS 0x000000008cf00000| PB 0x000000008cf00000| Untracked 
| 154|0x000000008d000000, 0x000000008d000000, 0x000000008d100000|  0%| F|  |TAMS 0x000000008d000000| PB 0x000000008d000000| Untracked 
| 155|0x000000008d100000, 0x000000008d100000, 0x000000008d200000|  0%| F|  |TAMS 0x000000008d100000| PB 0x000000008d100000| Untracked 
| 156|0x000000008d200000, 0x000000008d200000, 0x000000008d300000|  0%| F|  |TAMS 0x000000008d200000| PB 0x000000008d200000| Untracked 
| 157|0x000000008d300000, 0x000000008d300000, 0x000000008d400000|  0%| F|  |TAMS 0x000000008d300000| PB 0x000000008d300000| Untracked 
| 158|0x000000008d400000, 0x000000008d400000, 0x000000008d500000|  0%| F|  |TAMS 0x000000008d400000| PB 0x000000008d400000| Untracked 
| 159|0x000000008d500000, 0x000000008d500000, 0x000000008d600000|  0%| F|  |TAMS 0x000000008d500000| PB 0x000000008d500000| Untracked 
| 160|0x000000008d600000, 0x000000008d600000, 0x000000008d700000|  0%| F|  |TAMS 0x000000008d600000| PB 0x000000008d600000| Untracked 
| 161|0x000000008d700000, 0x000000008d700000, 0x000000008d800000|  0%| F|  |TAMS 0x000000008d700000| PB 0x000000008d700000| Untracked 
| 162|0x000000008d800000, 0x000000008d800000, 0x000000008d900000|  0%| F|  |TAMS 0x000000008d800000| PB 0x000000008d800000| Untracked 
| 163|0x000000008d900000, 0x000000008d900000, 0x000000008da00000|  0%| F|  |TAMS 0x000000008d900000| PB 0x000000008d900000| Untracked 
| 164|0x000000008da00000, 0x000000008da00000, 0x000000008db00000|  0%| F|  |TAMS 0x000000008da00000| PB 0x000000008da00000| Untracked 
| 165|0x000000008db00000, 0x000000008db00000, 0x000000008dc00000|  0%| F|  |TAMS 0x000000008db00000| PB 0x000000008db00000| Untracked 
| 166|0x000000008dc00000, 0x000000008dc00000, 0x000000008dd00000|  0%| F|  |TAMS 0x000000008dc00000| PB 0x000000008dc00000| Untracked 
| 167|0x000000008dd00000, 0x000000008dd00000, 0x000000008de00000|  0%| F|  |TAMS 0x000000008dd00000| PB 0x000000008dd00000| Untracked 
| 168|0x000000008de00000, 0x000000008de00000, 0x000000008df00000|  0%| F|  |TAMS 0x000000008de00000| PB 0x000000008de00000| Untracked 
| 169|0x000000008df00000, 0x000000008df00000, 0x000000008e000000|  0%| F|  |TAMS 0x000000008df00000| PB 0x000000008df00000| Untracked 
| 170|0x000000008e000000, 0x000000008e000000, 0x000000008e100000|  0%| F|  |TAMS 0x000000008e000000| PB 0x000000008e000000| Untracked 
| 171|0x000000008e100000, 0x000000008e100000, 0x000000008e200000|  0%| F|  |TAMS 0x000000008e100000| PB 0x000000008e100000| Untracked 
| 172|0x000000008e200000, 0x000000008e200000, 0x000000008e300000|  0%| F|  |TAMS 0x000000008e200000| PB 0x000000008e200000| Untracked 
| 173|0x000000008e300000, 0x000000008e300000, 0x000000008e400000|  0%| F|  |TAMS 0x000000008e300000| PB 0x000000008e300000| Untracked 
| 174|0x000000008e400000, 0x000000008e400000, 0x000000008e500000|  0%| F|  |TAMS 0x000000008e400000| PB 0x000000008e400000| Untracked 
| 175|0x000000008e500000, 0x000000008e500000, 0x000000008e600000|  0%| F|  |TAMS 0x000000008e500000| PB 0x000000008e500000| Untracked 
| 176|0x000000008e600000, 0x000000008e600000, 0x000000008e700000|  0%| F|  |TAMS 0x000000008e600000| PB 0x000000008e600000| Untracked 
| 177|0x000000008e700000, 0x000000008e700000, 0x000000008e800000|  0%| F|  |TAMS 0x000000008e700000| PB 0x000000008e700000| Untracked 
| 178|0x000000008e800000, 0x000000008e800000, 0x000000008e900000|  0%| F|  |TAMS 0x000000008e800000| PB 0x000000008e800000| Untracked 
| 179|0x000000008e900000, 0x000000008e900000, 0x000000008ea00000|  0%| F|  |TAMS 0x000000008e900000| PB 0x000000008e900000| Untracked 
| 180|0x000000008ea00000, 0x000000008ea00000, 0x000000008eb00000|  0%| F|  |TAMS 0x000000008ea00000| PB 0x000000008ea00000| Untracked 
| 181|0x000000008eb00000, 0x000000008eb00000, 0x000000008ec00000|  0%| F|  |TAMS 0x000000008eb00000| PB 0x000000008eb00000| Untracked 
| 182|0x000000008ec00000, 0x000000008ec00000, 0x000000008ed00000|  0%| F|  |TAMS 0x000000008ec00000| PB 0x000000008ec00000| Untracked 
| 183|0x000000008ed00000, 0x000000008ed00000, 0x000000008ee00000|  0%| F|  |TAMS 0x000000008ed00000| PB 0x000000008ed00000| Untracked 
| 184|0x000000008ee00000, 0x000000008ee00000, 0x000000008ef00000|  0%| F|  |TAMS 0x000000008ee00000| PB 0x000000008ee00000| Untracked 
| 185|0x000000008ef00000, 0x000000008ef00000, 0x000000008f000000|  0%| F|  |TAMS 0x000000008ef00000| PB 0x000000008ef00000| Untracked 
| 186|0x000000008f000000, 0x000000008f000000, 0x000000008f100000|  0%| F|  |TAMS 0x000000008f000000| PB 0x000000008f000000| Untracked 
| 187|0x000000008f100000, 0x000000008f100000, 0x000000008f200000|  0%| F|  |TAMS 0x000000008f100000| PB 0x000000008f100000| Untracked 
| 188|0x000000008f200000, 0x000000008f200000, 0x000000008f300000|  0%| F|  |TAMS 0x000000008f200000| PB 0x000000008f200000| Untracked 
| 189|0x000000008f300000, 0x000000008f300000, 0x000000008f400000|  0%| F|  |TAMS 0x000000008f300000| PB 0x000000008f300000| Untracked 
| 190|0x000000008f400000, 0x000000008f400000, 0x000000008f500000|  0%| F|  |TAMS 0x000000008f400000| PB 0x000000008f400000| Untracked 
| 191|0x000000008f500000, 0x000000008f500000, 0x000000008f600000|  0%| F|  |TAMS 0x000000008f500000| PB 0x000000008f500000| Untracked 
| 192|0x000000008f600000, 0x000000008f600000, 0x000000008f700000|  0%| F|  |TAMS 0x000000008f600000| PB 0x000000008f600000| Untracked 
| 193|0x000000008f700000, 0x000000008f700000, 0x000000008f800000|  0%| F|  |TAMS 0x000000008f700000| PB 0x000000008f700000| Untracked 
| 194|0x000000008f800000, 0x000000008f800000, 0x000000008f900000|  0%| F|  |TAMS 0x000000008f800000| PB 0x000000008f800000| Untracked 
| 195|0x000000008f900000, 0x000000008f900000, 0x000000008fa00000|  0%| F|  |TAMS 0x000000008f900000| PB 0x000000008f900000| Untracked 
| 196|0x000000008fa00000, 0x000000008fa00000, 0x000000008fb00000|  0%| F|  |TAMS 0x000000008fa00000| PB 0x000000008fa00000| Untracked 
| 197|0x000000008fb00000, 0x000000008fb00000, 0x000000008fc00000|  0%| F|  |TAMS 0x000000008fb00000| PB 0x000000008fb00000| Untracked 
| 198|0x000000008fc00000, 0x000000008fc00000, 0x000000008fd00000|  0%| F|  |TAMS 0x000000008fc00000| PB 0x000000008fc00000| Untracked 
| 199|0x000000008fd00000, 0x000000008fd00000, 0x000000008fe00000|  0%| F|  |TAMS 0x000000008fd00000| PB 0x000000008fd00000| Untracked 
| 200|0x000000008fe00000, 0x000000008fe00000, 0x000000008ff00000|  0%| F|  |TAMS 0x000000008fe00000| PB 0x000000008fe00000| Untracked 
| 201|0x000000008ff00000, 0x000000008ff00000, 0x0000000090000000|  0%| F|  |TAMS 0x000000008ff00000| PB 0x000000008ff00000| Untracked 
| 202|0x0000000090000000, 0x0000000090000000, 0x0000000090100000|  0%| F|  |TAMS 0x0000000090000000| PB 0x0000000090000000| Untracked 
| 203|0x0000000090100000, 0x0000000090100000, 0x0000000090200000|  0%| F|  |TAMS 0x0000000090100000| PB 0x0000000090100000| Untracked 
| 204|0x0000000090200000, 0x0000000090200000, 0x0000000090300000|  0%| F|  |TAMS 0x0000000090200000| PB 0x0000000090200000| Untracked 
| 205|0x0000000090300000, 0x0000000090300000, 0x0000000090400000|  0%| F|  |TAMS 0x0000000090300000| PB 0x0000000090300000| Untracked 
| 206|0x0000000090400000, 0x0000000090400000, 0x0000000090500000|  0%| F|  |TAMS 0x0000000090400000| PB 0x0000000090400000| Untracked 
| 207|0x0000000090500000, 0x0000000090500000, 0x0000000090600000|  0%| F|  |TAMS 0x0000000090500000| PB 0x0000000090500000| Untracked 
| 208|0x0000000090600000, 0x0000000090600000, 0x0000000090700000|  0%| F|  |TAMS 0x0000000090600000| PB 0x0000000090600000| Untracked 
| 209|0x0000000090700000, 0x0000000090700000, 0x0000000090800000|  0%| F|  |TAMS 0x0000000090700000| PB 0x0000000090700000| Untracked 
| 210|0x0000000090800000, 0x0000000090800000, 0x0000000090900000|  0%| F|  |TAMS 0x0000000090800000| PB 0x0000000090800000| Untracked 
| 211|0x0000000090900000, 0x0000000090900000, 0x0000000090a00000|  0%| F|  |TAMS 0x0000000090900000| PB 0x0000000090900000| Untracked 
| 212|0x0000000090a00000, 0x0000000090a00000, 0x0000000090b00000|  0%| F|  |TAMS 0x0000000090a00000| PB 0x0000000090a00000| Untracked 
| 213|0x0000000090b00000, 0x0000000090b00000, 0x0000000090c00000|  0%| F|  |TAMS 0x0000000090b00000| PB 0x0000000090b00000| Untracked 
| 214|0x0000000090c00000, 0x0000000090c00000, 0x0000000090d00000|  0%| F|  |TAMS 0x0000000090c00000| PB 0x0000000090c00000| Untracked 
| 215|0x0000000090d00000, 0x0000000090d00000, 0x0000000090e00000|  0%| F|  |TAMS 0x0000000090d00000| PB 0x0000000090d00000| Untracked 
| 216|0x0000000090e00000, 0x0000000090e00000, 0x0000000090f00000|  0%| F|  |TAMS 0x0000000090e00000| PB 0x0000000090e00000| Untracked 
| 217|0x0000000090f00000, 0x0000000090f00000, 0x0000000091000000|  0%| F|  |TAMS 0x0000000090f00000| PB 0x0000000090f00000| Untracked 
| 218|0x0000000091000000, 0x0000000091000000, 0x0000000091100000|  0%| F|  |TAMS 0x0000000091000000| PB 0x0000000091000000| Untracked 
| 219|0x0000000091100000, 0x0000000091100000, 0x0000000091200000|  0%| F|  |TAMS 0x0000000091100000| PB 0x0000000091100000| Untracked 
| 220|0x0000000091200000, 0x0000000091200000, 0x0000000091300000|  0%| F|  |TAMS 0x0000000091200000| PB 0x0000000091200000| Untracked 
| 221|0x0000000091300000, 0x0000000091300000, 0x0000000091400000|  0%| F|  |TAMS 0x0000000091300000| PB 0x0000000091300000| Untracked 
| 222|0x0000000091400000, 0x0000000091400000, 0x0000000091500000|  0%| F|  |TAMS 0x0000000091400000| PB 0x0000000091400000| Untracked 
| 223|0x0000000091500000, 0x0000000091500000, 0x0000000091600000|  0%| F|  |TAMS 0x0000000091500000| PB 0x0000000091500000| Untracked 
| 224|0x0000000091600000, 0x0000000091600000, 0x0000000091700000|  0%| F|  |TAMS 0x0000000091600000| PB 0x0000000091600000| Untracked 
| 225|0x0000000091700000, 0x0000000091700000, 0x0000000091800000|  0%| F|  |TAMS 0x0000000091700000| PB 0x0000000091700000| Untracked 
| 226|0x0000000091800000, 0x0000000091800000, 0x0000000091900000|  0%| F|  |TAMS 0x0000000091800000| PB 0x0000000091800000| Untracked 
| 227|0x0000000091900000, 0x0000000091900000, 0x0000000091a00000|  0%| F|  |TAMS 0x0000000091900000| PB 0x0000000091900000| Untracked 
| 228|0x0000000091a00000, 0x0000000091a00000, 0x0000000091b00000|  0%| F|  |TAMS 0x0000000091a00000| PB 0x0000000091a00000| Untracked 
| 229|0x0000000091b00000, 0x0000000091b00000, 0x0000000091c00000|  0%| F|  |TAMS 0x0000000091b00000| PB 0x0000000091b00000| Untracked 
| 230|0x0000000091c00000, 0x0000000091c00000, 0x0000000091d00000|  0%| F|  |TAMS 0x0000000091c00000| PB 0x0000000091c00000| Untracked 
| 231|0x0000000091d00000, 0x0000000091d00000, 0x0000000091e00000|  0%| F|  |TAMS 0x0000000091d00000| PB 0x0000000091d00000| Untracked 
| 232|0x0000000091e00000, 0x0000000091e00000, 0x0000000091f00000|  0%| F|  |TAMS 0x0000000091e00000| PB 0x0000000091e00000| Untracked 
| 233|0x0000000091f00000, 0x0000000091f00000, 0x0000000092000000|  0%| F|  |TAMS 0x0000000091f00000| PB 0x0000000091f00000| Untracked 
| 234|0x0000000092000000, 0x0000000092000000, 0x0000000092100000|  0%| F|  |TAMS 0x0000000092000000| PB 0x0000000092000000| Untracked 
| 235|0x0000000092100000, 0x0000000092100000, 0x0000000092200000|  0%| F|  |TAMS 0x0000000092100000| PB 0x0000000092100000| Untracked 
| 236|0x0000000092200000, 0x0000000092200000, 0x0000000092300000|  0%| F|  |TAMS 0x0000000092200000| PB 0x0000000092200000| Untracked 
| 237|0x0000000092300000, 0x0000000092300000, 0x0000000092400000|  0%| F|  |TAMS 0x0000000092300000| PB 0x0000000092300000| Untracked 
| 238|0x0000000092400000, 0x0000000092400000, 0x0000000092500000|  0%| F|  |TAMS 0x0000000092400000| PB 0x0000000092400000| Untracked 
| 239|0x0000000092500000, 0x0000000092500000, 0x0000000092600000|  0%| F|  |TAMS 0x0000000092500000| PB 0x0000000092500000| Untracked 
| 240|0x0000000092600000, 0x0000000092600000, 0x0000000092700000|  0%| F|  |TAMS 0x0000000092600000| PB 0x0000000092600000| Untracked 
| 241|0x0000000092700000, 0x0000000092700000, 0x0000000092800000|  0%| F|  |TAMS 0x0000000092700000| PB 0x0000000092700000| Untracked 
| 242|0x0000000092800000, 0x0000000092800000, 0x0000000092900000|  0%| F|  |TAMS 0x0000000092800000| PB 0x0000000092800000| Untracked 
| 243|0x0000000092900000, 0x0000000092900000, 0x0000000092a00000|  0%| F|  |TAMS 0x0000000092900000| PB 0x0000000092900000| Untracked 
| 244|0x0000000092a00000, 0x0000000092a00000, 0x0000000092b00000|  0%| F|  |TAMS 0x0000000092a00000| PB 0x0000000092a00000| Untracked 
| 245|0x0000000092b00000, 0x0000000092b00000, 0x0000000092c00000|  0%| F|  |TAMS 0x0000000092b00000| PB 0x0000000092b00000| Untracked 
| 246|0x0000000092c00000, 0x0000000092c00000, 0x0000000092d00000|  0%| F|  |TAMS 0x0000000092c00000| PB 0x0000000092c00000| Untracked 
| 247|0x0000000092d00000, 0x0000000092d00000, 0x0000000092e00000|  0%| F|  |TAMS 0x0000000092d00000| PB 0x0000000092d00000| Untracked 
| 248|0x0000000092e00000, 0x0000000092e00000, 0x0000000092f00000|  0%| F|  |TAMS 0x0000000092e00000| PB 0x0000000092e00000| Untracked 
| 249|0x0000000092f00000, 0x0000000092f00000, 0x0000000093000000|  0%| F|  |TAMS 0x0000000092f00000| PB 0x0000000092f00000| Untracked 
| 250|0x0000000093000000, 0x0000000093000000, 0x0000000093100000|  0%| F|  |TAMS 0x0000000093000000| PB 0x0000000093000000| Untracked 
| 251|0x0000000093100000, 0x0000000093100000, 0x0000000093200000|  0%| F|  |TAMS 0x0000000093100000| PB 0x0000000093100000| Untracked 
| 252|0x0000000093200000, 0x0000000093200000, 0x0000000093300000|  0%| F|  |TAMS 0x0000000093200000| PB 0x0000000093200000| Untracked 
| 253|0x0000000093300000, 0x0000000093300000, 0x0000000093400000|  0%| F|  |TAMS 0x0000000093300000| PB 0x0000000093300000| Untracked 
| 254|0x0000000093400000, 0x0000000093400000, 0x0000000093500000|  0%| F|  |TAMS 0x0000000093400000| PB 0x0000000093400000| Untracked 
| 255|0x0000000093500000, 0x0000000093500000, 0x0000000093600000|  0%| F|  |TAMS 0x0000000093500000| PB 0x0000000093500000| Untracked 
| 256|0x0000000093600000, 0x0000000093600000, 0x0000000093700000|  0%| F|  |TAMS 0x0000000093600000| PB 0x0000000093600000| Untracked 
| 257|0x0000000093700000, 0x0000000093700000, 0x0000000093800000|  0%| F|  |TAMS 0x0000000093700000| PB 0x0000000093700000| Untracked 
| 258|0x0000000093800000, 0x0000000093800000, 0x0000000093900000|  0%| F|  |TAMS 0x0000000093800000| PB 0x0000000093800000| Untracked 
| 259|0x0000000093900000, 0x0000000093900000, 0x0000000093a00000|  0%| F|  |TAMS 0x0000000093900000| PB 0x0000000093900000| Untracked 
| 260|0x0000000093a00000, 0x0000000093a00000, 0x0000000093b00000|  0%| F|  |TAMS 0x0000000093a00000| PB 0x0000000093a00000| Untracked 
| 261|0x0000000093b00000, 0x0000000093b00000, 0x0000000093c00000|  0%| F|  |TAMS 0x0000000093b00000| PB 0x0000000093b00000| Untracked 
| 262|0x0000000093c00000, 0x0000000093c00000, 0x0000000093d00000|  0%| F|  |TAMS 0x0000000093c00000| PB 0x0000000093c00000| Untracked 
| 263|0x0000000093d00000, 0x0000000093d00000, 0x0000000093e00000|  0%| F|  |TAMS 0x0000000093d00000| PB 0x0000000093d00000| Untracked 
| 264|0x0000000093e00000, 0x0000000093e00000, 0x0000000093f00000|  0%| F|  |TAMS 0x0000000093e00000| PB 0x0000000093e00000| Untracked 
| 265|0x0000000093f00000, 0x0000000093f00000, 0x0000000094000000|  0%| F|  |TAMS 0x0000000093f00000| PB 0x0000000093f00000| Untracked 
| 266|0x0000000094000000, 0x0000000094000000, 0x0000000094100000|  0%| F|  |TAMS 0x0000000094000000| PB 0x0000000094000000| Untracked 
| 267|0x0000000094100000, 0x0000000094100000, 0x0000000094200000|  0%| F|  |TAMS 0x0000000094100000| PB 0x0000000094100000| Untracked 
| 268|0x0000000094200000, 0x0000000094200000, 0x0000000094300000|  0%| F|  |TAMS 0x0000000094200000| PB 0x0000000094200000| Untracked 
| 269|0x0000000094300000, 0x0000000094300000, 0x0000000094400000|  0%| F|  |TAMS 0x0000000094300000| PB 0x0000000094300000| Untracked 
| 270|0x0000000094400000, 0x0000000094400000, 0x0000000094500000|  0%| F|  |TAMS 0x0000000094400000| PB 0x0000000094400000| Untracked 
| 271|0x0000000094500000, 0x0000000094500000, 0x0000000094600000|  0%| F|  |TAMS 0x0000000094500000| PB 0x0000000094500000| Untracked 
|1991|0x00000000ffd00000, 0x00000000ffe00000, 0x00000000ffe00000|100%| O|  |TAMS 0x00000000ffd00000| PB 0x00000000ffd00000| Untracked 
|1992|0x00000000ffe00000, 0x00000000fff00000, 0x00000000fff00000|100%| O|  |TAMS 0x00000000ffe00000| PB 0x00000000ffe00000| Untracked 
|1993|0x00000000fff00000, 0x0000000100000000, 0x0000000100000000|100%| O|  |TAMS 0x00000000fff00000| PB 0x00000000fff00000| Untracked 

Card table byte_map: [0x0000024cca550000,0x0000024cca940000] _byte_map_base: 0x0000024cca135000

Marking Bits: (CMBitMap*) 0x0000024cb20698f0
 Bits: [0x0000024cca940000, 0x0000024ccc868000)

Polling page: 0x0000024cb07d0000

Metaspace:

Usage:
  Non-class:     30.18 MB used.
      Class:      3.97 MB used.
       Both:     34.15 MB used.

Virtual space:
  Non-class space:       64.00 MB reserved,      30.38 MB ( 47%) committed,  1 nodes.
      Class space:        1.00 GB reserved,       4.12 MB ( <1%) committed,  1 nodes.
             Both:        1.06 GB reserved,      34.50 MB (  3%) committed. 

Chunk freelists:
   Non-Class:  1.30 MB
       Class:  11.83 MB
        Both:  13.12 MB

MaxMetaspaceSize: unlimited
CompressedClassSpaceSize: 1.00 GB
Initial GC threshold: 21.00 MB
Current GC threshold: 35.62 MB
CDS: on
 - commit_granule_bytes: 65536.
 - commit_granule_words: 8192.
 - virtual_space_node_default_size: 8388608.
 - enlarge_chunks_in_place: 1.
 - use_allocation_guard: 0.


Internal statistics:

num_allocs_failed_limit: 6.
num_arena_births: 276.
num_arena_deaths: 0.
num_vsnodes_births: 2.
num_vsnodes_deaths: 0.
num_space_committed: 552.
num_space_uncommitted: 0.
num_chunks_returned_to_freelist: 6.
num_chunks_taken_from_freelist: 1386.
num_chunk_merges: 3.
num_chunk_splits: 1001.
num_chunks_enlarged: 831.
num_inconsistent_stats: 0.

CodeHeap 'non-profiled nmethods': size=120000Kb used=6966Kb max_used=6966Kb free=113033Kb
 bounds [0x0000024cc21d0000, 0x0000024cc28a0000, 0x0000024cc9700000]
CodeHeap 'profiled nmethods': size=120000Kb used=21775Kb max_used=21775Kb free=98224Kb
 bounds [0x0000024cba700000, 0x0000024cbbc50000, 0x0000024cc1c30000]
CodeHeap 'non-nmethods': size=5760Kb used=1644Kb max_used=1720Kb free=4115Kb
 bounds [0x0000024cc1c30000, 0x0000024cc1ea0000, 0x0000024cc21d0000]
 total_blobs=9969 nmethods=9407 adapters=466
 compilation: enabled
              stopped_count=0, restarted_count=0
 full_count=0

Compilation events (20 events):
Event: 10.581 Thread 0x0000024ccf4e8f30 9408       3       com.puppycrawl.tools.checkstyle.grammar.javadoc.JavadocLexer::sempred (1134 bytes)
Event: 10.582 Thread 0x0000024ccf4e84a0 nmethod 9406 0x0000024cc289c990 code [0x0000024cc289cbe0, 0x0000024cc289d518]
Event: 10.583 Thread 0x0000024ccf4e84a0 9410       4       com.puppycrawl.tools.checkstyle.checks.indentation.CommentsIndentationCheck::getOneLinePreviousStatement (133 bytes)
Event: 10.586 Thread 0x0000024ccf4e8f30 nmethod 9408 0x0000024cbbc39b90 code [0x0000024cbbc3a320, 0x0000024cbbc3f548]
Event: 10.586 Thread 0x0000024ccf4e8f30 9409       3       org.antlr.v4.runtime.BaseErrorListener::<init> (5 bytes)
Event: 10.586 Thread 0x0000024ccf4e8f30 nmethod 9409 0x0000024cbbc3ff10 code [0x0000024cbbc400c0, 0x0000024cbbc40228]
Event: 10.586 Thread 0x0000024ccf4e8f30 9411       3       org.antlr.v4.runtime.CharStreams::fromString (7 bytes)
Event: 10.587 Thread 0x0000024ccf4e8f30 nmethod 9411 0x0000024cbbc40310 code [0x0000024cbbc404c0, 0x0000024cbbc405e8]
Event: 10.587 Thread 0x0000024ccf4e8f30 9412       3       org.antlr.v4.runtime.BufferedTokenStream::setup (16 bytes)
Event: 10.587 Thread 0x0000024ccf4e8f30 nmethod 9412 0x0000024cbbc40690 code [0x0000024cbbc40840, 0x0000024cbbc40ae8]
Event: 10.603 Thread 0x0000024ccf4e8f30 9414       3       com.puppycrawl.tools.checkstyle.grammar.java.JavaLanguageParser$TypeArgumentsOrDiamondContext::<init> (7 bytes)
Event: 10.604 Thread 0x0000024ccf4e8f30 nmethod 9414 0x0000024cbbc40b90 code [0x0000024cbbc40d40, 0x0000024cbbc40fc8]
Event: 10.604 Thread 0x0000024ccf4e8f30 9415       3       com.puppycrawl.tools.checkstyle.grammar.java.JavaLanguageParser$DiamondContext::<init> (10 bytes)
Event: 10.604 Thread 0x0000024ccf4e8f30 nmethod 9415 0x0000024cbbc41110 code [0x0000024cbbc412e0, 0x0000024cbbc41680]
Event: 10.605 Thread 0x0000024ccf4e8f30 9416   !   3       com.puppycrawl.tools.checkstyle.grammar.java.JavaLanguageParser::arguments (225 bytes)
Event: 10.606 Thread 0x0000024ccf4e8f30 nmethod 9416 0x0000024cbbc41810 code [0x0000024cbbc41ae0, 0x0000024cbbc42c00]
Event: 10.606 Thread 0x0000024ccf4e8f30 9417       3       com.puppycrawl.tools.checkstyle.grammar.java.JavaLanguageParser$ArgumentsContext::<init> (7 bytes)
Event: 10.607 Thread 0x0000024ccf4e8f30 nmethod 9417 0x0000024cbbc43290 code [0x0000024cbbc43440, 0x0000024cbbc436c8]
Event: 10.607 Thread 0x0000024ccf4e8f30 9419       3       org.antlr.v4.runtime.atn.SemanticContext$Predicate::<init> (20 bytes)
Event: 10.607 Thread 0x0000024ccf4e8f30 nmethod 9419 0x0000024cbbc43810 code [0x0000024cbbc439c0, 0x0000024cbbc43b98]

GC Heap History (20 events):
Event: 7.415 GC heap after
{Heap after GC invocations=12 (full 0):
 garbage-first heap   total 138240K, used 47206K [0x0000000083600000, 0x0000000100000000)
  region size 1024K, 8 young (8192K), 8 survivors (8192K)
 Metaspace       used 33958K, committed 34304K, reserved 1114112K
  class space    used 4010K, committed 4160K, reserved 1048576K
}
Event: 7.605 GC heap before
{Heap before GC invocations=12 (full 0):
 garbage-first heap   total 138240K, used 120934K [0x0000000083600000, 0x0000000100000000)
  region size 1024K, 80 young (81920K), 8 survivors (8192K)
 Metaspace       used 34013K, committed 34368K, reserved 1114112K
  class space    used 4011K, committed 4160K, reserved 1048576K
}
Event: 7.618 GC heap after
{Heap after GC invocations=13 (full 0):
 garbage-first heap   total 138240K, used 51026K [0x0000000083600000, 0x0000000100000000)
  region size 1024K, 8 young (8192K), 8 survivors (8192K)
 Metaspace       used 34013K, committed 34368K, reserved 1114112K
  class space    used 4011K, committed 4160K, reserved 1048576K
}
Event: 7.868 GC heap before
{Heap before GC invocations=13 (full 0):
 garbage-first heap   total 138240K, used 120658K [0x0000000083600000, 0x0000000100000000)
  region size 1024K, 76 young (77824K), 8 survivors (8192K)
 Metaspace       used 34093K, committed 34432K, reserved 1114112K
  class space    used 4013K, committed 4160K, reserved 1048576K
}
Event: 7.881 GC heap after
{Heap after GC invocations=14 (full 0):
 garbage-first heap   total 201728K, used 54597K [0x0000000083600000, 0x0000000100000000)
  region size 1024K, 8 young (8192K), 8 survivors (8192K)
 Metaspace       used 34093K, committed 34432K, reserved 1114112K
  class space    used 4013K, committed 4160K, reserved 1048576K
}
Event: 8.264 GC heap before
{Heap before GC invocations=14 (full 0):
 garbage-first heap   total 201728K, used 167237K [0x0000000083600000, 0x0000000100000000)
  region size 1024K, 118 young (120832K), 8 survivors (8192K)
 Metaspace       used 34205K, committed 34496K, reserved 1114112K
  class space    used 4013K, committed 4160K, reserved 1048576K
}
Event: 8.275 GC heap after
{Heap after GC invocations=15 (full 0):
 garbage-first heap   total 201728K, used 58613K [0x0000000083600000, 0x0000000100000000)
  region size 1024K, 12 young (12288K), 12 survivors (12288K)
 Metaspace       used 34205K, committed 34496K, reserved 1114112K
  class space    used 4013K, committed 4160K, reserved 1048576K
}
Event: 8.531 GC heap before
{Heap before GC invocations=15 (full 0):
 garbage-first heap   total 201728K, used 168181K [0x0000000083600000, 0x0000000100000000)
  region size 1024K, 118 young (120832K), 12 survivors (12288K)
 Metaspace       used 34299K, committed 34688K, reserved 1114112K
  class space    used 4013K, committed 4160K, reserved 1048576K
}
Event: 8.546 GC heap after
{Heap after GC invocations=16 (full 0):
 garbage-first heap   total 201728K, used 62271K [0x0000000083600000, 0x0000000100000000)
  region size 1024K, 11 young (11264K), 11 survivors (11264K)
 Metaspace       used 34299K, committed 34688K, reserved 1114112K
  class space    used 4013K, committed 4160K, reserved 1048576K
}
Event: 8.818 GC heap before
{Heap before GC invocations=16 (full 0):
 garbage-first heap   total 201728K, used 172863K [0x0000000083600000, 0x0000000100000000)
  region size 1024K, 118 young (120832K), 11 survivors (11264K)
 Metaspace       used 34407K, committed 34752K, reserved 1114112K
  class space    used 4014K, committed 4160K, reserved 1048576K
}
Event: 8.833 GC heap after
{Heap after GC invocations=17 (full 0):
 garbage-first heap   total 201728K, used 67466K [0x0000000083600000, 0x0000000100000000)
  region size 1024K, 12 young (12288K), 12 survivors (12288K)
 Metaspace       used 34407K, committed 34752K, reserved 1114112K
  class space    used 4014K, committed 4160K, reserved 1048576K
}
Event: 9.054 GC heap before
{Heap before GC invocations=17 (full 0):
 garbage-first heap   total 201728K, used 176010K [0x0000000083600000, 0x0000000100000000)
  region size 1024K, 118 young (120832K), 12 survivors (12288K)
 Metaspace       used 34429K, committed 34752K, reserved 1114112K
  class space    used 4015K, committed 4160K, reserved 1048576K
}
Event: 9.083 GC heap after
{Heap after GC invocations=18 (full 0):
 garbage-first heap   total 281600K, used 72927K [0x0000000083600000, 0x0000000100000000)
  region size 1024K, 13 young (13312K), 13 survivors (13312K)
 Metaspace       used 34429K, committed 34752K, reserved 1114112K
  class space    used 4015K, committed 4160K, reserved 1048576K
}
Event: 9.633 GC heap before
{Heap before GC invocations=18 (full 0):
 garbage-first heap   total 281600K, used 230623K [0x0000000083600000, 0x0000000100000000)
  region size 1024K, 165 young (168960K), 13 survivors (13312K)
 Metaspace       used 34826K, committed 35200K, reserved 1114112K
  class space    used 4052K, committed 4224K, reserved 1048576K
}
Event: 9.646 GC heap after
{Heap after GC invocations=19 (full 0):
 garbage-first heap   total 281600K, used 78052K [0x0000000083600000, 0x0000000100000000)
  region size 1024K, 14 young (14336K), 14 survivors (14336K)
 Metaspace       used 34826K, committed 35200K, reserved 1114112K
  class space    used 4052K, committed 4224K, reserved 1048576K
}
Event: 9.987 GC heap before
{Heap before GC invocations=19 (full 0):
 garbage-first heap   total 281600K, used 232676K [0x0000000083600000, 0x0000000100000000)
  region size 1024K, 165 young (168960K), 14 survivors (14336K)
 Metaspace       used 34874K, committed 35264K, reserved 1114112K
  class space    used 4052K, committed 4224K, reserved 1048576K
}
Event: 9.998 GC heap after
{Heap after GC invocations=20 (full 0):
 garbage-first heap   total 281600K, used 82600K [0x0000000083600000, 0x0000000100000000)
  region size 1024K, 15 young (15360K), 15 survivors (15360K)
 Metaspace       used 34874K, committed 35264K, reserved 1114112K
  class space    used 4052K, committed 4224K, reserved 1048576K
}
Event: 10.281 GC heap before
{Heap before GC invocations=20 (full 0):
 garbage-first heap   total 281600K, used 238248K [0x0000000083600000, 0x0000000100000000)
  region size 1024K, 165 young (168960K), 15 survivors (15360K)
 Metaspace       used 34885K, committed 35264K, reserved 1114112K
  class space    used 4052K, committed 4224K, reserved 1048576K
}
Event: 10.297 GC heap after
{Heap after GC invocations=21 (full 0):
 garbage-first heap   total 281600K, used 93586K [0x0000000083600000, 0x0000000100000000)
  region size 1024K, 18 young (18432K), 18 survivors (18432K)
 Metaspace       used 34885K, committed 35264K, reserved 1114112K
  class space    used 4052K, committed 4224K, reserved 1048576K
}
Event: 10.610 GC heap before
{Heap before GC invocations=21 (full 0):
 garbage-first heap   total 281600K, used 248210K [0x0000000083600000, 0x0000000100000000)
  region size 1024K, 165 young (168960K), 18 survivors (18432K)
 Metaspace       used 34966K, committed 35328K, reserved 1114112K
  class space    used 4067K, committed 4224K, reserved 1048576K
}

Dll operation events (8 events):
Event: 0.006 Loaded shared library C:\Users\hama\.jdks\corretto-21.0.5\bin\java.dll
Event: 0.031 Loaded shared library C:\Users\hama\.jdks\corretto-21.0.5\bin\jsvml.dll
Event: 0.043 Loaded shared library C:\Users\hama\.jdks\corretto-21.0.5\bin\net.dll
Event: 0.045 Loaded shared library C:\Users\hama\.jdks\corretto-21.0.5\bin\nio.dll
Event: 0.047 Loaded shared library C:\Users\hama\.jdks\corretto-21.0.5\bin\zip.dll
Event: 0.136 Loaded shared library C:\Users\hama\.jdks\corretto-21.0.5\bin\jimage.dll
Event: 0.138 Loaded shared library C:\Users\hama\AppData\Roaming\Windsurf\User\globalStorage\pleiades.java-extension-pack-jdk\maven\latest\lib\jansi-native\Windows\x86_64\jansi.dll
Event: 0.149 Loaded shared library C:\Users\hama\.jdks\corretto-21.0.5\bin\verify.dll

Deoptimization events (20 events):
Event: 10.505 Thread 0x0000024cb2015780 Uncommon trap: trap_request=0xffffffde fr.pc=0x0000024cc2864cd0 relative=0x0000000000000210
Event: 10.505 Thread 0x0000024cb2015780 Uncommon trap: reason=class_check action=maybe_recompile pc=0x0000024cc2864cd0 method=org.antlr.v4.runtime.ProxyErrorListener.reportAttemptingFullContext(Lorg/antlr/v4/runtime/Parser;Lorg/antlr/v4/runtime/dfa/DFA;IILjava/util/BitSet;Lorg/antlr/v4/runtime/
Event: 10.505 Thread 0x0000024cb2015780 DEOPT PACKING pc=0x0000024cc2864cd0 sp=0x000000beda1fdac0
Event: 10.505 Thread 0x0000024cb2015780 DEOPT UNPACKING pc=0x0000024cc1c87da2 sp=0x000000beda1fda38 mode 2
Event: 10.506 Thread 0x0000024cb2015780 DEOPT PACKING pc=0x0000024cbbc1c33e sp=0x000000beda1fdf50
Event: 10.506 Thread 0x0000024cb2015780 DEOPT UNPACKING pc=0x0000024cc1c888e2 sp=0x000000beda1fd438 mode 0
Event: 10.507 Thread 0x0000024cb2015780 Uncommon trap: trap_request=0xffffffde fr.pc=0x0000024cc286926c relative=0x00000000000024ac
Event: 10.507 Thread 0x0000024cb2015780 Uncommon trap: reason=class_check action=maybe_recompile pc=0x0000024cc286926c method=org.antlr.v4.runtime.ProxyErrorListener.reportContextSensitivity(Lorg/antlr/v4/runtime/Parser;Lorg/antlr/v4/runtime/dfa/DFA;IIILorg/antlr/v4/runtime/atn/ATNConfigSet;)V 
Event: 10.507 Thread 0x0000024cb2015780 DEOPT PACKING pc=0x0000024cc286926c sp=0x000000beda1fdb30
Event: 10.507 Thread 0x0000024cb2015780 DEOPT UNPACKING pc=0x0000024cc1c87da2 sp=0x000000beda1fd9c0 mode 2
Event: 10.508 Thread 0x0000024cb2015780 Uncommon trap: trap_request=0xffffffde fr.pc=0x0000024cc286926c relative=0x00000000000024ac
Event: 10.508 Thread 0x0000024cb2015780 Uncommon trap: reason=class_check action=maybe_recompile pc=0x0000024cc286926c method=org.antlr.v4.runtime.ProxyErrorListener.reportContextSensitivity(Lorg/antlr/v4/runtime/Parser;Lorg/antlr/v4/runtime/dfa/DFA;IIILorg/antlr/v4/runtime/atn/ATNConfigSet;)V 
Event: 10.508 Thread 0x0000024cb2015780 DEOPT PACKING pc=0x0000024cc286926c sp=0x000000beda1fdb30
Event: 10.508 Thread 0x0000024cb2015780 DEOPT UNPACKING pc=0x0000024cc1c87da2 sp=0x000000beda1fd9c0 mode 2
Event: 10.541 Thread 0x0000024cb2015780 DEOPT PACKING pc=0x0000024cbbc1c3f7 sp=0x000000beda1fdf50
Event: 10.541 Thread 0x0000024cb2015780 DEOPT UNPACKING pc=0x0000024cc1c888e2 sp=0x000000beda1fd440 mode 0
Event: 10.542 Thread 0x0000024cb2015780 DEOPT PACKING pc=0x0000024cbbc1c3f7 sp=0x000000beda1fdf50
Event: 10.542 Thread 0x0000024cb2015780 DEOPT UNPACKING pc=0x0000024cc1c888e2 sp=0x000000beda1fd440 mode 0
Event: 10.582 Thread 0x0000024cb2015780 DEOPT PACKING pc=0x0000024cbbc1c3f7 sp=0x000000beda1fdf50
Event: 10.582 Thread 0x0000024cb2015780 DEOPT UNPACKING pc=0x0000024cc1c888e2 sp=0x000000beda1fd440 mode 0

Classes loaded (20 events):
Event: 6.528 Loading class java/text/ChoiceFormat
Event: 6.528 Loading class java/text/ChoiceFormat done
Event: 6.529 Loading class java/nio/HeapIntBuffer
Event: 6.529 Loading class java/nio/HeapIntBuffer done
Event: 6.738 Loading class java/lang/StringUTF16$CodePointsSpliterator
Event: 6.739 Loading class java/lang/StringUTF16$CodePointsSpliterator done
Event: 6.739 Loading class java/util/stream/Nodes$IntSpinedNodeBuilder
Event: 6.739 Loading class java/util/stream/SpinedBuffer$OfInt
Event: 6.739 Loading class java/util/stream/SpinedBuffer$OfPrimitive
Event: 6.739 Loading class java/util/stream/AbstractSpinedBuffer
Event: 6.739 Loading class java/util/stream/AbstractSpinedBuffer done
Event: 6.739 Loading class java/util/stream/SpinedBuffer$OfPrimitive done
Event: 6.739 Loading class java/util/stream/SpinedBuffer$OfInt done
Event: 6.739 Loading class java/util/stream/Nodes$IntSpinedNodeBuilder done
Event: 6.870 Loading class java/util/concurrent/ConcurrentLinkedQueue$Itr
Event: 6.870 Loading class java/util/concurrent/ConcurrentLinkedQueue$Itr done
Event: 8.700 Loading class java/lang/CharacterData01
Event: 8.701 Loading class java/lang/CharacterData01 done
Event: 9.466 Loading class java/text/NumberFormat$Style
Event: 9.466 Loading class java/text/NumberFormat$Style done

Classes unloaded (0 events):
No events

Classes redefined (0 events):
No events

Internal exceptions (20 events):
Event: 5.851 Thread 0x0000024cb2015780 Exception <a 'java/lang/ClassNotFoundException'{0x000000008b313270}: com/puppycrawl/tools/checkstyle/checks/javadoc/AtclauseOrderCheckBeanInfo> (0x000000008b313270) 
thrown [s\src\hotspot\share\classfile\systemDictionary.cpp, line 312]
Event: 5.851 Thread 0x0000024cb2015780 Exception <a 'java/lang/ClassNotFoundException'{0x000000008b319e80}: com/puppycrawl/tools/checkstyle/checks/javadoc/AtclauseOrderCheckCustomizer> (0x000000008b319e80) 
thrown [s\src\hotspot\share\classfile\systemDictionary.cpp, line 312]
Event: 5.855 Thread 0x0000024cb2015780 Exception <a 'java/lang/ClassNotFoundException'{0x000000008b3e3158}: com/puppycrawl/tools/checkstyle/checks/javadoc/JavadocMethodCheckBeanInfo> (0x000000008b3e3158) 
thrown [s\src\hotspot\share\classfile\systemDictionary.cpp, line 312]
Event: 5.856 Thread 0x0000024cb2015780 Exception <a 'java/lang/ClassNotFoundException'{0x000000008b3e9d68}: com/puppycrawl/tools/checkstyle/checks/javadoc/JavadocMethodCheckCustomizer> (0x000000008b3e9d68) 
thrown [s\src\hotspot\share\classfile\systemDictionary.cpp, line 312]
Event: 5.860 Thread 0x0000024cb2015780 Exception <a 'java/lang/ClassNotFoundException'{0x0000000089e01bd0}: com/puppycrawl/tools/checkstyle/checks/javadoc/MissingJavadocMethodCheckBeanInfo> (0x0000000089e01bd0) 
thrown [s\src\hotspot\share\classfile\systemDictionary.cpp, line 312]
Event: 5.860 Thread 0x0000024cb2015780 Exception <a 'java/lang/ClassNotFoundException'{0x0000000089e08888}: com/puppycrawl/tools/checkstyle/checks/javadoc/MissingJavadocMethodCheckCustomizer> (0x0000000089e08888) 
thrown [s\src\hotspot\share\classfile\systemDictionary.cpp, line 312]
Event: 5.864 Thread 0x0000024cb2015780 Exception <a 'java/lang/ClassNotFoundException'{0x0000000089d03e60}: com/puppycrawl/tools/checkstyle/checks/javadoc/MissingJavadocTypeCheckBeanInfo> (0x0000000089d03e60) 
thrown [s\src\hotspot\share\classfile\systemDictionary.cpp, line 312]
Event: 5.864 Thread 0x0000024cb2015780 Exception <a 'java/lang/ClassNotFoundException'{0x0000000089d0aac0}: com/puppycrawl/tools/checkstyle/checks/javadoc/MissingJavadocTypeCheckCustomizer> (0x0000000089d0aac0) 
thrown [s\src\hotspot\share\classfile\systemDictionary.cpp, line 312]
Event: 5.867 Thread 0x0000024cb2015780 Exception <a 'java/lang/ClassNotFoundException'{0x0000000089dd3b08}: com/puppycrawl/tools/checkstyle/checks/naming/MethodNameCheckBeanInfo> (0x0000000089dd3b08) 
thrown [s\src\hotspot\share\classfile\systemDictionary.cpp, line 312]
Event: 5.867 Thread 0x0000024cb2015780 Exception <a 'java/lang/ClassNotFoundException'{0x0000000089dda690}: com/puppycrawl/tools/checkstyle/checks/naming/MethodNameCheckCustomizer> (0x0000000089dda690) 
thrown [s\src\hotspot\share\classfile\systemDictionary.cpp, line 312]
Event: 5.870 Thread 0x0000024cb2015780 Exception <a 'java/lang/ClassNotFoundException'{0x0000000089c61068}: com/puppycrawl/tools/checkstyle/checks/javadoc/SingleLineJavadocCheckBeanInfo> (0x0000000089c61068) 
thrown [s\src\hotspot\share\classfile\systemDictionary.cpp, line 312]
Event: 5.870 Thread 0x0000024cb2015780 Exception <a 'java/lang/ClassNotFoundException'{0x0000000089c67cc8}: com/puppycrawl/tools/checkstyle/checks/javadoc/SingleLineJavadocCheckCustomizer> (0x0000000089c67cc8) 
thrown [s\src\hotspot\share\classfile\systemDictionary.cpp, line 312]
Event: 5.872 Thread 0x0000024cb2015780 Exception <a 'java/lang/ClassNotFoundException'{0x0000000089cc63d0}: com/puppycrawl/tools/checkstyle/checks/blocks/EmptyCatchBlockCheckBeanInfo> (0x0000000089cc63d0) 
thrown [s\src\hotspot\share\classfile\systemDictionary.cpp, line 312]
Event: 5.873 Thread 0x0000024cb2015780 Exception <a 'java/lang/ClassNotFoundException'{0x0000000089cccfe0}: com/puppycrawl/tools/checkstyle/checks/blocks/EmptyCatchBlockCheckCustomizer> (0x0000000089cccfe0) 
thrown [s\src\hotspot\share\classfile\systemDictionary.cpp, line 312]
Event: 5.877 Thread 0x0000024cb2015780 Exception <a 'java/lang/ClassNotFoundException'{0x0000000089b5aa48}: com/puppycrawl/tools/checkstyle/checks/indentation/CommentsIndentationCheckBeanInfo> (0x0000000089b5aa48) 
thrown [s\src\hotspot\share\classfile\systemDictionary.cpp, line 312]
Event: 5.877 Thread 0x0000024cb2015780 Exception <a 'java/lang/ClassNotFoundException'{0x0000000089b61808}: com/puppycrawl/tools/checkstyle/checks/indentation/CommentsIndentationCheckCustomizer> (0x0000000089b61808) 
thrown [s\src\hotspot\share\classfile\systemDictionary.cpp, line 312]
Event: 5.880 Thread 0x0000024cb2015780 Exception <a 'java/lang/ClassNotFoundException'{0x0000000089be39d8}: com/puppycrawl/tools/checkstyle/filters/SuppressionXpathFilterBeanInfo> (0x0000000089be39d8) 
thrown [s\src\hotspot\share\classfile\systemDictionary.cpp, line 312]
Event: 5.880 Thread 0x0000024cb2015780 Exception <a 'java/lang/ClassNotFoundException'{0x0000000089bea488}: com/puppycrawl/tools/checkstyle/filters/SuppressionXpathFilterCustomizer> (0x0000000089bea488) 
thrown [s\src\hotspot\share\classfile\systemDictionary.cpp, line 312]
Event: 5.890 Thread 0x0000024cb2015780 Exception <a 'java/lang/NoSuchMethodError'{0x0000000089a70138}: static [Ljava/lang/StackTraceElement;.<clinit>()V> (0x0000000089a70138) 
thrown [s\src\hotspot\share\prims\jni.cpp, line 1111]
Event: 6.322 Thread 0x0000024cb2015780 Exception <a 'java/lang/NoSuchMethodError'{0x0000000088af9c98}: 'java.lang.Object java.lang.invoke.DirectMethodHandle$Holder.invokeStatic(java.lang.Object, int, java.lang.Object)'> (0x0000000088af9c98) 
thrown [s\src\hotspot\share\interpreter\linkResolver.cpp, line 773]

ZGC Phase Switch (0 events):
No events

VM Operations (20 events):
Event: 7.618 Executing VM operation: G1CollectForAllocation (G1 Evacuation Pause) done
Event: 7.868 Executing VM operation: G1CollectForAllocation (G1 Evacuation Pause)
Event: 7.881 Executing VM operation: G1CollectForAllocation (G1 Evacuation Pause) done
Event: 8.264 Executing VM operation: G1CollectForAllocation (G1 Evacuation Pause)
Event: 8.275 Executing VM operation: G1CollectForAllocation (G1 Evacuation Pause) done
Event: 8.531 Executing VM operation: G1CollectForAllocation (G1 Evacuation Pause)
Event: 8.546 Executing VM operation: G1CollectForAllocation (G1 Evacuation Pause) done
Event: 8.818 Executing VM operation: G1CollectForAllocation (G1 Evacuation Pause)
Event: 8.833 Executing VM operation: G1CollectForAllocation (G1 Evacuation Pause) done
Event: 9.054 Executing VM operation: G1CollectForAllocation (G1 Evacuation Pause)
Event: 9.083 Executing VM operation: G1CollectForAllocation (G1 Evacuation Pause) done
Event: 9.633 Executing VM operation: G1CollectForAllocation (G1 Evacuation Pause)
Event: 9.646 Executing VM operation: G1CollectForAllocation (G1 Evacuation Pause) done
Event: 9.986 Executing VM operation: G1CollectForAllocation (G1 Evacuation Pause)
Event: 9.998 Executing VM operation: G1CollectForAllocation (G1 Evacuation Pause) done
Event: 10.281 Executing VM operation: G1CollectForAllocation (G1 Evacuation Pause)
Event: 10.297 Executing VM operation: G1CollectForAllocation (G1 Evacuation Pause) done
Event: 10.552 Executing VM operation: ICBufferFull
Event: 10.552 Executing VM operation: ICBufferFull done
Event: 10.610 Executing VM operation: G1CollectForAllocation (G1 Evacuation Pause)

Memory protections (0 events):
No events

Nmethod flushes (0 events):
No events

Events (20 events):
Event: 0.028 Thread 0x0000024cb2015780 Thread added: 0x0000024ccf1522e0
Event: 0.028 Thread 0x0000024cb2015780 Thread added: 0x0000024ccf154d40
Event: 0.029 Thread 0x0000024cb2015780 Thread added: 0x0000024ccf4e84a0
Event: 0.029 Thread 0x0000024cb2015780 Thread added: 0x0000024ccf4e8f30
Event: 0.039 Thread 0x0000024cb2015780 Thread added: 0x0000024ccf659750
Event: 0.041 Thread 0x0000024cb2015780 Thread added: 0x0000024ccf63c0c0
Event: 0.097 Thread 0x0000024ccf4e8f30 Thread added: 0x0000024ccf717e50
Event: 0.135 Thread 0x0000024cb2015780 Thread added: 0x0000024d15178020
Event: 0.140 Thread 0x0000024d15178020 Thread exited: 0x0000024d15178020
Event: 0.444 Thread 0x0000024ccf4e8f30 Thread added: 0x0000024d1573d290
Event: 1.348 Thread 0x0000024cb2015780 Thread added: 0x0000024d1668d840
Event: 5.435 Thread 0x0000024d1573d290 Thread exited: 0x0000024d1573d290
Event: 5.719 Thread 0x0000024ccf4e8f30 Thread added: 0x0000024d1558ee60
Event: 6.872 Thread 0x0000024cb2015780 Thread added: 0x0000024d17a15710
Event: 6.926 Thread 0x0000024d17a15710 Thread added: 0x0000024d19126540
Event: 6.926 Thread 0x0000024d17a15710 Thread added: 0x0000024d16b5d1a0
Event: 6.926 Thread 0x0000024d17a15710 Thread added: 0x0000024d16b5d800
Event: 6.927 Thread 0x0000024cb2015780 Thread added: 0x0000024ccf626850
Event: 8.868 Thread 0x0000024d19126540 Thread added: 0x0000024d17909df0
Event: 8.869 Thread 0x0000024cb2015780 Thread added: 0x0000024d1790a480


Dynamic libraries:
0x00007ff765f40000 - 0x00007ff765f4e000 	C:\Users\hama\.jdks\corretto-21.0.5\bin\java.exe
0x00007ffec1aa0000 - 0x00007ffec1d08000 	C:\WINDOWS\SYSTEM32\ntdll.dll
0x00007ffebf870000 - 0x00007ffebf939000 	C:\WINDOWS\System32\KERNEL32.DLL
0x00007ffebedb0000 - 0x00007ffebf1a2000 	C:\WINDOWS\System32\KERNELBASE.dll
0x00007ffebec30000 - 0x00007ffebed7b000 	C:\WINDOWS\System32\ucrtbase.dll
0x00007ffeafbf0000 - 0x00007ffeafc08000 	C:\Users\hama\.jdks\corretto-21.0.5\bin\jli.dll
0x00007ffeafb70000 - 0x00007ffeafb8b000 	C:\Users\hama\.jdks\corretto-21.0.5\bin\VCRUNTIME140.dll
0x00007ffec11c0000 - 0x00007ffec1385000 	C:\WINDOWS\System32\USER32.dll
0x00007ffea26e0000 - 0x00007ffea2973000 	C:\WINDOWS\WinSxS\amd64_microsoft.windows.common-controls_6595b64144ccf1df_6.0.26100.6899_none_3e0efeeae32e88c1\COMCTL32.dll
0x00007ffebed80000 - 0x00007ffebeda7000 	C:\WINDOWS\System32\win32u.dll
0x00007ffec0940000 - 0x00007ffec096b000 	C:\WINDOWS\System32\GDI32.dll
0x00007ffec0890000 - 0x00007ffec0939000 	C:\WINDOWS\System32\msvcrt.dll
0x00007ffebf490000 - 0x00007ffebf5bd000 	C:\WINDOWS\System32\gdi32full.dll
0x00007ffebf1b0000 - 0x00007ffebf253000 	C:\WINDOWS\System32\msvcp_win.dll
0x00007ffec1a20000 - 0x00007ffec1a4f000 	C:\WINDOWS\System32\IMM32.DLL
0x00007ffebb060000 - 0x00007ffebb06c000 	C:\Users\hama\.jdks\corretto-21.0.5\bin\vcruntime140_1.dll
0x00007ffea3e60000 - 0x00007ffea3eed000 	C:\Users\hama\.jdks\corretto-21.0.5\bin\msvcp140.dll
0x00007ffe0a2f0000 - 0x00007ffe0b08d000 	C:\Users\hama\.jdks\corretto-21.0.5\bin\server\jvm.dll
0x00007ffec1960000 - 0x00007ffec1a14000 	C:\WINDOWS\System32\ADVAPI32.dll
0x00007ffec0b60000 - 0x00007ffec0c06000 	C:\WINDOWS\System32\sechost.dll
0x00007ffec1590000 - 0x00007ffec16a8000 	C:\WINDOWS\System32\RPCRT4.dll
0x00007ffebfba0000 - 0x00007ffebfc14000 	C:\WINDOWS\System32\WS2_32.dll
0x00007ffebea90000 - 0x00007ffebeaee000 	C:\WINDOWS\SYSTEM32\POWRPROF.dll
0x00007ffea3350000 - 0x00007ffea3385000 	C:\WINDOWS\SYSTEM32\WINMM.dll
0x00007ffeae7f0000 - 0x00007ffeae7fb000 	C:\WINDOWS\SYSTEM32\VERSION.dll
0x00007ffebea70000 - 0x00007ffebea84000 	C:\WINDOWS\SYSTEM32\UMPDC.dll
0x00007ffebda00000 - 0x00007ffebda1b000 	C:\WINDOWS\SYSTEM32\kernel.appcore.dll
0x00007ffeb9190000 - 0x00007ffeb919a000 	C:\Users\hama\.jdks\corretto-21.0.5\bin\jimage.dll
0x00007ffebbda0000 - 0x00007ffebbfe2000 	C:\WINDOWS\SYSTEM32\DBGHELP.DLL
0x00007ffec0440000 - 0x00007ffec07bb000 	C:\WINDOWS\System32\combase.dll
0x00007ffec0c10000 - 0x00007ffec0ce7000 	C:\WINDOWS\System32\OLEAUT32.dll
0x00007ffe9a4c0000 - 0x00007ffe9a4fc000 	C:\WINDOWS\SYSTEM32\dbgcore.DLL
0x00007ffebf5c0000 - 0x00007ffebf658000 	C:\WINDOWS\System32\bcryptPrimitives.dll
0x00007ffea98d0000 - 0x00007ffea98ef000 	C:\Users\hama\.jdks\corretto-21.0.5\bin\java.dll
0x00007ffebfc20000 - 0x00007ffec036d000 	C:\WINDOWS\System32\SHELL32.dll
0x00007ffebf260000 - 0x00007ffebf3cb000 	C:\WINDOWS\System32\wintypes.dll
0x00007ffebc880000 - 0x00007ffebd0dd000 	C:\WINDOWS\SYSTEM32\windows.storage.dll
0x00007ffebf940000 - 0x00007ffebfa32000 	C:\WINDOWS\System32\SHCORE.dll
0x00007ffec13b0000 - 0x00007ffec1412000 	C:\WINDOWS\System32\shlwapi.dll
0x00007ffebeb50000 - 0x00007ffebeb79000 	C:\WINDOWS\SYSTEM32\profapi.dll
0x00007ffea3cf0000 - 0x00007ffea3dc7000 	C:\Users\hama\.jdks\corretto-21.0.5\bin\jsvml.dll
0x00007ffeadec0000 - 0x00007ffeaded0000 	C:\Users\hama\.jdks\corretto-21.0.5\bin\net.dll
0x00007ffeb8050000 - 0x00007ffeb816f000 	C:\WINDOWS\SYSTEM32\WINHTTP.dll
0x00007ffebdf70000 - 0x00007ffebdfdb000 	C:\WINDOWS\system32\mswsock.dll
0x00007ffea98b0000 - 0x00007ffea98c6000 	C:\Users\hama\.jdks\corretto-21.0.5\bin\nio.dll
0x00007ffea9890000 - 0x00007ffea98a8000 	C:\Users\hama\.jdks\corretto-21.0.5\bin\zip.dll
0x00007ffea3e30000 - 0x00007ffea3e54000 	C:\Users\hama\AppData\Roaming\Windsurf\User\globalStorage\pleiades.java-extension-pack-jdk\maven\latest\lib\jansi-native\Windows\x86_64\jansi.dll
0x00007ffea9880000 - 0x00007ffea9890000 	C:\Users\hama\.jdks\corretto-21.0.5\bin\verify.dll

dbghelp: loaded successfully - version: 4.0.5 - missing functions: none
symbol engine: initialized successfully - sym options: 0x614 - pdb path: .;C:\Users\hama\.jdks\corretto-21.0.5\bin;C:\WINDOWS\SYSTEM32;C:\WINDOWS\WinSxS\amd64_microsoft.windows.common-controls_6595b64144ccf1df_6.0.26100.6899_none_3e0efeeae32e88c1;C:\Users\hama\.jdks\corretto-21.0.5\bin\server;C:\Users\hama\AppData\Roaming\Windsurf\User\globalStorage\pleiades.java-extension-pack-jdk\maven\latest\lib\jansi-native\Windows\x86_64

VM Arguments:
jvm_args: -Dstdout.encoding=UTF-8 -Dstderr.encoding=UTF-8 --enable-native-access=ALL-UNNAMED -Dclassworlds.conf=C:\Users\hama\AppData\Roaming\Windsurf\User\globalStorage\pleiades.java-extension-pack-jdk\maven\latest\bin\m2.conf -Dmaven.home=C:\Users\hama\AppData\Roaming\Windsurf\User\globalStorage\pleiades.java-extension-pack-jdk\maven\latest -Dlibrary.jansi.path=C:\Users\hama\AppData\Roaming\Windsurf\User\globalStorage\pleiades.java-extension-pack-jdk\maven\latest\lib\jansi-native -Dmaven.multiModuleProjectDirectory=C:\Users\hama\Desktop\pfe\commercial-pfe\demo 
java_command: org.codehaus.plexus.classworlds.launcher.Launcher clean compile sonar:sonar -DskipTests -Dsonar.login=sqa_b2e37fcb5059edf9a5793f277032438f09debec7
java_class_path (initial): C:\Users\hama\AppData\Roaming\Windsurf\User\globalStorage\pleiades.java-extension-pack-jdk\maven\latest\boot\plexus-classworlds-2.9.0.jar
Launcher Type: SUN_STANDARD

[Global flags]
     intx CICompilerCount                          = 4                                         {product} {ergonomic}
     uint ConcGCThreads                            = 2                                         {product} {ergonomic}
     uint G1ConcRefinementThreads                  = 8                                         {product} {ergonomic}
   size_t G1HeapRegionSize                         = 1048576                                   {product} {ergonomic}
    uintx GCDrainStackTargetSize                   = 64                                        {product} {ergonomic}
   size_t InitialHeapSize                          = 132120576                                 {product} {ergonomic}
   size_t MarkStackSize                            = 4194304                                   {product} {ergonomic}
   size_t MaxHeapSize                              = 2090860544                                {product} {ergonomic}
   size_t MaxNewSize                               = 1254096896                                {product} {ergonomic}
   size_t MinHeapDeltaBytes                        = 1048576                                   {product} {ergonomic}
   size_t MinHeapSize                              = 8388608                                   {product} {ergonomic}
    uintx NonNMethodCodeHeapSize                   = 5839372                                {pd product} {ergonomic}
    uintx NonProfiledCodeHeapSize                  = 122909434                              {pd product} {ergonomic}
    uintx ProfiledCodeHeapSize                     = 122909434                              {pd product} {ergonomic}
    uintx ReservedCodeCacheSize                    = 251658240                              {pd product} {ergonomic}
     bool SegmentedCodeCache                       = true                                      {product} {ergonomic}
   size_t SoftMaxHeapSize                          = 2090860544                             {manageable} {ergonomic}
     bool UseCompressedOops                        = true                           {product lp64_product} {ergonomic}
     bool UseG1GC                                  = true                                      {product} {ergonomic}
     bool UseLargePagesIndividualAllocation        = false                                  {pd product} {ergonomic}

Logging:
Log output configuration:
 #0: stdout all=warning uptime,level,tags foldmultilines=false
 #1: stderr all=off uptime,level,tags foldmultilines=false

Environment Variables:
JAVA_HOME=C:\Users\hama\.jdks\corretto-21.0.5
JAVA_TOOL_OPTIONS=-Dstdout.encoding=UTF-8 -Dstderr.encoding=UTF-8
PATH=C:\Users\hama\AppData\Roaming\Windsurf\User\globalStorage\pleiades.java-extension-pack-jdk\gradle\latest\bin;C:\Users\hama\AppData\Roaming\Windsurf\User\globalStorage\pleiades.java-extension-pack-jdk\maven\latest\bin;C:\Users\hama\.jdks\corretto-21.0.5\bin;c:\Users\hama\AppData\Local\Programs\cursor\resources\app\bin;C:\Program Files\Google\Chrome\Application;C:\Program Files\Python310\Scripts\;C:\Program Files\Python310\;C:\oraclexe\app\oracle\product\10.2.0\server\bin;C:\Program Files\Common Files\Oracle\Java\javapath;C:\Program Files\Common Files\Siemens\Automation\Simatic OAM\bin;C:\Program Files (x86)\Common Files\Oracle\Java\javapath;C:\oraclexe\app\oracle\product\11.2.0\server\bin;C:\WINDOWS\system32;C:\WINDOWS;C:\WINDOWS\System32\Wbem;C:\WINDOWS\System32\WindowsPowerShell\v1.0\;C:\WINDOWS\System32\OpenSSH\;C:\Program Files (x86)\Windows Kits\8.1\Windows Performance Toolkit\;C:\Users\hama\Desktop\xammpS\php;C:\ProgramData\ComposerSetup\bin;C:\Program Files\MATLAB\R2023b\bin;C:\Program Files\Microsoft SQL Server\150\Tools\Binn\;C:\Program Files\dotnet\;C:\Users\hama\Downloads\php-8.3.9;C:\xampp\php-8.3.9;C:;C:\Users\hama\Downloads\node-v22.16.0\node-v22.16.0;C:\ProgramData\Microsoft\Windows\Start Menu\Programs\Node.js\Node.js.lnk;C:\Program Files\nodejs\;C:\WINDOWS\system32;C:\WINDOWS;C:\WINDOWS\System32\Wbem;C:\WINDOWS\System32\WindowsPowerShell\v1.0\;C:\WINDOWS\System32\OpenSSH\;C:\Users\hama\Downloads\tesseract-ocr-w64-setup-5.5.0.20241111.exe;C:\Program Files\Git\cmd;C:\Program Files\Git\mingw64\bin;C:\Program Files\Git\usr\bin;C:\Program Files\Docker\Docker\resources\bin;C:\Program Files\Google\Chrome\Application;C:\Program Files\Python310\Scripts\;C:\Program Files\Python310\;C:\Program Files\Microsoft SDKs\Azure\CLI2\wbin;C:\oraclexe\app\oracle\product\10.2.0\server\bin;C:\Program Files\Common Files\Oracle\Java\javapath;C:\Program Files\Common Files\Siemens\Automation\Simatic OAM\bin;C:\Program Files (x86)\Common Files\Oracle\Java\javapath;C:\oraclexe\app\oracle\product\11.2.0\server\bin;C:\WINDOWS\system32;C:\WINDOWS;C:\WINDOWS\System32\Wbem;C:\WINDOWS\System32\WindowsPowerShell\v1.0\;C:\WINDOWS\System32\OpenSSH\;C:\Program Files (x86)\Windows Kits\8.1\Windows Performance Toolkit\;C:\Users\hama\Desktop\xammpS\php;C:\ProgramData\ComposerSetup\bin;C:\Program Files\MATLAB\R2023b\bin;C:\Program Files\Microsoft SQL Server\150\Tools\Binn\;C:\Program Files\Microsoft SQL Server\Client SDK\ODBC\170\Tools\Binn\;C:\Program Files\dotnet\;C:\Users\hama\Downloads\php-8.3.9;C:\xampp\php-8.3.9;C:;C:\Users\hama\Downloads\node-v22.16.0\node-v22.16.0;C:\ProgramData\Microsoft\Windows\Start Menu\Programs\Node.js\Node.js.lnk;C:\Users\hama\scoop\shims;C:\Users\hama\AppData\Local\Microsoft\WindowsApps;C:\Users\hama\AppData\Roaming\Composer\vendor\bin;C:\Users\hama;C:\Users\hama\Desktop\xammpS;C:\Users\hama\Desktop\xammpS\perl\lib\autodie\Scope;C:\Users\hama\scoop;C:\Users\hama\Desktop\xammpS\phpMyAdmin\vendor\symfony;C:\Users\hama\Downloads\xampp\php;C:\Users\hama\.dotnet\tools;C:\Users\hama\AppData\Local\GitHubDesktop\bin;C:\Users\hama\Downloads\php-8.3.9\php-8.3.9;c:\xampp\php;C:\ProgramData\Microsoft\Windows\Start Menu\Programs\Oracle VirtualBox\Oracle VirtualBox.lnk;C:\Users\hama\AppData\Local\pip;C:\ProgramData\Microsoft\Windows\Start Menu\Programs\CMake\CMake (cmake-gui).lnk;C:\Program Files\JetBrains\IntelliJ IDEA 2024.3.3\bin;;C:\Users\hama\AppData\Roaming\npm;C:\Users\hama\apache-maven-3.9.4\bin;C:\Users\hama\AppData\Local\Microsoft\WindowsApps;C:\Users\hama\AppData\Local\Programs\cursor\resources\app\bin;C:\Users\hama\AppData\Local\Programs\Windsurf\bin;C:\Users\hama\AppData\Local\Programs\Microsoft VS Code\bin
USERNAME=hama
LANG=en_US.UTF-8
OS=Windows_NT
PROCESSOR_IDENTIFIER=Intel64 Family 6 Model 140 Stepping 1, GenuineIntel
TMP=C:\Users\hama\AppData\Local\Temp
TEMP=C:\Users\hama\AppData\Local\Temp




Periodic native trim disabled

---------------  S Y S T E M  ---------------

OS:
 Windows 11 , 64 bit Build 26100 (10.0.26100.6725)
OS uptime: 0 days 2:13 hours
Hyper-V role detected

CPU: total 8 (initial active 8) (4 cores per cpu, 2 threads per core) family 6 model 140 stepping 1 microcode 0x9a, cx8, cmov, fxsr, ht, mmx, 3dnowpref, sse, sse2, sse3, ssse3, sse4.1, sse4.2, popcnt, lzcnt, tsc, tscinvbit, avx, avx2, aes, erms, clmul, bmi1, bmi2, adx, avx512f, avx512dq, avx512cd, avx512bw, avx512vl, sha, fma, vzeroupper, avx512_vpopcntdq, avx512_vpclmulqdq, avx512_vaes, avx512_vnni, clflush, clflushopt, clwb, avx512_vbmi2, avx512_vbmi, hv, rdtscp, rdpid, fsrm, gfni, avx512_bitalg, f16c, cet_ibt, cet_ss, avx512_ifma
Processor Information for all 8 processors :
  Max Mhz: 2803, Current Mhz: 2803, Mhz Limit: 2803

Memory: 4k page, system-wide physical 7975M (621M free)
TotalPageFile size 18009M (AvailPageFile size 51M)
current process WorkingSet (physical memory assigned to process): 443M, peak: 459M
current process commit charge ("private bytes"): 485M, peak: 608M

vm_info: OpenJDK 64-Bit Server VM (21.0.5+11-LTS) for windows-amd64 JRE (21.0.5+11-LTS), built on 2024-10-11T20:58:34Z by "Administrator" with MS VC++ 16.10 / 16.11 (VS2019)

END.
