#
# There is insufficient memory for the Java Runtime Environment to continue.
# Native memory allocation (malloc) failed to allocate 1256896 bytes. Error detail: Chunk::new
# Possible reasons:
#   The system is out of physical RAM or swap space
#   This process is running with CompressedOops enabled, and the Java Heap may be blocking the growth of the native heap
# Possible solutions:
#   Reduce memory load on the system
#   Increase physical memory or swap space
#   Check if swap backing store is full
#   Decrease Java heap size (-Xmx/-Xms)
#   Decrease number of Java threads
#   Decrease Java thread stack sizes (-Xss)
#   Set larger code cache with -XX:ReservedCodeCacheSize=
#   JVM is running with Unscaled Compressed Oops mode in which the Java heap is
#     placed in the first 4GB address space. The Java Heap base address is the
#     maximum limit for the native heap growth. Please use -XX:HeapBaseMinAddress
#     to set the Java Heap base and to place the Java Heap above 4GB virtual address.
# This output file may be truncated or incomplete.
#
#  Out of Memory Error (arena.cpp:168), pid=6288, tid=16900
#
# JRE version: OpenJDK Runtime Environment Corretto-21.0.5.11.1 (21.0.5+11) (build 21.0.5+11-LTS)
# Java VM: OpenJDK 64-Bit Server VM Corretto-21.0.5.11.1 (21.0.5+11-LTS, mixed mode, sharing, tiered, compressed oops, compressed class ptrs, g1 gc, windows-amd64)
# No core dump will be written. Minidumps are not enabled by default on client versions of Windows
#

---------------  S U M M A R Y ------------

Command Line: -Dstdout.encoding=UTF-8 -Dstderr.encoding=UTF-8 --enable-native-access=ALL-UNNAMED -Xmx512m -Xms256m -Dclassworlds.conf=C:\Users\hama\AppData\Roaming\Windsurf\User\globalStorage\pleiades.java-extension-pack-jdk\maven\latest\bin\m2.conf -Dmaven.home=C:\Users\hama\AppData\Roaming\Windsurf\User\globalStorage\pleiades.java-extension-pack-jdk\maven\latest -Dlibrary.jansi.path=C:\Users\hama\AppData\Roaming\Windsurf\User\globalStorage\pleiades.java-extension-pack-jdk\maven\latest\lib\jansi-native -Dmaven.multiModuleProjectDirectory=C:\Users\hama\Desktop\pfe\commercial-pfe\demo org.codehaus.plexus.classworlds.launcher.Launcher clean compile sonar:sonar -DskipTests -Dsonar.login=sqa_b2e37fcb5059edf9a5793f277032438f09debec7

Host: 11th Gen Intel(R) Core(TM) i7-1165G7 @ 2.80GHz, 8 cores, 7G,  Windows 11 , 64 bit Build 26100 (10.0.26100.6725)
Time: Sun Nov  9 21:40:08 2025 Europe de l , 64 bit Build 26100 (10.0.26100.6725) elapsed time: 3.967916 seconds (0d 0h 0m 3s)

---------------  T H R E A D  ---------------

Current thread (0x000002a917466630):  JavaThread "C2 CompilerThread2" daemon [_thread_in_native, id=16900, stack(0x000000ae0b300000,0x000000ae0b400000) (1024K)]


Current CompileTask:
C2:3968 4757       4       org.apache.maven.model.inheritance.DefaultInheritanceAssembler$InheritanceModelMerger::mergePluginContainer_Plugins (433 bytes)

Stack: [0x000000ae0b300000,0x000000ae0b400000]
Native frames: (J=compiled Java code, j=interpreted, Vv=VM code, C=native code)
V  [jvm.dll+0x6d9b69]
V  [jvm.dll+0x8b6073]
V  [jvm.dll+0x8b83ce]
V  [jvm.dll+0x8b8ab3]
V  [jvm.dll+0x286226]
V  [jvm.dll+0xc65ed]
V  [jvm.dll+0xc6b23]
V  [jvm.dll+0x2fbb50]
V  [jvm.dll+0x601339]
V  [jvm.dll+0x2576c2]
V  [jvm.dll+0x257a7f]
V  [jvm.dll+0x250235]
V  [jvm.dll+0x24da8e]
V  [jvm.dll+0x1cc3c4]
V  [jvm.dll+0x25d249]
V  [jvm.dll+0x25b7fb]
V  [jvm.dll+0x3fab46]
V  [jvm.dll+0x85ed68]
V  [jvm.dll+0x6d836d]
C  [ucrtbase.dll+0x37b0]
C  [KERNEL32.DLL+0x2e8d7]
C  [ntdll.dll+0x8c53c]


---------------  P R O C E S S  ---------------

Threads class SMR info:
_java_thread_list=0x000002a91831e6b0, length=14, elements={
0x000002a8b69358f0, 0x000002a8d17bb680, 0x000002a8d17be0e0, 0x000002a8d1902490,
0x000002a8d1903010, 0x000002a8d1903cc0, 0x000002a8d1904c50, 0x000002a8d1911e90,
0x000002a8d1914540, 0x000002a8d1a674d0, 0x000002a8d1a69b20, 0x000002a8d1a86190,
0x000002a917466630, 0x000002a9184a9950
}

Java Threads: ( => current thread )
  0x000002a8b69358f0 JavaThread "main"                              [_thread_in_Java, id=18804, stack(0x000000ae0a000000,0x000000ae0a100000) (1024K)]
  0x000002a8d17bb680 JavaThread "Reference Handler"          daemon [_thread_blocked, id=17100, stack(0x000000ae0a800000,0x000000ae0a900000) (1024K)]
  0x000002a8d17be0e0 JavaThread "Finalizer"                  daemon [_thread_blocked, id=4144, stack(0x000000ae0a900000,0x000000ae0aa00000) (1024K)]
  0x000002a8d1902490 JavaThread "Signal Dispatcher"          daemon [_thread_blocked, id=10708, stack(0x000000ae0aa00000,0x000000ae0ab00000) (1024K)]
  0x000002a8d1903010 JavaThread "Attach Listener"            daemon [_thread_blocked, id=10364, stack(0x000000ae0ab00000,0x000000ae0ac00000) (1024K)]
  0x000002a8d1903cc0 JavaThread "Service Thread"             daemon [_thread_blocked, id=19028, stack(0x000000ae0ac00000,0x000000ae0ad00000) (1024K)]
  0x000002a8d1904c50 JavaThread "Monitor Deflation Thread"   daemon [_thread_blocked, id=10116, stack(0x000000ae0ad00000,0x000000ae0ae00000) (1024K)]
  0x000002a8d1911e90 JavaThread "C2 CompilerThread0"         daemon [_thread_in_native, id=16928, stack(0x000000ae0ae00000,0x000000ae0af00000) (1024K)]
  0x000002a8d1914540 JavaThread "C1 CompilerThread0"         daemon [_thread_blocked, id=8552, stack(0x000000ae0af00000,0x000000ae0b000000) (1024K)]
  0x000002a8d1a674d0 JavaThread "Notification Thread"        daemon [_thread_blocked, id=8108, stack(0x000000ae0b000000,0x000000ae0b100000) (1024K)]
  0x000002a8d1a69b20 JavaThread "Common-Cleaner"             daemon [_thread_blocked, id=9896, stack(0x000000ae0b100000,0x000000ae0b200000) (1024K)]
  0x000002a8d1a86190 JavaThread "C2 CompilerThread1"         daemon [_thread_in_native, id=12660, stack(0x000000ae0b200000,0x000000ae0b300000) (1024K)]
=>0x000002a917466630 JavaThread "C2 CompilerThread2"         daemon [_thread_in_native, id=16900, stack(0x000000ae0b300000,0x000000ae0b400000) (1024K)]
  0x000002a9184a9950 JavaThread "Thread-1"                   daemon [_thread_blocked, id=1956, stack(0x000000ae0bb00000,0x000000ae0bc00000) (1024K)]
Total: 14

Other Threads:
  0x000002a8d17a1900 VMThread "VM Thread"                           [id=4024, stack(0x000000ae0a700000,0x000000ae0a800000) (1024K)]
  0x000002a8d1795890 WatcherThread "VM Periodic Task Thread"        [id=6260, stack(0x000000ae0a600000,0x000000ae0a700000) (1024K)]
  0x000002a8b695d670 WorkerThread "GC Thread#0"                     [id=18888, stack(0x000000ae0a100000,0x000000ae0a200000) (1024K)]
  0x000002a917baa280 WorkerThread "GC Thread#1"                     [id=5288, stack(0x000000ae0b400000,0x000000ae0b500000) (1024K)]
  0x000002a917875730 WorkerThread "GC Thread#2"                     [id=3644, stack(0x000000ae0b500000,0x000000ae0b600000) (1024K)]
  0x000002a917f82dd0 WorkerThread "GC Thread#3"                     [id=10568, stack(0x000000ae0b600000,0x000000ae0b700000) (1024K)]
  0x000002a917f83170 WorkerThread "GC Thread#4"                     [id=8340, stack(0x000000ae0b700000,0x000000ae0b800000) (1024K)]
  0x000002a917423f40 WorkerThread "GC Thread#5"                     [id=3588, stack(0x000000ae0b800000,0x000000ae0b900000) (1024K)]
  0x000002a917a77ea0 WorkerThread "GC Thread#6"                     [id=2792, stack(0x000000ae0b900000,0x000000ae0ba00000) (1024K)]
  0x000002a917a78240 WorkerThread "GC Thread#7"                     [id=19208, stack(0x000000ae0ba00000,0x000000ae0bb00000) (1024K)]
  0x000002a8b6962560 ConcurrentGCThread "G1 Main Marker"            [id=15192, stack(0x000000ae0a200000,0x000000ae0a300000) (1024K)]
  0x000002a8b6962f70 WorkerThread "G1 Conc#0"                       [id=14540, stack(0x000000ae0a300000,0x000000ae0a400000) (1024K)]
  0x000002a8d16605d0 ConcurrentGCThread "G1 Refine#0"               [id=3496, stack(0x000000ae0a400000,0x000000ae0a500000) (1024K)]
  0x000002a8d1661b10 ConcurrentGCThread "G1 Service"                [id=14172, stack(0x000000ae0a500000,0x000000ae0a600000) (1024K)]
Total: 14

Threads with active compile tasks:
C2 CompilerThread0  3995 5350       4       org.apache.maven.model.merge.ModelMerger$MergingList::mergeAll (348 bytes)
C2 CompilerThread1  3995 5354   !   4       org.apache.maven.model.Model::clone (502 bytes)
C2 CompilerThread2  3995 4757       4       org.apache.maven.model.inheritance.DefaultInheritanceAssembler$InheritanceModelMerger::mergePluginContainer_Plugins (433 bytes)
Total: 3

VM state: not at safepoint (normal execution)

VM Mutex/Monitor currently owned by a thread: None

Heap address: 0x00000000e0000000, size: 512 MB, Compressed Oops mode: 32-bit

CDS archive(s) mapped at: [0x000002a8d2000000-0x000002a8d2c80000-0x000002a8d2c80000), size 13107200, SharedBaseAddress: 0x000002a8d2000000, ArchiveRelocationMode: 1.
Compressed class space mapped at: 0x000002a8d3000000-0x000002a913000000, reserved size: 1073741824
Narrow klass base: 0x000002a8d2000000, Narrow klass shift: 0, Narrow klass range: 0x100000000

GC Precious Log:
 CardTable entry size: 512
 Card Set container configuration: InlinePtr #cards 5 size 8 Array Of Cards #cards 12 size 40 Howl #buckets 4 coarsen threshold 1843 Howl Bitmap #cards 512 size 80 coarsen threshold 460 Card regions per heap region 1 cards per card region 2048
 CPUs: 8 total, 8 available
 Memory: 7975M
 Large Page Support: Disabled
 NUMA Support: Disabled
 Compressed Oops: Enabled (32-bit)
 Heap Region Size: 1M
 Heap Min Capacity: 256M
 Heap Initial Capacity: 256M
 Heap Max Capacity: 512M
 Pre-touch: Disabled
 Parallel Workers: 8
 Concurrent Workers: 2
 Concurrent Refinement Workers: 8
 Periodic GC: Disabled

Heap:
 garbage-first heap   total 262144K, used 143816K [0x00000000e0000000, 0x0000000100000000)
  region size 1024K, 138 young (141312K), 20 survivors (20480K)
 Metaspace       used 17812K, committed 18112K, reserved 1114112K
  class space    used 1971K, committed 2112K, reserved 1048576K

Heap Regions: E=young(eden), S=young(survivor), O=old, HS=humongous(starts), HC=humongous(continues), CS=collection set, F=free, TAMS=top-at-mark-start, PB=parsable bottom
|   0|0x00000000e0000000, 0x00000000e0100000, 0x00000000e0100000|100%| O|  |TAMS 0x00000000e0000000| PB 0x00000000e0000000| Untracked 
|   1|0x00000000e0100000, 0x00000000e0200000, 0x00000000e0200000|100%| O|  |TAMS 0x00000000e0100000| PB 0x00000000e0100000| Untracked 
|   2|0x00000000e0200000, 0x00000000e0300000, 0x00000000e0300000|100%| O|  |TAMS 0x00000000e0200000| PB 0x00000000e0200000| Untracked 
|   3|0x00000000e0300000, 0x00000000e03cd768, 0x00000000e0400000| 80%| O|  |TAMS 0x00000000e0300000| PB 0x00000000e0300000| Untracked 
|   4|0x00000000e0400000, 0x00000000e0400000, 0x00000000e0500000|  0%| F|  |TAMS 0x00000000e0400000| PB 0x00000000e0400000| Untracked 
|   5|0x00000000e0500000, 0x00000000e0500000, 0x00000000e0600000|  0%| F|  |TAMS 0x00000000e0500000| PB 0x00000000e0500000| Untracked 
|   6|0x00000000e0600000, 0x00000000e0600000, 0x00000000e0700000|  0%| F|  |TAMS 0x00000000e0600000| PB 0x00000000e0600000| Untracked 
|   7|0x00000000e0700000, 0x00000000e0700000, 0x00000000e0800000|  0%| F|  |TAMS 0x00000000e0700000| PB 0x00000000e0700000| Untracked 
|   8|0x00000000e0800000, 0x00000000e0800000, 0x00000000e0900000|  0%| F|  |TAMS 0x00000000e0800000| PB 0x00000000e0800000| Untracked 
|   9|0x00000000e0900000, 0x00000000e0900000, 0x00000000e0a00000|  0%| F|  |TAMS 0x00000000e0900000| PB 0x00000000e0900000| Untracked 
|  10|0x00000000e0a00000, 0x00000000e0a00000, 0x00000000e0b00000|  0%| F|  |TAMS 0x00000000e0a00000| PB 0x00000000e0a00000| Untracked 
|  11|0x00000000e0b00000, 0x00000000e0b00000, 0x00000000e0c00000|  0%| F|  |TAMS 0x00000000e0b00000| PB 0x00000000e0b00000| Untracked 
|  12|0x00000000e0c00000, 0x00000000e0c00000, 0x00000000e0d00000|  0%| F|  |TAMS 0x00000000e0c00000| PB 0x00000000e0c00000| Untracked 
|  13|0x00000000e0d00000, 0x00000000e0d00000, 0x00000000e0e00000|  0%| F|  |TAMS 0x00000000e0d00000| PB 0x00000000e0d00000| Untracked 
|  14|0x00000000e0e00000, 0x00000000e0e00000, 0x00000000e0f00000|  0%| F|  |TAMS 0x00000000e0e00000| PB 0x00000000e0e00000| Untracked 
|  15|0x00000000e0f00000, 0x00000000e0f00000, 0x00000000e1000000|  0%| F|  |TAMS 0x00000000e0f00000| PB 0x00000000e0f00000| Untracked 
|  16|0x00000000e1000000, 0x00000000e1000000, 0x00000000e1100000|  0%| F|  |TAMS 0x00000000e1000000| PB 0x00000000e1000000| Untracked 
|  17|0x00000000e1100000, 0x00000000e1100000, 0x00000000e1200000|  0%| F|  |TAMS 0x00000000e1100000| PB 0x00000000e1100000| Untracked 
|  18|0x00000000e1200000, 0x00000000e1200000, 0x00000000e1300000|  0%| F|  |TAMS 0x00000000e1200000| PB 0x00000000e1200000| Untracked 
|  19|0x00000000e1300000, 0x00000000e1300000, 0x00000000e1400000|  0%| F|  |TAMS 0x00000000e1300000| PB 0x00000000e1300000| Untracked 
|  20|0x00000000e1400000, 0x00000000e1400000, 0x00000000e1500000|  0%| F|  |TAMS 0x00000000e1400000| PB 0x00000000e1400000| Untracked 
|  21|0x00000000e1500000, 0x00000000e1500000, 0x00000000e1600000|  0%| F|  |TAMS 0x00000000e1500000| PB 0x00000000e1500000| Untracked 
|  22|0x00000000e1600000, 0x00000000e1600000, 0x00000000e1700000|  0%| F|  |TAMS 0x00000000e1600000| PB 0x00000000e1600000| Untracked 
|  23|0x00000000e1700000, 0x00000000e1700000, 0x00000000e1800000|  0%| F|  |TAMS 0x00000000e1700000| PB 0x00000000e1700000| Untracked 
|  24|0x00000000e1800000, 0x00000000e1800000, 0x00000000e1900000|  0%| F|  |TAMS 0x00000000e1800000| PB 0x00000000e1800000| Untracked 
|  25|0x00000000e1900000, 0x00000000e1900000, 0x00000000e1a00000|  0%| F|  |TAMS 0x00000000e1900000| PB 0x00000000e1900000| Untracked 
|  26|0x00000000e1a00000, 0x00000000e1a00000, 0x00000000e1b00000|  0%| F|  |TAMS 0x00000000e1a00000| PB 0x00000000e1a00000| Untracked 
|  27|0x00000000e1b00000, 0x00000000e1b00000, 0x00000000e1c00000|  0%| F|  |TAMS 0x00000000e1b00000| PB 0x00000000e1b00000| Untracked 
|  28|0x00000000e1c00000, 0x00000000e1c00000, 0x00000000e1d00000|  0%| F|  |TAMS 0x00000000e1c00000| PB 0x00000000e1c00000| Untracked 
|  29|0x00000000e1d00000, 0x00000000e1d00000, 0x00000000e1e00000|  0%| F|  |TAMS 0x00000000e1d00000| PB 0x00000000e1d00000| Untracked 
|  30|0x00000000e1e00000, 0x00000000e1e00000, 0x00000000e1f00000|  0%| F|  |TAMS 0x00000000e1e00000| PB 0x00000000e1e00000| Untracked 
|  31|0x00000000e1f00000, 0x00000000e1f00000, 0x00000000e2000000|  0%| F|  |TAMS 0x00000000e1f00000| PB 0x00000000e1f00000| Untracked 
|  32|0x00000000e2000000, 0x00000000e2000000, 0x00000000e2100000|  0%| F|  |TAMS 0x00000000e2000000| PB 0x00000000e2000000| Untracked 
|  33|0x00000000e2100000, 0x00000000e2100000, 0x00000000e2200000|  0%| F|  |TAMS 0x00000000e2100000| PB 0x00000000e2100000| Untracked 
|  34|0x00000000e2200000, 0x00000000e2200000, 0x00000000e2300000|  0%| F|  |TAMS 0x00000000e2200000| PB 0x00000000e2200000| Untracked 
|  35|0x00000000e2300000, 0x00000000e2300000, 0x00000000e2400000|  0%| F|  |TAMS 0x00000000e2300000| PB 0x00000000e2300000| Untracked 
|  36|0x00000000e2400000, 0x00000000e2400000, 0x00000000e2500000|  0%| F|  |TAMS 0x00000000e2400000| PB 0x00000000e2400000| Untracked 
|  37|0x00000000e2500000, 0x00000000e2500000, 0x00000000e2600000|  0%| F|  |TAMS 0x00000000e2500000| PB 0x00000000e2500000| Untracked 
|  38|0x00000000e2600000, 0x00000000e2600000, 0x00000000e2700000|  0%| F|  |TAMS 0x00000000e2600000| PB 0x00000000e2600000| Untracked 
|  39|0x00000000e2700000, 0x00000000e2700000, 0x00000000e2800000|  0%| F|  |TAMS 0x00000000e2700000| PB 0x00000000e2700000| Untracked 
|  40|0x00000000e2800000, 0x00000000e2800000, 0x00000000e2900000|  0%| F|  |TAMS 0x00000000e2800000| PB 0x00000000e2800000| Untracked 
|  41|0x00000000e2900000, 0x00000000e2900000, 0x00000000e2a00000|  0%| F|  |TAMS 0x00000000e2900000| PB 0x00000000e2900000| Untracked 
|  42|0x00000000e2a00000, 0x00000000e2a00000, 0x00000000e2b00000|  0%| F|  |TAMS 0x00000000e2a00000| PB 0x00000000e2a00000| Untracked 
|  43|0x00000000e2b00000, 0x00000000e2b00000, 0x00000000e2c00000|  0%| F|  |TAMS 0x00000000e2b00000| PB 0x00000000e2b00000| Untracked 
|  44|0x00000000e2c00000, 0x00000000e2c00000, 0x00000000e2d00000|  0%| F|  |TAMS 0x00000000e2c00000| PB 0x00000000e2c00000| Untracked 
|  45|0x00000000e2d00000, 0x00000000e2d00000, 0x00000000e2e00000|  0%| F|  |TAMS 0x00000000e2d00000| PB 0x00000000e2d00000| Untracked 
|  46|0x00000000e2e00000, 0x00000000e2e00000, 0x00000000e2f00000|  0%| F|  |TAMS 0x00000000e2e00000| PB 0x00000000e2e00000| Untracked 
|  47|0x00000000e2f00000, 0x00000000e2f00000, 0x00000000e3000000|  0%| F|  |TAMS 0x00000000e2f00000| PB 0x00000000e2f00000| Untracked 
|  48|0x00000000e3000000, 0x00000000e3000000, 0x00000000e3100000|  0%| F|  |TAMS 0x00000000e3000000| PB 0x00000000e3000000| Untracked 
|  49|0x00000000e3100000, 0x00000000e3100000, 0x00000000e3200000|  0%| F|  |TAMS 0x00000000e3100000| PB 0x00000000e3100000| Untracked 
|  50|0x00000000e3200000, 0x00000000e3200000, 0x00000000e3300000|  0%| F|  |TAMS 0x00000000e3200000| PB 0x00000000e3200000| Untracked 
|  51|0x00000000e3300000, 0x00000000e3300000, 0x00000000e3400000|  0%| F|  |TAMS 0x00000000e3300000| PB 0x00000000e3300000| Untracked 
|  52|0x00000000e3400000, 0x00000000e3400000, 0x00000000e3500000|  0%| F|  |TAMS 0x00000000e3400000| PB 0x00000000e3400000| Untracked 
|  53|0x00000000e3500000, 0x00000000e3500000, 0x00000000e3600000|  0%| F|  |TAMS 0x00000000e3500000| PB 0x00000000e3500000| Untracked 
|  54|0x00000000e3600000, 0x00000000e3600000, 0x00000000e3700000|  0%| F|  |TAMS 0x00000000e3600000| PB 0x00000000e3600000| Untracked 
|  55|0x00000000e3700000, 0x00000000e3700000, 0x00000000e3800000|  0%| F|  |TAMS 0x00000000e3700000| PB 0x00000000e3700000| Untracked 
|  56|0x00000000e3800000, 0x00000000e3800000, 0x00000000e3900000|  0%| F|  |TAMS 0x00000000e3800000| PB 0x00000000e3800000| Untracked 
|  57|0x00000000e3900000, 0x00000000e3900000, 0x00000000e3a00000|  0%| F|  |TAMS 0x00000000e3900000| PB 0x00000000e3900000| Untracked 
|  58|0x00000000e3a00000, 0x00000000e3a00000, 0x00000000e3b00000|  0%| F|  |TAMS 0x00000000e3a00000| PB 0x00000000e3a00000| Untracked 
|  59|0x00000000e3b00000, 0x00000000e3b00000, 0x00000000e3c00000|  0%| F|  |TAMS 0x00000000e3b00000| PB 0x00000000e3b00000| Untracked 
|  60|0x00000000e3c00000, 0x00000000e3c00000, 0x00000000e3d00000|  0%| F|  |TAMS 0x00000000e3c00000| PB 0x00000000e3c00000| Untracked 
|  61|0x00000000e3d00000, 0x00000000e3d00000, 0x00000000e3e00000|  0%| F|  |TAMS 0x00000000e3d00000| PB 0x00000000e3d00000| Untracked 
|  62|0x00000000e3e00000, 0x00000000e3e00000, 0x00000000e3f00000|  0%| F|  |TAMS 0x00000000e3e00000| PB 0x00000000e3e00000| Untracked 
|  63|0x00000000e3f00000, 0x00000000e3f00000, 0x00000000e4000000|  0%| F|  |TAMS 0x00000000e3f00000| PB 0x00000000e3f00000| Untracked 
|  64|0x00000000e4000000, 0x00000000e4000000, 0x00000000e4100000|  0%| F|  |TAMS 0x00000000e4000000| PB 0x00000000e4000000| Untracked 
|  65|0x00000000e4100000, 0x00000000e4100000, 0x00000000e4200000|  0%| F|  |TAMS 0x00000000e4100000| PB 0x00000000e4100000| Untracked 
|  66|0x00000000e4200000, 0x00000000e4200000, 0x00000000e4300000|  0%| F|  |TAMS 0x00000000e4200000| PB 0x00000000e4200000| Untracked 
|  67|0x00000000e4300000, 0x00000000e4300000, 0x00000000e4400000|  0%| F|  |TAMS 0x00000000e4300000| PB 0x00000000e4300000| Untracked 
|  68|0x00000000e4400000, 0x00000000e4400000, 0x00000000e4500000|  0%| F|  |TAMS 0x00000000e4400000| PB 0x00000000e4400000| Untracked 
|  69|0x00000000e4500000, 0x00000000e4500000, 0x00000000e4600000|  0%| F|  |TAMS 0x00000000e4500000| PB 0x00000000e4500000| Untracked 
|  70|0x00000000e4600000, 0x00000000e4600000, 0x00000000e4700000|  0%| F|  |TAMS 0x00000000e4600000| PB 0x00000000e4600000| Untracked 
|  71|0x00000000e4700000, 0x00000000e4700000, 0x00000000e4800000|  0%| F|  |TAMS 0x00000000e4700000| PB 0x00000000e4700000| Untracked 
|  72|0x00000000e4800000, 0x00000000e4800000, 0x00000000e4900000|  0%| F|  |TAMS 0x00000000e4800000| PB 0x00000000e4800000| Untracked 
|  73|0x00000000e4900000, 0x00000000e4900000, 0x00000000e4a00000|  0%| F|  |TAMS 0x00000000e4900000| PB 0x00000000e4900000| Untracked 
|  74|0x00000000e4a00000, 0x00000000e4a00000, 0x00000000e4b00000|  0%| F|  |TAMS 0x00000000e4a00000| PB 0x00000000e4a00000| Untracked 
|  75|0x00000000e4b00000, 0x00000000e4b00000, 0x00000000e4c00000|  0%| F|  |TAMS 0x00000000e4b00000| PB 0x00000000e4b00000| Untracked 
|  76|0x00000000e4c00000, 0x00000000e4c00000, 0x00000000e4d00000|  0%| F|  |TAMS 0x00000000e4c00000| PB 0x00000000e4c00000| Untracked 
|  77|0x00000000e4d00000, 0x00000000e4d00000, 0x00000000e4e00000|  0%| F|  |TAMS 0x00000000e4d00000| PB 0x00000000e4d00000| Untracked 
|  78|0x00000000e4e00000, 0x00000000e4e00000, 0x00000000e4f00000|  0%| F|  |TAMS 0x00000000e4e00000| PB 0x00000000e4e00000| Untracked 
|  79|0x00000000e4f00000, 0x00000000e4f00000, 0x00000000e5000000|  0%| F|  |TAMS 0x00000000e4f00000| PB 0x00000000e4f00000| Untracked 
|  80|0x00000000e5000000, 0x00000000e5000000, 0x00000000e5100000|  0%| F|  |TAMS 0x00000000e5000000| PB 0x00000000e5000000| Untracked 
|  81|0x00000000e5100000, 0x00000000e5100000, 0x00000000e5200000|  0%| F|  |TAMS 0x00000000e5100000| PB 0x00000000e5100000| Untracked 
|  82|0x00000000e5200000, 0x00000000e5200000, 0x00000000e5300000|  0%| F|  |TAMS 0x00000000e5200000| PB 0x00000000e5200000| Untracked 
|  83|0x00000000e5300000, 0x00000000e53a49a0, 0x00000000e5400000| 64%| S|CS|TAMS 0x00000000e5300000| PB 0x00000000e5300000| Complete 
|  84|0x00000000e5400000, 0x00000000e5500000, 0x00000000e5500000|100%| S|CS|TAMS 0x00000000e5400000| PB 0x00000000e5400000| Complete 
|  85|0x00000000e5500000, 0x00000000e5600000, 0x00000000e5600000|100%| S|CS|TAMS 0x00000000e5500000| PB 0x00000000e5500000| Complete 
|  86|0x00000000e5600000, 0x00000000e5700000, 0x00000000e5700000|100%| S|CS|TAMS 0x00000000e5600000| PB 0x00000000e5600000| Complete 
|  87|0x00000000e5700000, 0x00000000e5800000, 0x00000000e5800000|100%| S|CS|TAMS 0x00000000e5700000| PB 0x00000000e5700000| Complete 
|  88|0x00000000e5800000, 0x00000000e5900000, 0x00000000e5900000|100%| S|CS|TAMS 0x00000000e5800000| PB 0x00000000e5800000| Complete 
|  89|0x00000000e5900000, 0x00000000e5a00000, 0x00000000e5a00000|100%| S|CS|TAMS 0x00000000e5900000| PB 0x00000000e5900000| Complete 
|  90|0x00000000e5a00000, 0x00000000e5b00000, 0x00000000e5b00000|100%| S|CS|TAMS 0x00000000e5a00000| PB 0x00000000e5a00000| Complete 
|  91|0x00000000e5b00000, 0x00000000e5c00000, 0x00000000e5c00000|100%| S|CS|TAMS 0x00000000e5b00000| PB 0x00000000e5b00000| Complete 
|  92|0x00000000e5c00000, 0x00000000e5d00000, 0x00000000e5d00000|100%| S|CS|TAMS 0x00000000e5c00000| PB 0x00000000e5c00000| Complete 
|  93|0x00000000e5d00000, 0x00000000e5e00000, 0x00000000e5e00000|100%| S|CS|TAMS 0x00000000e5d00000| PB 0x00000000e5d00000| Complete 
|  94|0x00000000e5e00000, 0x00000000e5f00000, 0x00000000e5f00000|100%| S|CS|TAMS 0x00000000e5e00000| PB 0x00000000e5e00000| Complete 
|  95|0x00000000e5f00000, 0x00000000e6000000, 0x00000000e6000000|100%| S|CS|TAMS 0x00000000e5f00000| PB 0x00000000e5f00000| Complete 
|  96|0x00000000e6000000, 0x00000000e6100000, 0x00000000e6100000|100%| S|CS|TAMS 0x00000000e6000000| PB 0x00000000e6000000| Complete 
|  97|0x00000000e6100000, 0x00000000e6200000, 0x00000000e6200000|100%| S|CS|TAMS 0x00000000e6100000| PB 0x00000000e6100000| Complete 
|  98|0x00000000e6200000, 0x00000000e6300000, 0x00000000e6300000|100%| S|CS|TAMS 0x00000000e6200000| PB 0x00000000e6200000| Complete 
|  99|0x00000000e6300000, 0x00000000e6400000, 0x00000000e6400000|100%| S|CS|TAMS 0x00000000e6300000| PB 0x00000000e6300000| Complete 
| 100|0x00000000e6400000, 0x00000000e6500000, 0x00000000e6500000|100%| S|CS|TAMS 0x00000000e6400000| PB 0x00000000e6400000| Complete 
| 101|0x00000000e6500000, 0x00000000e6600000, 0x00000000e6600000|100%| S|CS|TAMS 0x00000000e6500000| PB 0x00000000e6500000| Complete 
| 102|0x00000000e6600000, 0x00000000e6700000, 0x00000000e6700000|100%| S|CS|TAMS 0x00000000e6600000| PB 0x00000000e6600000| Complete 
| 103|0x00000000e6700000, 0x00000000e6700000, 0x00000000e6800000|  0%| F|  |TAMS 0x00000000e6700000| PB 0x00000000e6700000| Untracked 
| 104|0x00000000e6800000, 0x00000000e6800000, 0x00000000e6900000|  0%| F|  |TAMS 0x00000000e6800000| PB 0x00000000e6800000| Untracked 
| 105|0x00000000e6900000, 0x00000000e6900000, 0x00000000e6a00000|  0%| F|  |TAMS 0x00000000e6900000| PB 0x00000000e6900000| Untracked 
| 106|0x00000000e6a00000, 0x00000000e6a00000, 0x00000000e6b00000|  0%| F|  |TAMS 0x00000000e6a00000| PB 0x00000000e6a00000| Untracked 
| 107|0x00000000e6b00000, 0x00000000e6b00000, 0x00000000e6c00000|  0%| F|  |TAMS 0x00000000e6b00000| PB 0x00000000e6b00000| Untracked 
| 108|0x00000000e6c00000, 0x00000000e6c00000, 0x00000000e6d00000|  0%| F|  |TAMS 0x00000000e6c00000| PB 0x00000000e6c00000| Untracked 
| 109|0x00000000e6d00000, 0x00000000e6d00000, 0x00000000e6e00000|  0%| F|  |TAMS 0x00000000e6d00000| PB 0x00000000e6d00000| Untracked 
| 110|0x00000000e6e00000, 0x00000000e6e00000, 0x00000000e6f00000|  0%| F|  |TAMS 0x00000000e6e00000| PB 0x00000000e6e00000| Untracked 
| 111|0x00000000e6f00000, 0x00000000e6f00000, 0x00000000e7000000|  0%| F|  |TAMS 0x00000000e6f00000| PB 0x00000000e6f00000| Untracked 
| 112|0x00000000e7000000, 0x00000000e7000000, 0x00000000e7100000|  0%| F|  |TAMS 0x00000000e7000000| PB 0x00000000e7000000| Untracked 
| 113|0x00000000e7100000, 0x00000000e7100000, 0x00000000e7200000|  0%| F|  |TAMS 0x00000000e7100000| PB 0x00000000e7100000| Untracked 
| 114|0x00000000e7200000, 0x00000000e7200000, 0x00000000e7300000|  0%| F|  |TAMS 0x00000000e7200000| PB 0x00000000e7200000| Untracked 
| 115|0x00000000e7300000, 0x00000000e7300000, 0x00000000e7400000|  0%| F|  |TAMS 0x00000000e7300000| PB 0x00000000e7300000| Untracked 
| 116|0x00000000e7400000, 0x00000000e7400000, 0x00000000e7500000|  0%| F|  |TAMS 0x00000000e7400000| PB 0x00000000e7400000| Untracked 
| 117|0x00000000e7500000, 0x00000000e7500000, 0x00000000e7600000|  0%| F|  |TAMS 0x00000000e7500000| PB 0x00000000e7500000| Untracked 
| 118|0x00000000e7600000, 0x00000000e7600000, 0x00000000e7700000|  0%| F|  |TAMS 0x00000000e7600000| PB 0x00000000e7600000| Untracked 
| 119|0x00000000e7700000, 0x00000000e7700000, 0x00000000e7800000|  0%| F|  |TAMS 0x00000000e7700000| PB 0x00000000e7700000| Untracked 
| 120|0x00000000e7800000, 0x00000000e7800000, 0x00000000e7900000|  0%| F|  |TAMS 0x00000000e7800000| PB 0x00000000e7800000| Untracked 
| 121|0x00000000e7900000, 0x00000000e7900000, 0x00000000e7a00000|  0%| F|  |TAMS 0x00000000e7900000| PB 0x00000000e7900000| Untracked 
| 122|0x00000000e7a00000, 0x00000000e7a00000, 0x00000000e7b00000|  0%| F|  |TAMS 0x00000000e7a00000| PB 0x00000000e7a00000| Untracked 
| 123|0x00000000e7b00000, 0x00000000e7b00000, 0x00000000e7c00000|  0%| F|  |TAMS 0x00000000e7b00000| PB 0x00000000e7b00000| Untracked 
| 124|0x00000000e7c00000, 0x00000000e7c00000, 0x00000000e7d00000|  0%| F|  |TAMS 0x00000000e7c00000| PB 0x00000000e7c00000| Untracked 
| 125|0x00000000e7d00000, 0x00000000e7d00000, 0x00000000e7e00000|  0%| F|  |TAMS 0x00000000e7d00000| PB 0x00000000e7d00000| Untracked 
| 126|0x00000000e7e00000, 0x00000000e7e00000, 0x00000000e7f00000|  0%| F|  |TAMS 0x00000000e7e00000| PB 0x00000000e7e00000| Untracked 
| 127|0x00000000e7f00000, 0x00000000e7f00000, 0x00000000e8000000|  0%| F|  |TAMS 0x00000000e7f00000| PB 0x00000000e7f00000| Untracked 
| 128|0x00000000e8000000, 0x00000000e8000000, 0x00000000e8100000|  0%| F|  |TAMS 0x00000000e8000000| PB 0x00000000e8000000| Untracked 
| 129|0x00000000e8100000, 0x00000000e8100000, 0x00000000e8200000|  0%| F|  |TAMS 0x00000000e8100000| PB 0x00000000e8100000| Untracked 
| 130|0x00000000e8200000, 0x00000000e8200000, 0x00000000e8300000|  0%| F|  |TAMS 0x00000000e8200000| PB 0x00000000e8200000| Untracked 
| 131|0x00000000e8300000, 0x00000000e8300000, 0x00000000e8400000|  0%| F|  |TAMS 0x00000000e8300000| PB 0x00000000e8300000| Untracked 
| 132|0x00000000e8400000, 0x00000000e8400000, 0x00000000e8500000|  0%| F|  |TAMS 0x00000000e8400000| PB 0x00000000e8400000| Untracked 
| 133|0x00000000e8500000, 0x00000000e8500000, 0x00000000e8600000|  0%| F|  |TAMS 0x00000000e8500000| PB 0x00000000e8500000| Untracked 
| 134|0x00000000e8600000, 0x00000000e8600000, 0x00000000e8700000|  0%| F|  |TAMS 0x00000000e8600000| PB 0x00000000e8600000| Untracked 
| 135|0x00000000e8700000, 0x00000000e8700000, 0x00000000e8800000|  0%| F|  |TAMS 0x00000000e8700000| PB 0x00000000e8700000| Untracked 
| 136|0x00000000e8800000, 0x00000000e8800000, 0x00000000e8900000|  0%| F|  |TAMS 0x00000000e8800000| PB 0x00000000e8800000| Untracked 
| 137|0x00000000e8900000, 0x00000000e8984010, 0x00000000e8a00000| 51%| E|  |TAMS 0x00000000e8900000| PB 0x00000000e8900000| Complete 
| 138|0x00000000e8a00000, 0x00000000e8b00000, 0x00000000e8b00000|100%| E|CS|TAMS 0x00000000e8a00000| PB 0x00000000e8a00000| Complete 
| 139|0x00000000e8b00000, 0x00000000e8c00000, 0x00000000e8c00000|100%| E|CS|TAMS 0x00000000e8b00000| PB 0x00000000e8b00000| Complete 
| 140|0x00000000e8c00000, 0x00000000e8d00000, 0x00000000e8d00000|100%| E|CS|TAMS 0x00000000e8c00000| PB 0x00000000e8c00000| Complete 
| 141|0x00000000e8d00000, 0x00000000e8e00000, 0x00000000e8e00000|100%| E|CS|TAMS 0x00000000e8d00000| PB 0x00000000e8d00000| Complete 
| 142|0x00000000e8e00000, 0x00000000e8f00000, 0x00000000e8f00000|100%| E|CS|TAMS 0x00000000e8e00000| PB 0x00000000e8e00000| Complete 
| 143|0x00000000e8f00000, 0x00000000e9000000, 0x00000000e9000000|100%| E|CS|TAMS 0x00000000e8f00000| PB 0x00000000e8f00000| Complete 
| 144|0x00000000e9000000, 0x00000000e9100000, 0x00000000e9100000|100%| E|CS|TAMS 0x00000000e9000000| PB 0x00000000e9000000| Complete 
| 145|0x00000000e9100000, 0x00000000e9200000, 0x00000000e9200000|100%| E|CS|TAMS 0x00000000e9100000| PB 0x00000000e9100000| Complete 
| 146|0x00000000e9200000, 0x00000000e9300000, 0x00000000e9300000|100%| E|CS|TAMS 0x00000000e9200000| PB 0x00000000e9200000| Complete 
| 147|0x00000000e9300000, 0x00000000e9400000, 0x00000000e9400000|100%| E|CS|TAMS 0x00000000e9300000| PB 0x00000000e9300000| Complete 
| 148|0x00000000e9400000, 0x00000000e9500000, 0x00000000e9500000|100%| E|CS|TAMS 0x00000000e9400000| PB 0x00000000e9400000| Complete 
| 149|0x00000000e9500000, 0x00000000e9600000, 0x00000000e9600000|100%| E|CS|TAMS 0x00000000e9500000| PB 0x00000000e9500000| Complete 
| 150|0x00000000e9600000, 0x00000000e9700000, 0x00000000e9700000|100%| E|CS|TAMS 0x00000000e9600000| PB 0x00000000e9600000| Complete 
| 151|0x00000000e9700000, 0x00000000e9800000, 0x00000000e9800000|100%| E|CS|TAMS 0x00000000e9700000| PB 0x00000000e9700000| Complete 
| 152|0x00000000e9800000, 0x00000000e9900000, 0x00000000e9900000|100%| E|CS|TAMS 0x00000000e9800000| PB 0x00000000e9800000| Complete 
| 153|0x00000000e9900000, 0x00000000e9a00000, 0x00000000e9a00000|100%| E|CS|TAMS 0x00000000e9900000| PB 0x00000000e9900000| Complete 
| 154|0x00000000e9a00000, 0x00000000e9b00000, 0x00000000e9b00000|100%| E|CS|TAMS 0x00000000e9a00000| PB 0x00000000e9a00000| Complete 
| 155|0x00000000e9b00000, 0x00000000e9c00000, 0x00000000e9c00000|100%| E|CS|TAMS 0x00000000e9b00000| PB 0x00000000e9b00000| Complete 
| 156|0x00000000e9c00000, 0x00000000e9d00000, 0x00000000e9d00000|100%| E|CS|TAMS 0x00000000e9c00000| PB 0x00000000e9c00000| Complete 
| 157|0x00000000e9d00000, 0x00000000e9e00000, 0x00000000e9e00000|100%| E|CS|TAMS 0x00000000e9d00000| PB 0x00000000e9d00000| Complete 
| 158|0x00000000e9e00000, 0x00000000e9f00000, 0x00000000e9f00000|100%| E|CS|TAMS 0x00000000e9e00000| PB 0x00000000e9e00000| Complete 
| 159|0x00000000e9f00000, 0x00000000ea000000, 0x00000000ea000000|100%| E|CS|TAMS 0x00000000e9f00000| PB 0x00000000e9f00000| Complete 
| 160|0x00000000ea000000, 0x00000000ea100000, 0x00000000ea100000|100%| E|CS|TAMS 0x00000000ea000000| PB 0x00000000ea000000| Complete 
| 161|0x00000000ea100000, 0x00000000ea200000, 0x00000000ea200000|100%| E|CS|TAMS 0x00000000ea100000| PB 0x00000000ea100000| Complete 
| 162|0x00000000ea200000, 0x00000000ea300000, 0x00000000ea300000|100%| E|CS|TAMS 0x00000000ea200000| PB 0x00000000ea200000| Complete 
| 163|0x00000000ea300000, 0x00000000ea400000, 0x00000000ea400000|100%| E|CS|TAMS 0x00000000ea300000| PB 0x00000000ea300000| Complete 
| 164|0x00000000ea400000, 0x00000000ea500000, 0x00000000ea500000|100%| E|CS|TAMS 0x00000000ea400000| PB 0x00000000ea400000| Complete 
| 165|0x00000000ea500000, 0x00000000ea600000, 0x00000000ea600000|100%| E|CS|TAMS 0x00000000ea500000| PB 0x00000000ea500000| Complete 
| 166|0x00000000ea600000, 0x00000000ea700000, 0x00000000ea700000|100%| E|CS|TAMS 0x00000000ea600000| PB 0x00000000ea600000| Complete 
| 167|0x00000000ea700000, 0x00000000ea800000, 0x00000000ea800000|100%| E|CS|TAMS 0x00000000ea700000| PB 0x00000000ea700000| Complete 
| 168|0x00000000ea800000, 0x00000000ea900000, 0x00000000ea900000|100%| E|CS|TAMS 0x00000000ea800000| PB 0x00000000ea800000| Complete 
| 169|0x00000000ea900000, 0x00000000eaa00000, 0x00000000eaa00000|100%| E|CS|TAMS 0x00000000ea900000| PB 0x00000000ea900000| Complete 
| 170|0x00000000eaa00000, 0x00000000eab00000, 0x00000000eab00000|100%| E|CS|TAMS 0x00000000eaa00000| PB 0x00000000eaa00000| Complete 
| 171|0x00000000eab00000, 0x00000000eac00000, 0x00000000eac00000|100%| E|CS|TAMS 0x00000000eab00000| PB 0x00000000eab00000| Complete 
| 172|0x00000000eac00000, 0x00000000ead00000, 0x00000000ead00000|100%| E|CS|TAMS 0x00000000eac00000| PB 0x00000000eac00000| Complete 
| 173|0x00000000ead00000, 0x00000000eae00000, 0x00000000eae00000|100%| E|CS|TAMS 0x00000000ead00000| PB 0x00000000ead00000| Complete 
| 174|0x00000000eae00000, 0x00000000eaf00000, 0x00000000eaf00000|100%| E|CS|TAMS 0x00000000eae00000| PB 0x00000000eae00000| Complete 
| 175|0x00000000eaf00000, 0x00000000eb000000, 0x00000000eb000000|100%| E|CS|TAMS 0x00000000eaf00000| PB 0x00000000eaf00000| Complete 
| 176|0x00000000eb000000, 0x00000000eb100000, 0x00000000eb100000|100%| E|CS|TAMS 0x00000000eb000000| PB 0x00000000eb000000| Complete 
| 177|0x00000000eb100000, 0x00000000eb200000, 0x00000000eb200000|100%| E|CS|TAMS 0x00000000eb100000| PB 0x00000000eb100000| Complete 
| 178|0x00000000eb200000, 0x00000000eb300000, 0x00000000eb300000|100%| E|CS|TAMS 0x00000000eb200000| PB 0x00000000eb200000| Complete 
| 179|0x00000000eb300000, 0x00000000eb400000, 0x00000000eb400000|100%| E|CS|TAMS 0x00000000eb300000| PB 0x00000000eb300000| Complete 
| 180|0x00000000eb400000, 0x00000000eb500000, 0x00000000eb500000|100%| E|CS|TAMS 0x00000000eb400000| PB 0x00000000eb400000| Complete 
| 181|0x00000000eb500000, 0x00000000eb600000, 0x00000000eb600000|100%| E|CS|TAMS 0x00000000eb500000| PB 0x00000000eb500000| Complete 
| 182|0x00000000eb600000, 0x00000000eb700000, 0x00000000eb700000|100%| E|CS|TAMS 0x00000000eb600000| PB 0x00000000eb600000| Complete 
| 183|0x00000000eb700000, 0x00000000eb800000, 0x00000000eb800000|100%| E|CS|TAMS 0x00000000eb700000| PB 0x00000000eb700000| Complete 
| 184|0x00000000eb800000, 0x00000000eb900000, 0x00000000eb900000|100%| E|CS|TAMS 0x00000000eb800000| PB 0x00000000eb800000| Complete 
| 185|0x00000000eb900000, 0x00000000eba00000, 0x00000000eba00000|100%| E|CS|TAMS 0x00000000eb900000| PB 0x00000000eb900000| Complete 
| 186|0x00000000eba00000, 0x00000000ebb00000, 0x00000000ebb00000|100%| E|CS|TAMS 0x00000000eba00000| PB 0x00000000eba00000| Complete 
| 187|0x00000000ebb00000, 0x00000000ebc00000, 0x00000000ebc00000|100%| E|CS|TAMS 0x00000000ebb00000| PB 0x00000000ebb00000| Complete 
| 188|0x00000000ebc00000, 0x00000000ebd00000, 0x00000000ebd00000|100%| E|CS|TAMS 0x00000000ebc00000| PB 0x00000000ebc00000| Complete 
| 189|0x00000000ebd00000, 0x00000000ebe00000, 0x00000000ebe00000|100%| E|CS|TAMS 0x00000000ebd00000| PB 0x00000000ebd00000| Complete 
| 190|0x00000000ebe00000, 0x00000000ebf00000, 0x00000000ebf00000|100%| E|CS|TAMS 0x00000000ebe00000| PB 0x00000000ebe00000| Complete 
| 191|0x00000000ebf00000, 0x00000000ec000000, 0x00000000ec000000|100%| E|CS|TAMS 0x00000000ebf00000| PB 0x00000000ebf00000| Complete 
| 192|0x00000000ec000000, 0x00000000ec100000, 0x00000000ec100000|100%| E|CS|TAMS 0x00000000ec000000| PB 0x00000000ec000000| Complete 
| 193|0x00000000ec100000, 0x00000000ec200000, 0x00000000ec200000|100%| E|CS|TAMS 0x00000000ec100000| PB 0x00000000ec100000| Complete 
| 194|0x00000000ec200000, 0x00000000ec300000, 0x00000000ec300000|100%| E|CS|TAMS 0x00000000ec200000| PB 0x00000000ec200000| Complete 
| 195|0x00000000ec300000, 0x00000000ec400000, 0x00000000ec400000|100%| E|CS|TAMS 0x00000000ec300000| PB 0x00000000ec300000| Complete 
| 196|0x00000000ec400000, 0x00000000ec500000, 0x00000000ec500000|100%| E|CS|TAMS 0x00000000ec400000| PB 0x00000000ec400000| Complete 
| 197|0x00000000ec500000, 0x00000000ec600000, 0x00000000ec600000|100%| E|CS|TAMS 0x00000000ec500000| PB 0x00000000ec500000| Complete 
| 198|0x00000000ec600000, 0x00000000ec700000, 0x00000000ec700000|100%| E|CS|TAMS 0x00000000ec600000| PB 0x00000000ec600000| Complete 
| 199|0x00000000ec700000, 0x00000000ec800000, 0x00000000ec800000|100%| E|CS|TAMS 0x00000000ec700000| PB 0x00000000ec700000| Complete 
| 200|0x00000000ec800000, 0x00000000ec900000, 0x00000000ec900000|100%| E|CS|TAMS 0x00000000ec800000| PB 0x00000000ec800000| Complete 
| 201|0x00000000ec900000, 0x00000000eca00000, 0x00000000eca00000|100%| E|CS|TAMS 0x00000000ec900000| PB 0x00000000ec900000| Complete 
| 202|0x00000000eca00000, 0x00000000ecb00000, 0x00000000ecb00000|100%| E|CS|TAMS 0x00000000eca00000| PB 0x00000000eca00000| Complete 
| 203|0x00000000ecb00000, 0x00000000ecc00000, 0x00000000ecc00000|100%| E|CS|TAMS 0x00000000ecb00000| PB 0x00000000ecb00000| Complete 
| 204|0x00000000ecc00000, 0x00000000ecd00000, 0x00000000ecd00000|100%| E|CS|TAMS 0x00000000ecc00000| PB 0x00000000ecc00000| Complete 
| 205|0x00000000ecd00000, 0x00000000ece00000, 0x00000000ece00000|100%| E|CS|TAMS 0x00000000ecd00000| PB 0x00000000ecd00000| Complete 
| 206|0x00000000ece00000, 0x00000000ecf00000, 0x00000000ecf00000|100%| E|CS|TAMS 0x00000000ece00000| PB 0x00000000ece00000| Complete 
| 207|0x00000000ecf00000, 0x00000000ed000000, 0x00000000ed000000|100%| E|CS|TAMS 0x00000000ecf00000| PB 0x00000000ecf00000| Complete 
| 208|0x00000000ed000000, 0x00000000ed100000, 0x00000000ed100000|100%| E|CS|TAMS 0x00000000ed000000| PB 0x00000000ed000000| Complete 
| 209|0x00000000ed100000, 0x00000000ed200000, 0x00000000ed200000|100%| E|CS|TAMS 0x00000000ed100000| PB 0x00000000ed100000| Complete 
| 210|0x00000000ed200000, 0x00000000ed300000, 0x00000000ed300000|100%| E|CS|TAMS 0x00000000ed200000| PB 0x00000000ed200000| Complete 
| 211|0x00000000ed300000, 0x00000000ed400000, 0x00000000ed400000|100%| E|CS|TAMS 0x00000000ed300000| PB 0x00000000ed300000| Complete 
| 212|0x00000000ed400000, 0x00000000ed500000, 0x00000000ed500000|100%| E|CS|TAMS 0x00000000ed400000| PB 0x00000000ed400000| Complete 
| 213|0x00000000ed500000, 0x00000000ed600000, 0x00000000ed600000|100%| E|CS|TAMS 0x00000000ed500000| PB 0x00000000ed500000| Complete 
| 214|0x00000000ed600000, 0x00000000ed700000, 0x00000000ed700000|100%| E|CS|TAMS 0x00000000ed600000| PB 0x00000000ed600000| Complete 
| 215|0x00000000ed700000, 0x00000000ed800000, 0x00000000ed800000|100%| E|CS|TAMS 0x00000000ed700000| PB 0x00000000ed700000| Complete 
| 216|0x00000000ed800000, 0x00000000ed900000, 0x00000000ed900000|100%| E|CS|TAMS 0x00000000ed800000| PB 0x00000000ed800000| Complete 
| 217|0x00000000ed900000, 0x00000000eda00000, 0x00000000eda00000|100%| E|CS|TAMS 0x00000000ed900000| PB 0x00000000ed900000| Complete 
| 218|0x00000000eda00000, 0x00000000edb00000, 0x00000000edb00000|100%| E|CS|TAMS 0x00000000eda00000| PB 0x00000000eda00000| Complete 
| 219|0x00000000edb00000, 0x00000000edc00000, 0x00000000edc00000|100%| E|CS|TAMS 0x00000000edb00000| PB 0x00000000edb00000| Complete 
| 220|0x00000000edc00000, 0x00000000edd00000, 0x00000000edd00000|100%| E|CS|TAMS 0x00000000edc00000| PB 0x00000000edc00000| Complete 
| 221|0x00000000edd00000, 0x00000000ede00000, 0x00000000ede00000|100%| E|CS|TAMS 0x00000000edd00000| PB 0x00000000edd00000| Complete 
| 222|0x00000000ede00000, 0x00000000edf00000, 0x00000000edf00000|100%| E|CS|TAMS 0x00000000ede00000| PB 0x00000000ede00000| Complete 
| 223|0x00000000edf00000, 0x00000000ee000000, 0x00000000ee000000|100%| E|CS|TAMS 0x00000000edf00000| PB 0x00000000edf00000| Complete 
| 224|0x00000000ee000000, 0x00000000ee100000, 0x00000000ee100000|100%| E|CS|TAMS 0x00000000ee000000| PB 0x00000000ee000000| Complete 
| 225|0x00000000ee100000, 0x00000000ee200000, 0x00000000ee200000|100%| E|CS|TAMS 0x00000000ee100000| PB 0x00000000ee100000| Complete 
| 226|0x00000000ee200000, 0x00000000ee300000, 0x00000000ee300000|100%| E|CS|TAMS 0x00000000ee200000| PB 0x00000000ee200000| Complete 
| 227|0x00000000ee300000, 0x00000000ee400000, 0x00000000ee400000|100%| E|CS|TAMS 0x00000000ee300000| PB 0x00000000ee300000| Complete 
| 228|0x00000000ee400000, 0x00000000ee500000, 0x00000000ee500000|100%| E|CS|TAMS 0x00000000ee400000| PB 0x00000000ee400000| Complete 
| 229|0x00000000ee500000, 0x00000000ee600000, 0x00000000ee600000|100%| E|CS|TAMS 0x00000000ee500000| PB 0x00000000ee500000| Complete 
| 230|0x00000000ee600000, 0x00000000ee700000, 0x00000000ee700000|100%| E|CS|TAMS 0x00000000ee600000| PB 0x00000000ee600000| Complete 
| 231|0x00000000ee700000, 0x00000000ee800000, 0x00000000ee800000|100%| E|CS|TAMS 0x00000000ee700000| PB 0x00000000ee700000| Complete 
| 232|0x00000000ee800000, 0x00000000ee900000, 0x00000000ee900000|100%| E|CS|TAMS 0x00000000ee800000| PB 0x00000000ee800000| Complete 
| 233|0x00000000ee900000, 0x00000000eea00000, 0x00000000eea00000|100%| E|CS|TAMS 0x00000000ee900000| PB 0x00000000ee900000| Complete 
| 234|0x00000000eea00000, 0x00000000eeb00000, 0x00000000eeb00000|100%| E|CS|TAMS 0x00000000eea00000| PB 0x00000000eea00000| Complete 
| 235|0x00000000eeb00000, 0x00000000eec00000, 0x00000000eec00000|100%| E|CS|TAMS 0x00000000eeb00000| PB 0x00000000eeb00000| Complete 
| 236|0x00000000eec00000, 0x00000000eed00000, 0x00000000eed00000|100%| E|CS|TAMS 0x00000000eec00000| PB 0x00000000eec00000| Complete 
| 237|0x00000000eed00000, 0x00000000eee00000, 0x00000000eee00000|100%| E|CS|TAMS 0x00000000eed00000| PB 0x00000000eed00000| Complete 
| 238|0x00000000eee00000, 0x00000000eef00000, 0x00000000eef00000|100%| E|CS|TAMS 0x00000000eee00000| PB 0x00000000eee00000| Complete 
| 239|0x00000000eef00000, 0x00000000ef000000, 0x00000000ef000000|100%| E|CS|TAMS 0x00000000eef00000| PB 0x00000000eef00000| Complete 
| 240|0x00000000ef000000, 0x00000000ef100000, 0x00000000ef100000|100%| E|CS|TAMS 0x00000000ef000000| PB 0x00000000ef000000| Complete 
| 241|0x00000000ef100000, 0x00000000ef200000, 0x00000000ef200000|100%| E|CS|TAMS 0x00000000ef100000| PB 0x00000000ef100000| Complete 
| 242|0x00000000ef200000, 0x00000000ef300000, 0x00000000ef300000|100%| E|CS|TAMS 0x00000000ef200000| PB 0x00000000ef200000| Complete 
| 243|0x00000000ef300000, 0x00000000ef400000, 0x00000000ef400000|100%| E|CS|TAMS 0x00000000ef300000| PB 0x00000000ef300000| Complete 
| 244|0x00000000ef400000, 0x00000000ef500000, 0x00000000ef500000|100%| E|CS|TAMS 0x00000000ef400000| PB 0x00000000ef400000| Complete 
| 245|0x00000000ef500000, 0x00000000ef600000, 0x00000000ef600000|100%| E|CS|TAMS 0x00000000ef500000| PB 0x00000000ef500000| Complete 
| 246|0x00000000ef600000, 0x00000000ef700000, 0x00000000ef700000|100%| E|CS|TAMS 0x00000000ef600000| PB 0x00000000ef600000| Complete 
| 247|0x00000000ef700000, 0x00000000ef800000, 0x00000000ef800000|100%| E|CS|TAMS 0x00000000ef700000| PB 0x00000000ef700000| Complete 
| 248|0x00000000ef800000, 0x00000000ef900000, 0x00000000ef900000|100%| E|CS|TAMS 0x00000000ef800000| PB 0x00000000ef800000| Complete 
| 249|0x00000000ef900000, 0x00000000efa00000, 0x00000000efa00000|100%| E|CS|TAMS 0x00000000ef900000| PB 0x00000000ef900000| Complete 
| 250|0x00000000efa00000, 0x00000000efb00000, 0x00000000efb00000|100%| E|CS|TAMS 0x00000000efa00000| PB 0x00000000efa00000| Complete 
| 251|0x00000000efb00000, 0x00000000efc00000, 0x00000000efc00000|100%| E|CS|TAMS 0x00000000efb00000| PB 0x00000000efb00000| Complete 
| 252|0x00000000efc00000, 0x00000000efd00000, 0x00000000efd00000|100%| E|CS|TAMS 0x00000000efc00000| PB 0x00000000efc00000| Complete 
| 253|0x00000000efd00000, 0x00000000efe00000, 0x00000000efe00000|100%| E|CS|TAMS 0x00000000efd00000| PB 0x00000000efd00000| Complete 
| 254|0x00000000efe00000, 0x00000000eff00000, 0x00000000eff00000|100%| E|CS|TAMS 0x00000000efe00000| PB 0x00000000efe00000| Complete 
| 255|0x00000000eff00000, 0x00000000f0000000, 0x00000000f0000000|100%| E|CS|TAMS 0x00000000eff00000| PB 0x00000000eff00000| Complete 

Card table byte_map: [0x000002a8ce440000,0x000002a8ce540000] _byte_map_base: 0x000002a8cdd40000

Marking Bits: (CMBitMap*) 0x000002a8b695dc80
 Bits: [0x000002a8ce540000, 0x000002a8ced40000)

Polling page: 0x000002a8b6030000

Metaspace:

Usage:
  Non-class:     15.47 MB used.
      Class:      1.92 MB used.
       Both:     17.39 MB used.

Virtual space:
  Non-class space:       64.00 MB reserved,      15.62 MB ( 24%) committed,  1 nodes.
      Class space:        1.00 GB reserved,       2.06 MB ( <1%) committed,  1 nodes.
             Both:        1.06 GB reserved,      17.69 MB (  2%) committed. 

Chunk freelists:
   Non-Class:  15.94 MB
       Class:  13.82 MB
        Both:  29.76 MB

MaxMetaspaceSize: unlimited
CompressedClassSpaceSize: 1.00 GB
Initial GC threshold: 21.00 MB
Current GC threshold: 21.00 MB
CDS: on
 - commit_granule_bytes: 65536.
 - commit_granule_words: 8192.
 - virtual_space_node_default_size: 8388608.
 - enlarge_chunks_in_place: 1.
 - use_allocation_guard: 0.


Internal statistics:

num_allocs_failed_limit: 0.
num_arena_births: 204.
num_arena_deaths: 0.
num_vsnodes_births: 2.
num_vsnodes_deaths: 0.
num_space_committed: 283.
num_space_uncommitted: 0.
num_chunks_returned_to_freelist: 0.
num_chunks_taken_from_freelist: 791.
num_chunk_merges: 0.
num_chunk_splits: 550.
num_chunks_enlarged: 456.
num_inconsistent_stats: 0.

CodeHeap 'non-profiled nmethods': size=120000Kb used=3329Kb max_used=3329Kb free=116670Kb
 bounds [0x000002a8c6ae0000, 0x000002a8c6e30000, 0x000002a8ce010000]
CodeHeap 'profiled nmethods': size=120000Kb used=11723Kb max_used=11723Kb free=108276Kb
 bounds [0x000002a8bf010000, 0x000002a8bfb90000, 0x000002a8c6540000]
CodeHeap 'non-nmethods': size=5760Kb used=1568Kb max_used=1646Kb free=4191Kb
 bounds [0x000002a8c6540000, 0x000002a8c67b0000, 0x000002a8c6ae0000]
 total_blobs=5892 nmethods=5383 adapters=413
 compilation: enabled
              stopped_count=0, restarted_count=0
 full_count=0

Compilation events (20 events):
Event: 3.933 Thread 0x000002a8d1914540 5355       3       org.apache.maven.model.Exclusion::<init> (5 bytes)
Event: 3.933 Thread 0x000002a8d1914540 nmethod 5355 0x000002a8bfb6ad90 code [0x000002a8bfb6af40, 0x000002a8bfb6b0a8]
Event: 3.934 Thread 0x000002a8d1914540 5356       3       org.apache.maven.model.building.ModelCacheTag$1::fromCache (9 bytes)
Event: 3.934 Thread 0x000002a8d1914540 nmethod 5356 0x000002a8bfb6b190 code [0x000002a8bfb6b360, 0x000002a8bfb6b610]
Event: 3.934 Thread 0x000002a8d1914540 5357       3       org.apache.maven.model.building.ModelCacheTag$1::fromCache (6 bytes)
Event: 3.934 Thread 0x000002a8d1914540 nmethod 5357 0x000002a8bfb6b710 code [0x000002a8bfb6b8c0, 0x000002a8bfb6ba18]
Event: 3.938 Thread 0x000002a8d1a86190 nmethod 5352 0x000002a8c6e1ef90 code [0x000002a8c6e1f220, 0x000002a8c6e1fb58]
Event: 3.938 Thread 0x000002a8d1a86190 5354   !   4       org.apache.maven.model.Model::clone (502 bytes)
Event: 3.946 Thread 0x000002a8d1914540 5359       3       java.util.ArrayList::equals (62 bytes)
Event: 3.946 Thread 0x000002a8d1914540 nmethod 5359 0x000002a8bfb6bb10 code [0x000002a8bfb6bd20, 0x000002a8bfb6c508]
Event: 3.949 Thread 0x000002a8d1914540 5360       3       org.apache.maven.model.merge.ModelMerger::mergeDistributionManagement_Status (43 bytes)
Event: 3.949 Thread 0x000002a8d1914540 nmethod 5360 0x000002a8bfb6c710 code [0x000002a8bfb6c8e0, 0x000002a8bfb6cc08]
Event: 3.949 Thread 0x000002a8d1914540 5361       3       org.apache.maven.model.merge.ModelMerger::mergeDependencyManagement_Dependencies (26 bytes)
Event: 3.950 Thread 0x000002a8d1914540 nmethod 5361 0x000002a8bfb6cd90 code [0x000002a8bfb6cfe0, 0x000002a8bfb6da28]
Event: 3.954 Thread 0x000002a8d1914540 5362       3       org.apache.maven.model.merge.ModelMerger::mergeDistributionManagement_DownloadUrl (43 bytes)
Event: 3.955 Thread 0x000002a8d1914540 nmethod 5362 0x000002a8bfb6dd90 code [0x000002a8bfb6df60, 0x000002a8bfb6e248]
Event: 3.955 Thread 0x000002a8d1914540 5363       3       org.codehaus.plexus.interpolation.PrefixedValueSourceWrapper::<init> (37 bytes)
Event: 3.955 Thread 0x000002a8d1914540 nmethod 5363 0x000002a8bfb6e390 code [0x000002a8bfb6e560, 0x000002a8bfb6eab8]
Event: 3.955 Thread 0x000002a8d1914540 5364       3       java.lang.invoke.LambdaForm$MH/0x000002a8d3218000::invoke (42 bytes)
Event: 3.955 Thread 0x000002a8d1914540 nmethod 5364 0x000002a8bfb6ec10 code [0x000002a8bfb6ee40, 0x000002a8bfb6f780]

GC Heap History (6 events):
Event: 0.564 GC heap before
{Heap before GC invocations=0 (full 0):
 garbage-first heap   total 262144K, used 22528K [0x00000000e0000000, 0x0000000100000000)
  region size 1024K, 23 young (23552K), 0 survivors (0K)
 Metaspace       used 5655K, committed 5888K, reserved 1114112K
  class space    used 653K, committed 768K, reserved 1048576K
}
Event: 0.569 GC heap after
{Heap after GC invocations=1 (full 0):
 garbage-first heap   total 262144K, used 3803K [0x00000000e0000000, 0x0000000100000000)
  region size 1024K, 3 young (3072K), 3 survivors (3072K)
 Metaspace       used 5655K, committed 5888K, reserved 1114112K
  class space    used 653K, committed 768K, reserved 1048576K
}
Event: 1.048 GC heap before
{Heap before GC invocations=1 (full 0):
 garbage-first heap   total 262144K, used 35547K [0x00000000e0000000, 0x0000000100000000)
  region size 1024K, 34 young (34816K), 3 survivors (3072K)
 Metaspace       used 9688K, committed 9856K, reserved 1114112K
  class space    used 1137K, committed 1216K, reserved 1048576K
}
Event: 1.051 GC heap after
{Heap after GC invocations=2 (full 0):
 garbage-first heap   total 262144K, used 5532K [0x00000000e0000000, 0x0000000100000000)
  region size 1024K, 2 young (2048K), 2 survivors (2048K)
 Metaspace       used 9688K, committed 9856K, reserved 1114112K
  class space    used 1137K, committed 1216K, reserved 1048576K
}
Event: 2.647 GC heap before
{Heap before GC invocations=2 (full 0):
 garbage-first heap   total 262144K, used 160156K [0x00000000e0000000, 0x0000000100000000)
  region size 1024K, 153 young (156672K), 2 survivors (2048K)
 Metaspace       used 16431K, committed 16704K, reserved 1114112K
  class space    used 1870K, committed 1984K, reserved 1048576K
}
Event: 2.661 GC heap after
{Heap after GC invocations=3 (full 0):
 garbage-first heap   total 262144K, used 24008K [0x00000000e0000000, 0x0000000100000000)
  region size 1024K, 20 young (20480K), 20 survivors (20480K)
 Metaspace       used 16431K, committed 16704K, reserved 1114112K
  class space    used 1870K, committed 1984K, reserved 1048576K
}

Dll operation events (8 events):
Event: 0.006 Loaded shared library C:\Users\hama\.jdks\corretto-21.0.5\bin\java.dll
Event: 0.033 Loaded shared library C:\Users\hama\.jdks\corretto-21.0.5\bin\jsvml.dll
Event: 0.052 Loaded shared library C:\Users\hama\.jdks\corretto-21.0.5\bin\net.dll
Event: 0.054 Loaded shared library C:\Users\hama\.jdks\corretto-21.0.5\bin\nio.dll
Event: 0.057 Loaded shared library C:\Users\hama\.jdks\corretto-21.0.5\bin\zip.dll
Event: 0.188 Loaded shared library C:\Users\hama\.jdks\corretto-21.0.5\bin\jimage.dll
Event: 0.190 Loaded shared library C:\Users\hama\AppData\Roaming\Windsurf\User\globalStorage\pleiades.java-extension-pack-jdk\maven\latest\lib\jansi-native\Windows\x86_64\jansi.dll
Event: 0.204 Loaded shared library C:\Users\hama\.jdks\corretto-21.0.5\bin\verify.dll

Deoptimization events (20 events):
Event: 3.644 Thread 0x000002a8b69358f0 DEOPT PACKING pc=0x000002a8c6de4eb0 sp=0x000000ae0a0fd260
Event: 3.644 Thread 0x000002a8b69358f0 DEOPT UNPACKING pc=0x000002a8c6597da2 sp=0x000000ae0a0fd1e8 mode 2
Event: 3.657 Thread 0x000002a8b69358f0 Uncommon trap: trap_request=0xffffff45 fr.pc=0x000002a8c6d8b540 relative=0x0000000000003040
Event: 3.657 Thread 0x000002a8b69358f0 Uncommon trap: reason=unstable_if action=reinterpret pc=0x000002a8c6d8b540 method=org.codehaus.plexus.interpolation.util.StringUtils.capitalizeFirstLetter(Ljava/lang/String;)Ljava/lang/String; @ 13 c2
Event: 3.657 Thread 0x000002a8b69358f0 DEOPT PACKING pc=0x000002a8c6d8b540 sp=0x000000ae0a0fb7c0
Event: 3.657 Thread 0x000002a8b69358f0 DEOPT UNPACKING pc=0x000002a8c6597da2 sp=0x000000ae0a0fb748 mode 2
Event: 3.689 Thread 0x000002a8b69358f0 DEOPT PACKING pc=0x000002a8bf64f4f9 sp=0x000000ae0a0fb8e0
Event: 3.689 Thread 0x000002a8b69358f0 DEOPT UNPACKING pc=0x000002a8c65988e2 sp=0x000000ae0a0faf10 mode 0
Event: 3.821 Thread 0x000002a8b69358f0 Uncommon trap: trap_request=0xffffff45 fr.pc=0x000002a8c6d5e260 relative=0x00000000000001a0
Event: 3.821 Thread 0x000002a8b69358f0 Uncommon trap: reason=unstable_if action=reinterpret pc=0x000002a8c6d5e260 method=org.apache.maven.model.merge.ModelMerger.mergePlugin_Extensions(Lorg/apache/maven/model/Plugin;Lorg/apache/maven/model/Plugin;ZLjava/util/Map;)V @ 19 c2
Event: 3.821 Thread 0x000002a8b69358f0 DEOPT PACKING pc=0x000002a8c6d5e260 sp=0x000000ae0a0fba10
Event: 3.821 Thread 0x000002a8b69358f0 DEOPT UNPACKING pc=0x000002a8c6597da2 sp=0x000000ae0a0fb9a0 mode 2
Event: 3.914 Thread 0x000002a8b69358f0 Uncommon trap: trap_request=0xffffff45 fr.pc=0x000002a8c6d116e4 relative=0x00000000000018c4
Event: 3.914 Thread 0x000002a8b69358f0 Uncommon trap: reason=unstable_if action=reinterpret pc=0x000002a8c6d116e4 method=org.codehaus.plexus.util.xml.pull.MXParser.parseCharOrPredefinedEntityRef()I @ 765 c2
Event: 3.914 Thread 0x000002a8b69358f0 DEOPT PACKING pc=0x000002a8c6d116e4 sp=0x000000ae0a0fbd00
Event: 3.914 Thread 0x000002a8b69358f0 DEOPT UNPACKING pc=0x000002a8c6597da2 sp=0x000000ae0a0fbca8 mode 2
Event: 3.914 Thread 0x000002a8b69358f0 Uncommon trap: trap_request=0xffffff45 fr.pc=0x000002a8c6d0d728 relative=0x0000000000000088
Event: 3.914 Thread 0x000002a8b69358f0 Uncommon trap: reason=unstable_if action=reinterpret pc=0x000002a8c6d0d728 method=org.codehaus.plexus.util.xml.pull.MXParser.parseEntityRef()V @ 22 c2
Event: 3.914 Thread 0x000002a8b69358f0 DEOPT PACKING pc=0x000002a8c6d0d728 sp=0x000000ae0a0fbd80
Event: 3.914 Thread 0x000002a8b69358f0 DEOPT UNPACKING pc=0x000002a8c6597da2 sp=0x000000ae0a0fbd08 mode 2

Classes loaded (20 events):
Event: 3.583 Loading class java/time/zone/ZoneRulesProvider
Event: 3.583 Loading class java/time/zone/ZoneRulesProvider done
Event: 3.583 Loading class java/time/zone/ZoneRulesProvider$1
Event: 3.583 Loading class java/time/zone/ZoneRulesProvider$1 done
Event: 3.583 Loading class java/time/zone/TzdbZoneRulesProvider
Event: 3.583 Loading class java/time/zone/TzdbZoneRulesProvider done
Event: 3.586 Loading class java/time/zone/Ser
Event: 3.586 Loading class java/io/Externalizable
Event: 3.586 Loading class java/io/Externalizable done
Event: 3.586 Loading class java/time/zone/Ser done
Event: 3.587 Loading class java/time/Month
Event: 3.588 Loading class java/time/Month done
Event: 3.588 Loading class java/time/DayOfWeek
Event: 3.588 Loading class java/time/DayOfWeek done
Event: 3.588 Loading class java/time/zone/ZoneOffsetTransitionRule$TimeDefinition
Event: 3.588 Loading class java/time/zone/ZoneOffsetTransitionRule$TimeDefinition done
Event: 3.589 Loading class java/time/zone/ZoneOffsetTransition
Event: 3.589 Loading class java/time/zone/ZoneOffsetTransition done
Event: 3.598 Loading class jdk/internal/reflect/MethodHandleBooleanFieldAccessorImpl
Event: 3.598 Loading class jdk/internal/reflect/MethodHandleBooleanFieldAccessorImpl done

Classes unloaded (0 events):
No events

Classes redefined (0 events):
No events

Internal exceptions (20 events):
Event: 1.391 Thread 0x000002a8b69358f0 Exception <a 'java/lang/NoSuchMethodError'{0x00000000eefb2968}: 'java.lang.Object java.lang.invoke.DirectMethodHandle$Holder.invokeStaticInit(java.lang.Object, int, int, int, int)'> (0x00000000eefb2968) 
thrown [s\src\hotspot\share\interpreter\linkResolver.cpp, line 773]
Event: 1.482 Thread 0x000002a8b69358f0 Implicit null exception at 0x000002a8c6b0d824 to 0x000002a8c6b0deec
Event: 1.482 Thread 0x000002a8b69358f0 Implicit null exception at 0x000002a8c6b122a0 to 0x000002a8c6b12958
Event: 1.508 Thread 0x000002a8b69358f0 Exception <a 'java/lang/NoSuchMethodError'{0x00000000ee9a74c8}: 'void java.lang.invoke.DirectMethodHandle$Holder.invokeSpecial(java.lang.Object, java.lang.Object, java.lang.Object, java.lang.Object, java.lang.Object)'> (0x00000000ee9a74c8) 
thrown [s\src\hotspot\share\interpreter\linkResolver.cpp, line 773]
Event: 1.511 Thread 0x000002a8b69358f0 Exception <a 'java/lang/NoSuchMethodError'{0x00000000ee9c1ff0}: 'void java.lang.invoke.DirectMethodHandle$Holder.invokeSpecial(java.lang.Object, java.lang.Object, java.lang.Object, java.lang.Object, java.lang.Object, java.lang.Object)'> (0x00000000ee9c1ff0) 
thrown [s\src\hotspot\share\interpreter\linkResolver.cpp, line 773]
Event: 1.525 Thread 0x000002a8b69358f0 Exception <a 'java/lang/NoSuchMethodError'{0x00000000ee8d2e70}: 'java.lang.Object java.lang.invoke.DirectMethodHandle$Holder.invokeVirtual(java.lang.Object, java.lang.Object, java.lang.Object)'> (0x00000000ee8d2e70) 
thrown [s\src\hotspot\share\interpreter\linkResolver.cpp, line 773]
Event: 1.576 Thread 0x000002a8b69358f0 Exception <a 'java/lang/NoSuchMethodError'{0x00000000ee6bdbd0}: 'void java.lang.invoke.DirectMethodHandle$Holder.invokeVirtual(java.lang.Object, java.lang.Object, int)'> (0x00000000ee6bdbd0) 
thrown [s\src\hotspot\share\interpreter\linkResolver.cpp, line 773]
Event: 1.576 Thread 0x000002a8b69358f0 Exception <a 'java/lang/NoSuchMethodError'{0x00000000ee6c19e0}: 'void java.lang.invoke.DirectMethodHandle$Holder.invokeSpecial(java.lang.Object, java.lang.Object, java.lang.Object, int)'> (0x00000000ee6c19e0) 
thrown [s\src\hotspot\share\interpreter\linkResolver.cpp, line 773]
Event: 1.576 Thread 0x000002a8b69358f0 Exception <a 'java/lang/NoSuchMethodError'{0x00000000ee6c50c0}: 'void java.lang.invoke.DelegatingMethodHandle$Holder.reinvoke_L(java.lang.Object, java.lang.Object, int)'> (0x00000000ee6c50c0) 
thrown [s\src\hotspot\share\interpreter\linkResolver.cpp, line 773]
Event: 2.455 Thread 0x000002a8b69358f0 Exception <a 'java/lang/NoSuchMethodError'{0x00000000e76fab78}: 'java.lang.Object java.lang.invoke.DirectMethodHandle$Holder.invokeInterface(java.lang.Object, java.lang.Object, java.lang.Object, java.lang.Object, java.lang.Object)'> (0x00000000e76fab78) 
thrown [s\src\hotspot\share\interpreter\linkResolver.cpp, line 773]
Event: 2.472 Thread 0x000002a8b69358f0 Exception <a 'java/lang/NoSuchMethodError'{0x00000000e74816e0}: 'void java.lang.invoke.DirectMethodHandle$Holder.invokeInterface(java.lang.Object, java.lang.Object, java.lang.Object)'> (0x00000000e74816e0) 
thrown [s\src\hotspot\share\interpreter\linkResolver.cpp, line 773]
Event: 3.400 Thread 0x000002a8b69358f0 Implicit null exception at 0x000002a8c6bb9a1a to 0x000002a8c6bb9c24
Event: 3.400 Thread 0x000002a8b69358f0 Implicit null exception at 0x000002a8c6d53b18 to 0x000002a8c6d53ce4
Event: 3.400 Thread 0x000002a8b69358f0 Implicit null exception at 0x000002a8c6b895bd to 0x000002a8c6b89641
Event: 3.514 Thread 0x000002a8b69358f0 Exception <a 'java/lang/NoSuchMethodError'{0x00000000eb33bd20}: 'java.lang.Object java.lang.invoke.DirectMethodHandle$Holder.newInvokeSpecial(java.lang.Object, java.lang.Object, java.lang.Object, java.lang.Object, java.lang.Object, java.lang.Object, java.lang.Object)'> (0x00000000eb33bd20) 
thrown [s\src\hotspot\share\interpreter\linkResolver.cpp, line 773]
Event: 3.515 Thread 0x000002a8b69358f0 Implicit null exception at 0x000002a8c6d90692 to 0x000002a8c6d912b4
Event: 3.558 Thread 0x000002a8b69358f0 Implicit null exception at 0x000002a8c6d0ed5f to 0x000002a8c6d0f530
Event: 3.564 Thread 0x000002a8b69358f0 Exception <a 'java/lang/NoSuchMethodError'{0x00000000eb06ab98}: 'int java.lang.invoke.DirectMethodHandle$Holder.invokeVirtual(java.lang.Object, java.lang.Object)'> (0x00000000eb06ab98) 
thrown [s\src\hotspot\share\interpreter\linkResolver.cpp, line 773]
Event: 3.582 Thread 0x000002a8b69358f0 Implicit null exception at 0x000002a8c6d4df69 to 0x000002a8c6d4e71c
Event: 3.599 Thread 0x000002a8b69358f0 Exception <a 'java/lang/NoSuchMethodError'{0x00000000eafe28b8}: 'void java.lang.invoke.Invokers$Holder.invokeExact_MT(java.lang.Object, java.lang.Object, int, java.lang.Object)'> (0x00000000eafe28b8) 
thrown [s\src\hotspot\share\interpreter\linkResolver.cpp, line 773]

ZGC Phase Switch (0 events):
No events

VM Operations (20 events):
Event: 1.448 Executing VM operation: ICBufferFull
Event: 1.448 Executing VM operation: ICBufferFull done
Event: 1.459 Executing VM operation: HandshakeAllThreads (Deoptimize)
Event: 1.459 Executing VM operation: HandshakeAllThreads (Deoptimize) done
Event: 1.714 Executing VM operation: ICBufferFull
Event: 1.714 Executing VM operation: ICBufferFull done
Event: 2.004 Executing VM operation: ICBufferFull
Event: 2.004 Executing VM operation: ICBufferFull done
Event: 2.462 Executing VM operation: HandshakeAllThreads (Deoptimize)
Event: 2.462 Executing VM operation: HandshakeAllThreads (Deoptimize) done
Event: 2.511 Executing VM operation: ICBufferFull
Event: 2.511 Executing VM operation: ICBufferFull done
Event: 2.647 Executing VM operation: G1CollectForAllocation (G1 Evacuation Pause)
Event: 2.661 Executing VM operation: G1CollectForAllocation (G1 Evacuation Pause) done
Event: 3.043 Executing VM operation: ICBufferFull
Event: 3.043 Executing VM operation: ICBufferFull done
Event: 3.537 Executing VM operation: ICBufferFull
Event: 3.537 Executing VM operation: ICBufferFull done
Event: 3.814 Executing VM operation: ICBufferFull
Event: 3.814 Executing VM operation: ICBufferFull done

Memory protections (0 events):
No events

Nmethod flushes (0 events):
No events

Events (16 events):
Event: 0.020 Thread 0x000002a8b69358f0 Thread added: 0x000002a8b69358f0
Event: 0.031 Thread 0x000002a8b69358f0 Thread added: 0x000002a8d17bb680
Event: 0.031 Thread 0x000002a8b69358f0 Thread added: 0x000002a8d17be0e0
Event: 0.031 Thread 0x000002a8b69358f0 Thread added: 0x000002a8d1902490
Event: 0.031 Thread 0x000002a8b69358f0 Thread added: 0x000002a8d1903010
Event: 0.031 Thread 0x000002a8b69358f0 Thread added: 0x000002a8d1903cc0
Event: 0.031 Thread 0x000002a8b69358f0 Thread added: 0x000002a8d1904c50
Event: 0.031 Thread 0x000002a8b69358f0 Thread added: 0x000002a8d1911e90
Event: 0.031 Thread 0x000002a8b69358f0 Thread added: 0x000002a8d1914540
Event: 0.047 Thread 0x000002a8b69358f0 Thread added: 0x000002a8d1a674d0
Event: 0.049 Thread 0x000002a8b69358f0 Thread added: 0x000002a8d1a69b20
Event: 0.089 Thread 0x000002a8d1914540 Thread added: 0x000002a8d1a86190
Event: 0.186 Thread 0x000002a8b69358f0 Thread added: 0x000002a8d1cfe040
Event: 0.193 Thread 0x000002a8d1cfe040 Thread exited: 0x000002a8d1cfe040
Event: 0.536 Thread 0x000002a8d1914540 Thread added: 0x000002a917466630
Event: 1.436 Thread 0x000002a8b69358f0 Thread added: 0x000002a9184a9950


Dynamic libraries:
0x00007ff6ebb70000 - 0x00007ff6ebb7e000 	C:\Users\hama\.jdks\corretto-21.0.5\bin\java.exe
0x00007ffec1aa0000 - 0x00007ffec1d08000 	C:\WINDOWS\SYSTEM32\ntdll.dll
0x00007ffebf870000 - 0x00007ffebf939000 	C:\WINDOWS\System32\KERNEL32.DLL
0x00007ffebedb0000 - 0x00007ffebf1a2000 	C:\WINDOWS\System32\KERNELBASE.dll
0x00007ffebec30000 - 0x00007ffebed7b000 	C:\WINDOWS\System32\ucrtbase.dll
0x00007ffeafb70000 - 0x00007ffeafb8b000 	C:\Users\hama\.jdks\corretto-21.0.5\bin\VCRUNTIME140.dll
0x00007ffea98d0000 - 0x00007ffea98e8000 	C:\Users\hama\.jdks\corretto-21.0.5\bin\jli.dll
0x00007ffec11c0000 - 0x00007ffec1385000 	C:\WINDOWS\System32\USER32.dll
0x00007ffebed80000 - 0x00007ffebeda7000 	C:\WINDOWS\System32\win32u.dll
0x00007ffea26e0000 - 0x00007ffea2973000 	C:\WINDOWS\WinSxS\amd64_microsoft.windows.common-controls_6595b64144ccf1df_6.0.26100.6899_none_3e0efeeae32e88c1\COMCTL32.dll
0x00007ffec0940000 - 0x00007ffec096b000 	C:\WINDOWS\System32\GDI32.dll
0x00007ffec0890000 - 0x00007ffec0939000 	C:\WINDOWS\System32\msvcrt.dll
0x00007ffebf490000 - 0x00007ffebf5bd000 	C:\WINDOWS\System32\gdi32full.dll
0x00007ffebf1b0000 - 0x00007ffebf253000 	C:\WINDOWS\System32\msvcp_win.dll
0x00007ffec1a20000 - 0x00007ffec1a4f000 	C:\WINDOWS\System32\IMM32.DLL
0x00007ffebb060000 - 0x00007ffebb06c000 	C:\Users\hama\.jdks\corretto-21.0.5\bin\vcruntime140_1.dll
0x00007ffea3e60000 - 0x00007ffea3eed000 	C:\Users\hama\.jdks\corretto-21.0.5\bin\msvcp140.dll
0x00007ffe0a2f0000 - 0x00007ffe0b08d000 	C:\Users\hama\.jdks\corretto-21.0.5\bin\server\jvm.dll
0x00007ffec1960000 - 0x00007ffec1a14000 	C:\WINDOWS\System32\ADVAPI32.dll
0x00007ffec0b60000 - 0x00007ffec0c06000 	C:\WINDOWS\System32\sechost.dll
0x00007ffec1590000 - 0x00007ffec16a8000 	C:\WINDOWS\System32\RPCRT4.dll
0x00007ffebfba0000 - 0x00007ffebfc14000 	C:\WINDOWS\System32\WS2_32.dll
0x00007ffebea90000 - 0x00007ffebeaee000 	C:\WINDOWS\SYSTEM32\POWRPROF.dll
0x00007ffeae7f0000 - 0x00007ffeae7fb000 	C:\WINDOWS\SYSTEM32\VERSION.dll
0x00007ffea3350000 - 0x00007ffea3385000 	C:\WINDOWS\SYSTEM32\WINMM.dll
0x00007ffebea70000 - 0x00007ffebea84000 	C:\WINDOWS\SYSTEM32\UMPDC.dll
0x00007ffebda00000 - 0x00007ffebda1b000 	C:\WINDOWS\SYSTEM32\kernel.appcore.dll
0x00007ffeb9190000 - 0x00007ffeb919a000 	C:\Users\hama\.jdks\corretto-21.0.5\bin\jimage.dll
0x00007ffebbda0000 - 0x00007ffebbfe2000 	C:\WINDOWS\SYSTEM32\DBGHELP.DLL
0x00007ffec0440000 - 0x00007ffec07bb000 	C:\WINDOWS\System32\combase.dll
0x00007ffec0c10000 - 0x00007ffec0ce7000 	C:\WINDOWS\System32\OLEAUT32.dll
0x00007ffe9a4c0000 - 0x00007ffe9a4fc000 	C:\WINDOWS\SYSTEM32\dbgcore.DLL
0x00007ffebf5c0000 - 0x00007ffebf658000 	C:\WINDOWS\System32\bcryptPrimitives.dll
0x00007ffea98b0000 - 0x00007ffea98cf000 	C:\Users\hama\.jdks\corretto-21.0.5\bin\java.dll
0x00007ffebfc20000 - 0x00007ffec036d000 	C:\WINDOWS\System32\SHELL32.dll
0x00007ffebf260000 - 0x00007ffebf3cb000 	C:\WINDOWS\System32\wintypes.dll
0x00007ffebc880000 - 0x00007ffebd0dd000 	C:\WINDOWS\SYSTEM32\windows.storage.dll
0x00007ffebf940000 - 0x00007ffebfa32000 	C:\WINDOWS\System32\SHCORE.dll
0x00007ffec13b0000 - 0x00007ffec1412000 	C:\WINDOWS\System32\shlwapi.dll
0x00007ffebeb50000 - 0x00007ffebeb79000 	C:\WINDOWS\SYSTEM32\profapi.dll
0x00007ffea3cf0000 - 0x00007ffea3dc7000 	C:\Users\hama\.jdks\corretto-21.0.5\bin\jsvml.dll
0x00007ffeadec0000 - 0x00007ffeaded0000 	C:\Users\hama\.jdks\corretto-21.0.5\bin\net.dll
0x00007ffeb8050000 - 0x00007ffeb816f000 	C:\WINDOWS\SYSTEM32\WINHTTP.dll
0x00007ffebdf70000 - 0x00007ffebdfdb000 	C:\WINDOWS\system32\mswsock.dll
0x00007ffea9890000 - 0x00007ffea98a6000 	C:\Users\hama\.jdks\corretto-21.0.5\bin\nio.dll
0x00007ffea9870000 - 0x00007ffea9888000 	C:\Users\hama\.jdks\corretto-21.0.5\bin\zip.dll
0x00007ffea9710000 - 0x00007ffea9734000 	C:\Users\hama\AppData\Roaming\Windsurf\User\globalStorage\pleiades.java-extension-pack-jdk\maven\latest\lib\jansi-native\Windows\x86_64\jansi.dll
0x00007ffea9700000 - 0x00007ffea9710000 	C:\Users\hama\.jdks\corretto-21.0.5\bin\verify.dll

dbghelp: loaded successfully - version: 4.0.5 - missing functions: none
symbol engine: initialized successfully - sym options: 0x614 - pdb path: .;C:\Users\hama\.jdks\corretto-21.0.5\bin;C:\WINDOWS\SYSTEM32;C:\WINDOWS\WinSxS\amd64_microsoft.windows.common-controls_6595b64144ccf1df_6.0.26100.6899_none_3e0efeeae32e88c1;C:\Users\hama\.jdks\corretto-21.0.5\bin\server;C:\Users\hama\AppData\Roaming\Windsurf\User\globalStorage\pleiades.java-extension-pack-jdk\maven\latest\lib\jansi-native\Windows\x86_64

VM Arguments:
jvm_args: -Dstdout.encoding=UTF-8 -Dstderr.encoding=UTF-8 --enable-native-access=ALL-UNNAMED -Xmx512m -Xms256m -Dclassworlds.conf=C:\Users\hama\AppData\Roaming\Windsurf\User\globalStorage\pleiades.java-extension-pack-jdk\maven\latest\bin\m2.conf -Dmaven.home=C:\Users\hama\AppData\Roaming\Windsurf\User\globalStorage\pleiades.java-extension-pack-jdk\maven\latest -Dlibrary.jansi.path=C:\Users\hama\AppData\Roaming\Windsurf\User\globalStorage\pleiades.java-extension-pack-jdk\maven\latest\lib\jansi-native -Dmaven.multiModuleProjectDirectory=C:\Users\hama\Desktop\pfe\commercial-pfe\demo 
java_command: org.codehaus.plexus.classworlds.launcher.Launcher clean compile sonar:sonar -DskipTests -Dsonar.login=sqa_b2e37fcb5059edf9a5793f277032438f09debec7
java_class_path (initial): C:\Users\hama\AppData\Roaming\Windsurf\User\globalStorage\pleiades.java-extension-pack-jdk\maven\latest\boot\plexus-classworlds-2.9.0.jar
Launcher Type: SUN_STANDARD

[Global flags]
     intx CICompilerCount                          = 4                                         {product} {ergonomic}
     uint ConcGCThreads                            = 2                                         {product} {ergonomic}
     uint G1ConcRefinementThreads                  = 8                                         {product} {ergonomic}
   size_t G1HeapRegionSize                         = 1048576                                   {product} {ergonomic}
    uintx GCDrainStackTargetSize                   = 64                                        {product} {ergonomic}
   size_t InitialHeapSize                          = 268435456                                 {product} {command line}
   size_t MarkStackSize                            = 4194304                                   {product} {ergonomic}
   size_t MaxHeapSize                              = 536870912                                 {product} {command line}
   size_t MaxNewSize                               = 321912832                                 {product} {ergonomic}
   size_t MinHeapDeltaBytes                        = 1048576                                   {product} {ergonomic}
   size_t MinHeapSize                              = 268435456                                 {product} {command line}
    uintx NonNMethodCodeHeapSize                   = 5839372                                {pd product} {ergonomic}
    uintx NonProfiledCodeHeapSize                  = 122909434                              {pd product} {ergonomic}
    uintx ProfiledCodeHeapSize                     = 122909434                              {pd product} {ergonomic}
    uintx ReservedCodeCacheSize                    = 251658240                              {pd product} {ergonomic}
     bool SegmentedCodeCache                       = true                                      {product} {ergonomic}
   size_t SoftMaxHeapSize                          = 536870912                              {manageable} {ergonomic}
     bool UseCompressedOops                        = true                           {product lp64_product} {ergonomic}
     bool UseG1GC                                  = true                                      {product} {ergonomic}
     bool UseLargePagesIndividualAllocation        = false                                  {pd product} {ergonomic}

Logging:
Log output configuration:
 #0: stdout all=warning uptime,level,tags foldmultilines=false
 #1: stderr all=off uptime,level,tags foldmultilines=false

Environment Variables:
JAVA_HOME=C:\Users\hama\.jdks\corretto-21.0.5
JAVA_TOOL_OPTIONS=-Dstdout.encoding=UTF-8 -Dstderr.encoding=UTF-8
PATH=C:\Users\hama\AppData\Roaming\Windsurf\User\globalStorage\pleiades.java-extension-pack-jdk\gradle\latest\bin;C:\Users\hama\AppData\Roaming\Windsurf\User\globalStorage\pleiades.java-extension-pack-jdk\maven\latest\bin;C:\Users\hama\.jdks\corretto-21.0.5\bin;c:\Users\hama\AppData\Local\Programs\cursor\resources\app\bin;C:\Program Files\Google\Chrome\Application;C:\Program Files\Python310\Scripts\;C:\Program Files\Python310\;C:\oraclexe\app\oracle\product\10.2.0\server\bin;C:\Program Files\Common Files\Oracle\Java\javapath;C:\Program Files\Common Files\Siemens\Automation\Simatic OAM\bin;C:\Program Files (x86)\Common Files\Oracle\Java\javapath;C:\oraclexe\app\oracle\product\11.2.0\server\bin;C:\WINDOWS\system32;C:\WINDOWS;C:\WINDOWS\System32\Wbem;C:\WINDOWS\System32\WindowsPowerShell\v1.0\;C:\WINDOWS\System32\OpenSSH\;C:\Program Files (x86)\Windows Kits\8.1\Windows Performance Toolkit\;C:\Users\hama\Desktop\xammpS\php;C:\ProgramData\ComposerSetup\bin;C:\Program Files\MATLAB\R2023b\bin;C:\Program Files\Microsoft SQL Server\150\Tools\Binn\;C:\Program Files\dotnet\;C:\Users\hama\Downloads\php-8.3.9;C:\xampp\php-8.3.9;C:;C:\Users\hama\Downloads\node-v22.16.0\node-v22.16.0;C:\ProgramData\Microsoft\Windows\Start Menu\Programs\Node.js\Node.js.lnk;C:\Program Files\nodejs\;C:\WINDOWS\system32;C:\WINDOWS;C:\WINDOWS\System32\Wbem;C:\WINDOWS\System32\WindowsPowerShell\v1.0\;C:\WINDOWS\System32\OpenSSH\;C:\Users\hama\Downloads\tesseract-ocr-w64-setup-5.5.0.20241111.exe;C:\Program Files\Git\cmd;C:\Program Files\Git\mingw64\bin;C:\Program Files\Git\usr\bin;C:\Program Files\Docker\Docker\resources\bin;C:\Program Files\Google\Chrome\Application;C:\Program Files\Python310\Scripts\;C:\Program Files\Python310\;C:\Program Files\Microsoft SDKs\Azure\CLI2\wbin;C:\oraclexe\app\oracle\product\10.2.0\server\bin;C:\Program Files\Common Files\Oracle\Java\javapath;C:\Program Files\Common Files\Siemens\Automation\Simatic OAM\bin;C:\Program Files (x86)\Common Files\Oracle\Java\javapath;C:\oraclexe\app\oracle\product\11.2.0\server\bin;C:\WINDOWS\system32;C:\WINDOWS;C:\WINDOWS\System32\Wbem;C:\WINDOWS\System32\WindowsPowerShell\v1.0\;C:\WINDOWS\System32\OpenSSH\;C:\Program Files (x86)\Windows Kits\8.1\Windows Performance Toolkit\;C:\Users\hama\Desktop\xammpS\php;C:\ProgramData\ComposerSetup\bin;C:\Program Files\MATLAB\R2023b\bin;C:\Program Files\Microsoft SQL Server\150\Tools\Binn\;C:\Program Files\Microsoft SQL Server\Client SDK\ODBC\170\Tools\Binn\;C:\Program Files\dotnet\;C:\Users\hama\Downloads\php-8.3.9;C:\xampp\php-8.3.9;C:;C:\Users\hama\Downloads\node-v22.16.0\node-v22.16.0;C:\ProgramData\Microsoft\Windows\Start Menu\Programs\Node.js\Node.js.lnk;C:\Users\hama\scoop\shims;C:\Users\hama\AppData\Local\Microsoft\WindowsApps;C:\Users\hama\AppData\Roaming\Composer\vendor\bin;C:\Users\hama;C:\Users\hama\Desktop\xammpS;C:\Users\hama\Desktop\xammpS\perl\lib\autodie\Scope;C:\Users\hama\scoop;C:\Users\hama\Desktop\xammpS\phpMyAdmin\vendor\symfony;C:\Users\hama\Downloads\xampp\php;C:\Users\hama\.dotnet\tools;C:\Users\hama\AppData\Local\GitHubDesktop\bin;C:\Users\hama\Downloads\php-8.3.9\php-8.3.9;c:\xampp\php;C:\ProgramData\Microsoft\Windows\Start Menu\Programs\Oracle VirtualBox\Oracle VirtualBox.lnk;C:\Users\hama\AppData\Local\pip;C:\ProgramData\Microsoft\Windows\Start Menu\Programs\CMake\CMake (cmake-gui).lnk;C:\Program Files\JetBrains\IntelliJ IDEA 2024.3.3\bin;;C:\Users\hama\AppData\Roaming\npm;C:\Users\hama\apache-maven-3.9.4\bin;C:\Users\hama\AppData\Local\Microsoft\WindowsApps;C:\Users\hama\AppData\Local\Programs\cursor\resources\app\bin;C:\Users\hama\AppData\Local\Programs\Windsurf\bin;C:\Users\hama\AppData\Local\Programs\Microsoft VS Code\bin
USERNAME=hama
LANG=en_US.UTF-8
OS=Windows_NT
PROCESSOR_IDENTIFIER=Intel64 Family 6 Model 140 Stepping 1, GenuineIntel
TMP=C:\Users\hama\AppData\Local\Temp
TEMP=C:\Users\hama\AppData\Local\Temp




Periodic native trim disabled

---------------  S Y S T E M  ---------------

OS:
 Windows 11 , 64 bit Build 26100 (10.0.26100.6725)
OS uptime: 0 days 2:20 hours
Hyper-V role detected

CPU: total 8 (initial active 8) (4 cores per cpu, 2 threads per core) family 6 model 140 stepping 1 microcode 0x9a, cx8, cmov, fxsr, ht, mmx, 3dnowpref, sse, sse2, sse3, ssse3, sse4.1, sse4.2, popcnt, lzcnt, tsc, tscinvbit, avx, avx2, aes, erms, clmul, bmi1, bmi2, adx, avx512f, avx512dq, avx512cd, avx512bw, avx512vl, sha, fma, vzeroupper, avx512_vpopcntdq, avx512_vpclmulqdq, avx512_vaes, avx512_vnni, clflush, clflushopt, clwb, avx512_vbmi2, avx512_vbmi, hv, rdtscp, rdpid, fsrm, gfni, avx512_bitalg, f16c, cet_ibt, cet_ss, avx512_ifma
Processor Information for all 8 processors :
  Max Mhz: 2803, Current Mhz: 2803, Mhz Limit: 2803

Memory: 4k page, system-wide physical 7975M (732M free)
TotalPageFile size 18009M (AvailPageFile size 0M)
current process WorkingSet (physical memory assigned to process): 297M, peak: 300M
current process commit charge ("private bytes"): 418M, peak: 422M

vm_info: OpenJDK 64-Bit Server VM (21.0.5+11-LTS) for windows-amd64 JRE (21.0.5+11-LTS), built on 2024-10-11T20:58:34Z by "Administrator" with MS VC++ 16.10 / 16.11 (VS2019)

END.
