#
# There is insufficient memory for the Java Runtime Environment to continue.
# Native memory allocation (malloc) failed to allocate 1213776 bytes. Error detail: Chunk::new
# Possible reasons:
#   The system is out of physical RAM or swap space
#   This process is running with CompressedOops enabled, and the Java Heap may be blocking the growth of the native heap
# Possible solutions:
#   Reduce memory load on the system
#   Increase physical memory or swap space
#   Check if swap backing store is full
#   Decrease Java heap size (-Xmx/-Xms)
#   Decrease number of Java threads
#   Decrease Java thread stack sizes (-Xss)
#   Set larger code cache with -XX:ReservedCodeCacheSize=
#   JVM is running with Unscaled Compressed Oops mode in which the Java heap is
#     placed in the first 4GB address space. The Java Heap base address is the
#     maximum limit for the native heap growth. Please use -XX:HeapBaseMinAddress
#     to set the Java Heap base and to place the Java Heap above 4GB virtual address.
# This output file may be truncated or incomplete.
#
#  Out of Memory Error (arena.cpp:168), pid=16920, tid=8316
#
# JRE version: OpenJDK Runtime Environment Corretto-21.0.5.11.1 (21.0.5+11) (build 21.0.5+11-LTS)
# Java VM: OpenJDK 64-Bit Server VM Corretto-21.0.5.11.1 (21.0.5+11-LTS, mixed mode, sharing, tiered, compressed oops, compressed class ptrs, g1 gc, windows-amd64)
# No core dump will be written. Minidumps are not enabled by default on client versions of Windows
#

---------------  S U M M A R Y ------------

Command Line: -Dstdout.encoding=UTF-8 -Dstderr.encoding=UTF-8 --enable-native-access=ALL-UNNAMED -Xmx512m -Xms256m -Dclassworlds.conf=C:\Users\hama\AppData\Roaming\Windsurf\User\globalStorage\pleiades.java-extension-pack-jdk\maven\latest\bin\m2.conf -Dmaven.home=C:\Users\hama\AppData\Roaming\Windsurf\User\globalStorage\pleiades.java-extension-pack-jdk\maven\latest -Dlibrary.jansi.path=C:\Users\hama\AppData\Roaming\Windsurf\User\globalStorage\pleiades.java-extension-pack-jdk\maven\latest\lib\jansi-native -Dmaven.multiModuleProjectDirectory=C:\Users\hama\Desktop\pfe\commercial-pfe\demo org.codehaus.plexus.classworlds.launcher.Launcher clean compile sonar:sonar -DskipTests -Dsonar.login=sqa_b2e37fcb5059edf9a5793f277032438f09debec7

Host: 11th Gen Intel(R) Core(TM) i7-1165G7 @ 2.80GHz, 8 cores, 7G,  Windows 11 , 64 bit Build 26100 (10.0.26100.6725)
Time: Sun Nov  9 21:35:26 2025 Europe de l , 64 bit Build 26100 (10.0.26100.6725) elapsed time: 5.667683 seconds (0d 0h 0m 5s)

---------------  T H R E A D  ---------------

Current thread (0x0000022c7ef44d00):  JavaThread "C2 CompilerThread0" daemon [_thread_in_native, id=8316, stack(0x000000bed4000000,0x000000bed4100000) (1024K)]


Current CompileTask:
C2:5667 6420   !   4       java.net.URLClassLoader::findClass (47 bytes)

Stack: [0x000000bed4000000,0x000000bed4100000]
Native frames: (J=compiled Java code, j=interpreted, Vv=VM code, C=native code)
V  [jvm.dll+0x6d9b69]
V  [jvm.dll+0x8b6073]
V  [jvm.dll+0x8b83ce]
V  [jvm.dll+0x8b8ab3]
V  [jvm.dll+0x286226]
V  [jvm.dll+0xc65ed]
V  [jvm.dll+0xc6b23]
V  [jvm.dll+0x3c0491]
V  [jvm.dll+0x1e4f04]
V  [jvm.dll+0x24e714]
V  [jvm.dll+0x24db91]
V  [jvm.dll+0x1cc3c4]
V  [jvm.dll+0x25d249]
V  [jvm.dll+0x25b7fb]
V  [jvm.dll+0x3fab46]
V  [jvm.dll+0x85ed68]
V  [jvm.dll+0x6d836d]
C  [ucrtbase.dll+0x37b0]
C  [KERNEL32.DLL+0x2e8d7]
C  [ntdll.dll+0x8c53c]


---------------  P R O C E S S  ---------------

Threads class SMR info:
_java_thread_list=0x0000022c57b6bb80, length=14, elements={
0x0000022c750757d0, 0x0000022c7ef304b0, 0x0000022c7ef32f10, 0x0000022c7ef35970,
0x0000022c7ef363c0, 0x0000022c7ef36f40, 0x0000022c7ef37ac0, 0x0000022c7ef44d00,
0x0000022c7ef45790, 0x0000022c7f120f10, 0x0000022c7f121d90, 0x0000022c7f15ae10,
0x0000022c563ed130, 0x0000022c5996faf0
}

Java Threads: ( => current thread )
  0x0000022c750757d0 JavaThread "main"                              [_thread_in_Java, id=4980, stack(0x000000bed3200000,0x000000bed3300000) (1024K)]
  0x0000022c7ef304b0 JavaThread "Reference Handler"          daemon [_thread_blocked, id=15096, stack(0x000000bed3a00000,0x000000bed3b00000) (1024K)]
  0x0000022c7ef32f10 JavaThread "Finalizer"                  daemon [_thread_blocked, id=18028, stack(0x000000bed3b00000,0x000000bed3c00000) (1024K)]
  0x0000022c7ef35970 JavaThread "Signal Dispatcher"          daemon [_thread_blocked, id=18660, stack(0x000000bed3c00000,0x000000bed3d00000) (1024K)]
  0x0000022c7ef363c0 JavaThread "Attach Listener"            daemon [_thread_blocked, id=13560, stack(0x000000bed3d00000,0x000000bed3e00000) (1024K)]
  0x0000022c7ef36f40 JavaThread "Service Thread"             daemon [_thread_blocked, id=11344, stack(0x000000bed3e00000,0x000000bed3f00000) (1024K)]
  0x0000022c7ef37ac0 JavaThread "Monitor Deflation Thread"   daemon [_thread_blocked, id=2308, stack(0x000000bed3f00000,0x000000bed4000000) (1024K)]
=>0x0000022c7ef44d00 JavaThread "C2 CompilerThread0"         daemon [_thread_in_native, id=8316, stack(0x000000bed4000000,0x000000bed4100000) (1024K)]
  0x0000022c7ef45790 JavaThread "C1 CompilerThread0"         daemon [_thread_in_native, id=17976, stack(0x000000bed4100000,0x000000bed4200000) (1024K)]
  0x0000022c7f120f10 JavaThread "Notification Thread"        daemon [_thread_blocked, id=1520, stack(0x000000bed4200000,0x000000bed4300000) (1024K)]
  0x0000022c7f121d90 JavaThread "Common-Cleaner"             daemon [_thread_blocked, id=9580, stack(0x000000bed4300000,0x000000bed4400000) (1024K)]
  0x0000022c7f15ae10 JavaThread "C2 CompilerThread1"         daemon [_thread_in_native, id=16976, stack(0x000000bed4400000,0x000000bed4500000) (1024K)]
  0x0000022c563ed130 JavaThread "Thread-1"                   daemon [_thread_blocked, id=3576, stack(0x000000bed4c00000,0x000000bed4d00000) (1024K)]
  0x0000022c5996faf0 JavaThread "C2 CompilerThread2"         daemon [_thread_in_native, id=9116, stack(0x000000bed4d00000,0x000000bed4e00000) (1024K)]
Total: 14

Other Threads:
  0x0000022c7ef16730 VMThread "VM Thread"                           [id=5640, stack(0x000000bed3900000,0x000000bed3a00000) (1024K)]
  0x0000022c7ef09550 WatcherThread "VM Periodic Task Thread"        [id=17348, stack(0x000000bed3800000,0x000000bed3900000) (1024K)]
  0x0000022c7509d650 WorkerThread "GC Thread#0"                     [id=7868, stack(0x000000bed3300000,0x000000bed3400000) (1024K)]
  0x0000022c7f9bd130 WorkerThread "GC Thread#1"                     [id=7012, stack(0x000000bed4500000,0x000000bed4600000) (1024K)]
  0x0000022c7f9bd4d0 WorkerThread "GC Thread#2"                     [id=13344, stack(0x000000bed4600000,0x000000bed4700000) (1024K)]
  0x0000022c7fa6dc40 WorkerThread "GC Thread#3"                     [id=14812, stack(0x000000bed4700000,0x000000bed4800000) (1024K)]
  0x0000022c7fa6dfe0 WorkerThread "GC Thread#4"                     [id=12032, stack(0x000000bed4800000,0x000000bed4900000) (1024K)]
  0x0000022c7fa6e380 WorkerThread "GC Thread#5"                     [id=5832, stack(0x000000bed4900000,0x000000bed4a00000) (1024K)]
  0x0000022c562bb820 WorkerThread "GC Thread#6"                     [id=7944, stack(0x000000bed4a00000,0x000000bed4b00000) (1024K)]
  0x0000022c562bbbc0 WorkerThread "GC Thread#7"                     [id=17260, stack(0x000000bed4b00000,0x000000bed4c00000) (1024K)]
  0x0000022c750a2540 ConcurrentGCThread "G1 Main Marker"            [id=14600, stack(0x000000bed3400000,0x000000bed3500000) (1024K)]
  0x0000022c750a2f50 WorkerThread "G1 Conc#0"                       [id=8324, stack(0x000000bed3500000,0x000000bed3600000) (1024K)]
  0x0000022c5780df20 WorkerThread "G1 Conc#1"                       [id=14780, stack(0x000000bed4e00000,0x000000bed4f00000) (1024K)]
  0x0000022c7eddbef0 ConcurrentGCThread "G1 Refine#0"               [id=6180, stack(0x000000bed3600000,0x000000bed3700000) (1024K)]
  0x0000022c7eddd720 ConcurrentGCThread "G1 Service"                [id=5556, stack(0x000000bed3700000,0x000000bed3800000) (1024K)]
Total: 15

Threads with active compile tasks:
C2 CompilerThread0  5692 6420   !   4       java.net.URLClassLoader::findClass (47 bytes)
C1 CompilerThread0  5692 6744 %     3       org.antlr.v4.runtime.misc.FlexibleHashMap::expand @ 90 (151 bytes)
C2 CompilerThread1  5692 6395   !   4       org.codehaus.plexus.classworlds.realm.ClassRealm::loadClass (33 bytes)
C2 CompilerThread2  5692 6419   !   4       org.codehaus.plexus.classworlds.realm.ClassRealm::loadClassFromSelf (40 bytes)
Total: 4

VM state: not at safepoint (normal execution)

VM Mutex/Monitor currently owned by a thread: None

Heap address: 0x00000000e0000000, size: 512 MB, Compressed Oops mode: 32-bit

CDS archive(s) mapped at: [0x0000022c11000000-0x0000022c11c80000-0x0000022c11c80000), size 13107200, SharedBaseAddress: 0x0000022c11000000, ArchiveRelocationMode: 1.
Compressed class space mapped at: 0x0000022c12000000-0x0000022c52000000, reserved size: 1073741824
Narrow klass base: 0x0000022c11000000, Narrow klass shift: 0, Narrow klass range: 0x100000000

GC Precious Log:
 CardTable entry size: 512
 Card Set container configuration: InlinePtr #cards 5 size 8 Array Of Cards #cards 12 size 40 Howl #buckets 4 coarsen threshold 1843 Howl Bitmap #cards 512 size 80 coarsen threshold 460 Card regions per heap region 1 cards per card region 2048
 CPUs: 8 total, 8 available
 Memory: 7975M
 Large Page Support: Disabled
 NUMA Support: Disabled
 Compressed Oops: Enabled (32-bit)
 Heap Region Size: 1M
 Heap Min Capacity: 256M
 Heap Initial Capacity: 256M
 Heap Max Capacity: 512M
 Pre-touch: Disabled
 Parallel Workers: 8
 Concurrent Workers: 2
 Concurrent Refinement Workers: 8
 Periodic GC: Disabled

Heap:
 garbage-first heap   total 262144K, used 126655K [0x00000000e0000000, 0x0000000100000000)
  region size 1024K, 104 young (106496K), 9 survivors (9216K)
 Metaspace       used 32088K, committed 32448K, reserved 1114112K
  class space    used 3866K, committed 4032K, reserved 1048576K

Heap Regions: E=young(eden), S=young(survivor), O=old, HS=humongous(starts), HC=humongous(continues), CS=collection set, F=free, TAMS=top-at-mark-start, PB=parsable bottom
|   0|0x00000000e0000000, 0x00000000e0100000, 0x00000000e0100000|100%| O|  |TAMS 0x00000000e0000000| PB 0x00000000e0000000| Untracked 
|   1|0x00000000e0100000, 0x00000000e0200000, 0x00000000e0200000|100%| O|  |TAMS 0x00000000e0100000| PB 0x00000000e0100000| Untracked 
|   2|0x00000000e0200000, 0x00000000e0300000, 0x00000000e0300000|100%| O|  |TAMS 0x00000000e0200000| PB 0x00000000e0200000| Untracked 
|   3|0x00000000e0300000, 0x00000000e0400000, 0x00000000e0400000|100%| O|Cm|TAMS 0x00000000e0300000| PB 0x00000000e0300000| Complete 
|   4|0x00000000e0400000, 0x00000000e0500000, 0x00000000e0500000|100%| O|  |TAMS 0x00000000e0400000| PB 0x00000000e0400000| Untracked 
|   5|0x00000000e0500000, 0x00000000e0600000, 0x00000000e0600000|100%| O|  |TAMS 0x00000000e0500000| PB 0x00000000e0500000| Untracked 
|   6|0x00000000e0600000, 0x00000000e0700000, 0x00000000e0700000|100%| O|  |TAMS 0x00000000e0600000| PB 0x00000000e0600000| Untracked 
|   7|0x00000000e0700000, 0x00000000e0800000, 0x00000000e0800000|100%| O|  |TAMS 0x00000000e0700000| PB 0x00000000e0700000| Untracked 
|   8|0x00000000e0800000, 0x00000000e0900000, 0x00000000e0900000|100%| O|  |TAMS 0x00000000e0800000| PB 0x00000000e0800000| Untracked 
|   9|0x00000000e0900000, 0x00000000e0a00000, 0x00000000e0a00000|100%| O|  |TAMS 0x00000000e0900000| PB 0x00000000e0900000| Untracked 
|  10|0x00000000e0a00000, 0x00000000e0b00000, 0x00000000e0b00000|100%| O|  |TAMS 0x00000000e0a00000| PB 0x00000000e0a00000| Untracked 
|  11|0x00000000e0b00000, 0x00000000e0c00000, 0x00000000e0c00000|100%| O|  |TAMS 0x00000000e0b00000| PB 0x00000000e0b00000| Untracked 
|  12|0x00000000e0c00000, 0x00000000e0d00000, 0x00000000e0d00000|100%| O|  |TAMS 0x00000000e0c00000| PB 0x00000000e0c00000| Untracked 
|  13|0x00000000e0d00000, 0x00000000e0e00000, 0x00000000e0e00000|100%| O|  |TAMS 0x00000000e0d00000| PB 0x00000000e0d00000| Untracked 
|  14|0x00000000e0e00000, 0x00000000e0f00000, 0x00000000e0f00000|100%| O|  |TAMS 0x00000000e0e00000| PB 0x00000000e0e00000| Untracked 
|  15|0x00000000e0f00000, 0x00000000e1000000, 0x00000000e1000000|100%| O|  |TAMS 0x00000000e0f00000| PB 0x00000000e0f00000| Untracked 
|  16|0x00000000e1000000, 0x00000000e1100000, 0x00000000e1100000|100%| O|  |TAMS 0x00000000e1000000| PB 0x00000000e1000000| Untracked 
|  17|0x00000000e1100000, 0x00000000e1200000, 0x00000000e1200000|100%| O|  |TAMS 0x00000000e1100000| PB 0x00000000e1100000| Untracked 
|  18|0x00000000e1200000, 0x00000000e1300000, 0x00000000e1300000|100%| O|  |TAMS 0x00000000e1200000| PB 0x00000000e1200000| Untracked 
|  19|0x00000000e1300000, 0x00000000e1400000, 0x00000000e1400000|100%| O|  |TAMS 0x00000000e1300000| PB 0x00000000e1300000| Untracked 
|  20|0x00000000e1400000, 0x00000000e1500000, 0x00000000e1500000|100%| O|  |TAMS 0x00000000e1400000| PB 0x00000000e1400000| Untracked 
|  21|0x00000000e1500000, 0x00000000e15e5000, 0x00000000e1600000| 89%| O|  |TAMS 0x00000000e1500000| PB 0x00000000e1500000| Untracked 
|  22|0x00000000e1600000, 0x00000000e1600000, 0x00000000e1700000|  0%| F|  |TAMS 0x00000000e1600000| PB 0x00000000e1600000| Untracked 
|  23|0x00000000e1700000, 0x00000000e1700000, 0x00000000e1800000|  0%| F|  |TAMS 0x00000000e1700000| PB 0x00000000e1700000| Untracked 
|  24|0x00000000e1800000, 0x00000000e1800000, 0x00000000e1900000|  0%| F|  |TAMS 0x00000000e1800000| PB 0x00000000e1800000| Untracked 
|  25|0x00000000e1900000, 0x00000000e1900000, 0x00000000e1a00000|  0%| F|  |TAMS 0x00000000e1900000| PB 0x00000000e1900000| Untracked 
|  26|0x00000000e1a00000, 0x00000000e1a00000, 0x00000000e1b00000|  0%| F|  |TAMS 0x00000000e1a00000| PB 0x00000000e1a00000| Untracked 
|  27|0x00000000e1b00000, 0x00000000e1b00000, 0x00000000e1c00000|  0%| F|  |TAMS 0x00000000e1b00000| PB 0x00000000e1b00000| Untracked 
|  28|0x00000000e1c00000, 0x00000000e1c00000, 0x00000000e1d00000|  0%| F|  |TAMS 0x00000000e1c00000| PB 0x00000000e1c00000| Untracked 
|  29|0x00000000e1d00000, 0x00000000e1d00000, 0x00000000e1e00000|  0%| F|  |TAMS 0x00000000e1d00000| PB 0x00000000e1d00000| Untracked 
|  30|0x00000000e1e00000, 0x00000000e1e00000, 0x00000000e1f00000|  0%| F|  |TAMS 0x00000000e1e00000| PB 0x00000000e1e00000| Untracked 
|  31|0x00000000e1f00000, 0x00000000e1f00000, 0x00000000e2000000|  0%| F|  |TAMS 0x00000000e1f00000| PB 0x00000000e1f00000| Untracked 
|  32|0x00000000e2000000, 0x00000000e2000000, 0x00000000e2100000|  0%| F|  |TAMS 0x00000000e2000000| PB 0x00000000e2000000| Untracked 
|  33|0x00000000e2100000, 0x00000000e2100000, 0x00000000e2200000|  0%| F|  |TAMS 0x00000000e2100000| PB 0x00000000e2100000| Untracked 
|  34|0x00000000e2200000, 0x00000000e2200000, 0x00000000e2300000|  0%| F|  |TAMS 0x00000000e2200000| PB 0x00000000e2200000| Untracked 
|  35|0x00000000e2300000, 0x00000000e2300000, 0x00000000e2400000|  0%| F|  |TAMS 0x00000000e2300000| PB 0x00000000e2300000| Untracked 
|  36|0x00000000e2400000, 0x00000000e2400000, 0x00000000e2500000|  0%| F|  |TAMS 0x00000000e2400000| PB 0x00000000e2400000| Untracked 
|  37|0x00000000e2500000, 0x00000000e2500000, 0x00000000e2600000|  0%| F|  |TAMS 0x00000000e2500000| PB 0x00000000e2500000| Untracked 
|  38|0x00000000e2600000, 0x00000000e2600000, 0x00000000e2700000|  0%| F|  |TAMS 0x00000000e2600000| PB 0x00000000e2600000| Untracked 
|  39|0x00000000e2700000, 0x00000000e2700000, 0x00000000e2800000|  0%| F|  |TAMS 0x00000000e2700000| PB 0x00000000e2700000| Untracked 
|  40|0x00000000e2800000, 0x00000000e2800000, 0x00000000e2900000|  0%| F|  |TAMS 0x00000000e2800000| PB 0x00000000e2800000| Untracked 
|  41|0x00000000e2900000, 0x00000000e2900000, 0x00000000e2a00000|  0%| F|  |TAMS 0x00000000e2900000| PB 0x00000000e2900000| Untracked 
|  42|0x00000000e2a00000, 0x00000000e2a00000, 0x00000000e2b00000|  0%| F|  |TAMS 0x00000000e2a00000| PB 0x00000000e2a00000| Untracked 
|  43|0x00000000e2b00000, 0x00000000e2b00000, 0x00000000e2c00000|  0%| F|  |TAMS 0x00000000e2b00000| PB 0x00000000e2b00000| Untracked 
|  44|0x00000000e2c00000, 0x00000000e2c00000, 0x00000000e2d00000|  0%| F|  |TAMS 0x00000000e2c00000| PB 0x00000000e2c00000| Untracked 
|  45|0x00000000e2d00000, 0x00000000e2d00000, 0x00000000e2e00000|  0%| F|  |TAMS 0x00000000e2d00000| PB 0x00000000e2d00000| Untracked 
|  46|0x00000000e2e00000, 0x00000000e2e00000, 0x00000000e2f00000|  0%| F|  |TAMS 0x00000000e2e00000| PB 0x00000000e2e00000| Untracked 
|  47|0x00000000e2f00000, 0x00000000e2f00000, 0x00000000e3000000|  0%| F|  |TAMS 0x00000000e2f00000| PB 0x00000000e2f00000| Untracked 
|  48|0x00000000e3000000, 0x00000000e3000000, 0x00000000e3100000|  0%| F|  |TAMS 0x00000000e3000000| PB 0x00000000e3000000| Untracked 
|  49|0x00000000e3100000, 0x00000000e3100000, 0x00000000e3200000|  0%| F|  |TAMS 0x00000000e3100000| PB 0x00000000e3100000| Untracked 
|  50|0x00000000e3200000, 0x00000000e3200000, 0x00000000e3300000|  0%| F|  |TAMS 0x00000000e3200000| PB 0x00000000e3200000| Untracked 
|  51|0x00000000e3300000, 0x00000000e3300000, 0x00000000e3400000|  0%| F|  |TAMS 0x00000000e3300000| PB 0x00000000e3300000| Untracked 
|  52|0x00000000e3400000, 0x00000000e3400000, 0x00000000e3500000|  0%| F|  |TAMS 0x00000000e3400000| PB 0x00000000e3400000| Untracked 
|  53|0x00000000e3500000, 0x00000000e3500000, 0x00000000e3600000|  0%| F|  |TAMS 0x00000000e3500000| PB 0x00000000e3500000| Untracked 
|  54|0x00000000e3600000, 0x00000000e3600000, 0x00000000e3700000|  0%| F|  |TAMS 0x00000000e3600000| PB 0x00000000e3600000| Untracked 
|  55|0x00000000e3700000, 0x00000000e3700000, 0x00000000e3800000|  0%| F|  |TAMS 0x00000000e3700000| PB 0x00000000e3700000| Untracked 
|  56|0x00000000e3800000, 0x00000000e3800000, 0x00000000e3900000|  0%| F|  |TAMS 0x00000000e3800000| PB 0x00000000e3800000| Untracked 
|  57|0x00000000e3900000, 0x00000000e3900000, 0x00000000e3a00000|  0%| F|  |TAMS 0x00000000e3900000| PB 0x00000000e3900000| Untracked 
|  58|0x00000000e3a00000, 0x00000000e3a00000, 0x00000000e3b00000|  0%| F|  |TAMS 0x00000000e3a00000| PB 0x00000000e3a00000| Untracked 
|  59|0x00000000e3b00000, 0x00000000e3b00000, 0x00000000e3c00000|  0%| F|  |TAMS 0x00000000e3b00000| PB 0x00000000e3b00000| Untracked 
|  60|0x00000000e3c00000, 0x00000000e3c00000, 0x00000000e3d00000|  0%| F|  |TAMS 0x00000000e3c00000| PB 0x00000000e3c00000| Untracked 
|  61|0x00000000e3d00000, 0x00000000e3d00000, 0x00000000e3e00000|  0%| F|  |TAMS 0x00000000e3d00000| PB 0x00000000e3d00000| Untracked 
|  62|0x00000000e3e00000, 0x00000000e3e00000, 0x00000000e3f00000|  0%| F|  |TAMS 0x00000000e3e00000| PB 0x00000000e3e00000| Untracked 
|  63|0x00000000e3f00000, 0x00000000e3f00000, 0x00000000e4000000|  0%| F|  |TAMS 0x00000000e3f00000| PB 0x00000000e3f00000| Untracked 
|  64|0x00000000e4000000, 0x00000000e4000000, 0x00000000e4100000|  0%| F|  |TAMS 0x00000000e4000000| PB 0x00000000e4000000| Untracked 
|  65|0x00000000e4100000, 0x00000000e4100000, 0x00000000e4200000|  0%| F|  |TAMS 0x00000000e4100000| PB 0x00000000e4100000| Untracked 
|  66|0x00000000e4200000, 0x00000000e4200000, 0x00000000e4300000|  0%| F|  |TAMS 0x00000000e4200000| PB 0x00000000e4200000| Untracked 
|  67|0x00000000e4300000, 0x00000000e4300000, 0x00000000e4400000|  0%| F|  |TAMS 0x00000000e4300000| PB 0x00000000e4300000| Untracked 
|  68|0x00000000e4400000, 0x00000000e4400000, 0x00000000e4500000|  0%| F|  |TAMS 0x00000000e4400000| PB 0x00000000e4400000| Untracked 
|  69|0x00000000e4500000, 0x00000000e4500000, 0x00000000e4600000|  0%| F|  |TAMS 0x00000000e4500000| PB 0x00000000e4500000| Untracked 
|  70|0x00000000e4600000, 0x00000000e4600000, 0x00000000e4700000|  0%| F|  |TAMS 0x00000000e4600000| PB 0x00000000e4600000| Untracked 
|  71|0x00000000e4700000, 0x00000000e4700000, 0x00000000e4800000|  0%| F|  |TAMS 0x00000000e4700000| PB 0x00000000e4700000| Untracked 
|  72|0x00000000e4800000, 0x00000000e4800000, 0x00000000e4900000|  0%| F|  |TAMS 0x00000000e4800000| PB 0x00000000e4800000| Untracked 
|  73|0x00000000e4900000, 0x00000000e4900000, 0x00000000e4a00000|  0%| F|  |TAMS 0x00000000e4900000| PB 0x00000000e4900000| Untracked 
|  74|0x00000000e4a00000, 0x00000000e4a00000, 0x00000000e4b00000|  0%| F|  |TAMS 0x00000000e4a00000| PB 0x00000000e4a00000| Untracked 
|  75|0x00000000e4b00000, 0x00000000e4b00000, 0x00000000e4c00000|  0%| F|  |TAMS 0x00000000e4b00000| PB 0x00000000e4b00000| Untracked 
|  76|0x00000000e4c00000, 0x00000000e4c00000, 0x00000000e4d00000|  0%| F|  |TAMS 0x00000000e4c00000| PB 0x00000000e4c00000| Untracked 
|  77|0x00000000e4d00000, 0x00000000e4d00000, 0x00000000e4e00000|  0%| F|  |TAMS 0x00000000e4d00000| PB 0x00000000e4d00000| Untracked 
|  78|0x00000000e4e00000, 0x00000000e4e00000, 0x00000000e4f00000|  0%| F|  |TAMS 0x00000000e4e00000| PB 0x00000000e4e00000| Untracked 
|  79|0x00000000e4f00000, 0x00000000e4f00000, 0x00000000e5000000|  0%| F|  |TAMS 0x00000000e4f00000| PB 0x00000000e4f00000| Untracked 
|  80|0x00000000e5000000, 0x00000000e5000000, 0x00000000e5100000|  0%| F|  |TAMS 0x00000000e5000000| PB 0x00000000e5000000| Untracked 
|  81|0x00000000e5100000, 0x00000000e5100000, 0x00000000e5200000|  0%| F|  |TAMS 0x00000000e5100000| PB 0x00000000e5100000| Untracked 
|  82|0x00000000e5200000, 0x00000000e5200000, 0x00000000e5300000|  0%| F|  |TAMS 0x00000000e5200000| PB 0x00000000e5200000| Untracked 
|  83|0x00000000e5300000, 0x00000000e5300000, 0x00000000e5400000|  0%| F|  |TAMS 0x00000000e5300000| PB 0x00000000e5300000| Untracked 
|  84|0x00000000e5400000, 0x00000000e5400000, 0x00000000e5500000|  0%| F|  |TAMS 0x00000000e5400000| PB 0x00000000e5400000| Untracked 
|  85|0x00000000e5500000, 0x00000000e5500000, 0x00000000e5600000|  0%| F|  |TAMS 0x00000000e5500000| PB 0x00000000e5500000| Untracked 
|  86|0x00000000e5600000, 0x00000000e5600000, 0x00000000e5700000|  0%| F|  |TAMS 0x00000000e5600000| PB 0x00000000e5600000| Untracked 
|  87|0x00000000e5700000, 0x00000000e5700000, 0x00000000e5800000|  0%| F|  |TAMS 0x00000000e5700000| PB 0x00000000e5700000| Untracked 
|  88|0x00000000e5800000, 0x00000000e5800000, 0x00000000e5900000|  0%| F|  |TAMS 0x00000000e5800000| PB 0x00000000e5800000| Untracked 
|  89|0x00000000e5900000, 0x00000000e5900000, 0x00000000e5a00000|  0%| F|  |TAMS 0x00000000e5900000| PB 0x00000000e5900000| Untracked 
|  90|0x00000000e5a00000, 0x00000000e5a00000, 0x00000000e5b00000|  0%| F|  |TAMS 0x00000000e5a00000| PB 0x00000000e5a00000| Untracked 
|  91|0x00000000e5b00000, 0x00000000e5b00000, 0x00000000e5c00000|  0%| F|  |TAMS 0x00000000e5b00000| PB 0x00000000e5b00000| Untracked 
|  92|0x00000000e5c00000, 0x00000000e5c00000, 0x00000000e5d00000|  0%| F|  |TAMS 0x00000000e5c00000| PB 0x00000000e5c00000| Untracked 
|  93|0x00000000e5d00000, 0x00000000e5d00000, 0x00000000e5e00000|  0%| F|  |TAMS 0x00000000e5d00000| PB 0x00000000e5d00000| Untracked 
|  94|0x00000000e5e00000, 0x00000000e5e00000, 0x00000000e5f00000|  0%| F|  |TAMS 0x00000000e5e00000| PB 0x00000000e5e00000| Untracked 
|  95|0x00000000e5f00000, 0x00000000e5f00000, 0x00000000e6000000|  0%| F|  |TAMS 0x00000000e5f00000| PB 0x00000000e5f00000| Untracked 
|  96|0x00000000e6000000, 0x00000000e6000000, 0x00000000e6100000|  0%| F|  |TAMS 0x00000000e6000000| PB 0x00000000e6000000| Untracked 
|  97|0x00000000e6100000, 0x00000000e6100000, 0x00000000e6200000|  0%| F|  |TAMS 0x00000000e6100000| PB 0x00000000e6100000| Untracked 
|  98|0x00000000e6200000, 0x00000000e6200000, 0x00000000e6300000|  0%| F|  |TAMS 0x00000000e6200000| PB 0x00000000e6200000| Untracked 
|  99|0x00000000e6300000, 0x00000000e6300000, 0x00000000e6400000|  0%| F|  |TAMS 0x00000000e6300000| PB 0x00000000e6300000| Untracked 
| 100|0x00000000e6400000, 0x00000000e6400000, 0x00000000e6500000|  0%| F|  |TAMS 0x00000000e6400000| PB 0x00000000e6400000| Untracked 
| 101|0x00000000e6500000, 0x00000000e6500000, 0x00000000e6600000|  0%| F|  |TAMS 0x00000000e6500000| PB 0x00000000e6500000| Untracked 
| 102|0x00000000e6600000, 0x00000000e6600000, 0x00000000e6700000|  0%| F|  |TAMS 0x00000000e6600000| PB 0x00000000e6600000| Untracked 
| 103|0x00000000e6700000, 0x00000000e6700000, 0x00000000e6800000|  0%| F|  |TAMS 0x00000000e6700000| PB 0x00000000e6700000| Untracked 
| 104|0x00000000e6800000, 0x00000000e6800000, 0x00000000e6900000|  0%| F|  |TAMS 0x00000000e6800000| PB 0x00000000e6800000| Untracked 
| 105|0x00000000e6900000, 0x00000000e6900000, 0x00000000e6a00000|  0%| F|  |TAMS 0x00000000e6900000| PB 0x00000000e6900000| Untracked 
| 106|0x00000000e6a00000, 0x00000000e6a00000, 0x00000000e6b00000|  0%| F|  |TAMS 0x00000000e6a00000| PB 0x00000000e6a00000| Untracked 
| 107|0x00000000e6b00000, 0x00000000e6b00000, 0x00000000e6c00000|  0%| F|  |TAMS 0x00000000e6b00000| PB 0x00000000e6b00000| Untracked 
| 108|0x00000000e6c00000, 0x00000000e6c00000, 0x00000000e6d00000|  0%| F|  |TAMS 0x00000000e6c00000| PB 0x00000000e6c00000| Untracked 
| 109|0x00000000e6d00000, 0x00000000e6d00000, 0x00000000e6e00000|  0%| F|  |TAMS 0x00000000e6d00000| PB 0x00000000e6d00000| Untracked 
| 110|0x00000000e6e00000, 0x00000000e6e00000, 0x00000000e6f00000|  0%| F|  |TAMS 0x00000000e6e00000| PB 0x00000000e6e00000| Untracked 
| 111|0x00000000e6f00000, 0x00000000e6f00000, 0x00000000e7000000|  0%| F|  |TAMS 0x00000000e6f00000| PB 0x00000000e6f00000| Untracked 
| 112|0x00000000e7000000, 0x00000000e7000000, 0x00000000e7100000|  0%| F|  |TAMS 0x00000000e7000000| PB 0x00000000e7000000| Untracked 
| 113|0x00000000e7100000, 0x00000000e7100000, 0x00000000e7200000|  0%| F|  |TAMS 0x00000000e7100000| PB 0x00000000e7100000| Untracked 
| 114|0x00000000e7200000, 0x00000000e7200000, 0x00000000e7300000|  0%| F|  |TAMS 0x00000000e7200000| PB 0x00000000e7200000| Untracked 
| 115|0x00000000e7300000, 0x00000000e7300000, 0x00000000e7400000|  0%| F|  |TAMS 0x00000000e7300000| PB 0x00000000e7300000| Untracked 
| 116|0x00000000e7400000, 0x00000000e7400000, 0x00000000e7500000|  0%| F|  |TAMS 0x00000000e7400000| PB 0x00000000e7400000| Untracked 
| 117|0x00000000e7500000, 0x00000000e7500000, 0x00000000e7600000|  0%| F|  |TAMS 0x00000000e7500000| PB 0x00000000e7500000| Untracked 
| 118|0x00000000e7600000, 0x00000000e7600000, 0x00000000e7700000|  0%| F|  |TAMS 0x00000000e7600000| PB 0x00000000e7600000| Untracked 
| 119|0x00000000e7700000, 0x00000000e7700000, 0x00000000e7800000|  0%| F|  |TAMS 0x00000000e7700000| PB 0x00000000e7700000| Untracked 
| 120|0x00000000e7800000, 0x00000000e7800000, 0x00000000e7900000|  0%| F|  |TAMS 0x00000000e7800000| PB 0x00000000e7800000| Untracked 
| 121|0x00000000e7900000, 0x00000000e7900000, 0x00000000e7a00000|  0%| F|  |TAMS 0x00000000e7900000| PB 0x00000000e7900000| Untracked 
| 122|0x00000000e7a00000, 0x00000000e7a00000, 0x00000000e7b00000|  0%| F|  |TAMS 0x00000000e7a00000| PB 0x00000000e7a00000| Untracked 
| 123|0x00000000e7b00000, 0x00000000e7b00000, 0x00000000e7c00000|  0%| F|  |TAMS 0x00000000e7b00000| PB 0x00000000e7b00000| Untracked 
| 124|0x00000000e7c00000, 0x00000000e7c00000, 0x00000000e7d00000|  0%| F|  |TAMS 0x00000000e7c00000| PB 0x00000000e7c00000| Untracked 
| 125|0x00000000e7d00000, 0x00000000e7d00000, 0x00000000e7e00000|  0%| F|  |TAMS 0x00000000e7d00000| PB 0x00000000e7d00000| Untracked 
| 126|0x00000000e7e00000, 0x00000000e7e00000, 0x00000000e7f00000|  0%| F|  |TAMS 0x00000000e7e00000| PB 0x00000000e7e00000| Untracked 
| 127|0x00000000e7f00000, 0x00000000e7f00000, 0x00000000e8000000|  0%| F|  |TAMS 0x00000000e7f00000| PB 0x00000000e7f00000| Untracked 
| 128|0x00000000e8000000, 0x00000000e8000000, 0x00000000e8100000|  0%| F|  |TAMS 0x00000000e8000000| PB 0x00000000e8000000| Untracked 
| 129|0x00000000e8100000, 0x00000000e8100000, 0x00000000e8200000|  0%| F|  |TAMS 0x00000000e8100000| PB 0x00000000e8100000| Untracked 
| 130|0x00000000e8200000, 0x00000000e8200000, 0x00000000e8300000|  0%| F|  |TAMS 0x00000000e8200000| PB 0x00000000e8200000| Untracked 
| 131|0x00000000e8300000, 0x00000000e8300000, 0x00000000e8400000|  0%| F|  |TAMS 0x00000000e8300000| PB 0x00000000e8300000| Untracked 
| 132|0x00000000e8400000, 0x00000000e8400000, 0x00000000e8500000|  0%| F|  |TAMS 0x00000000e8400000| PB 0x00000000e8400000| Untracked 
| 133|0x00000000e8500000, 0x00000000e8500000, 0x00000000e8600000|  0%| F|  |TAMS 0x00000000e8500000| PB 0x00000000e8500000| Untracked 
| 134|0x00000000e8600000, 0x00000000e8600000, 0x00000000e8700000|  0%| F|  |TAMS 0x00000000e8600000| PB 0x00000000e8600000| Untracked 
| 135|0x00000000e8700000, 0x00000000e8700000, 0x00000000e8800000|  0%| F|  |TAMS 0x00000000e8700000| PB 0x00000000e8700000| Untracked 
| 136|0x00000000e8800000, 0x00000000e8800000, 0x00000000e8900000|  0%| F|  |TAMS 0x00000000e8800000| PB 0x00000000e8800000| Untracked 
| 137|0x00000000e8900000, 0x00000000e8900000, 0x00000000e8a00000|  0%| F|  |TAMS 0x00000000e8900000| PB 0x00000000e8900000| Untracked 
| 138|0x00000000e8a00000, 0x00000000e8a00000, 0x00000000e8b00000|  0%| F|  |TAMS 0x00000000e8a00000| PB 0x00000000e8a00000| Untracked 
| 139|0x00000000e8b00000, 0x00000000e8b00000, 0x00000000e8c00000|  0%| F|  |TAMS 0x00000000e8b00000| PB 0x00000000e8b00000| Untracked 
| 140|0x00000000e8c00000, 0x00000000e8c00000, 0x00000000e8d00000|  0%| F|  |TAMS 0x00000000e8c00000| PB 0x00000000e8c00000| Untracked 
| 141|0x00000000e8d00000, 0x00000000e8d00000, 0x00000000e8e00000|  0%| F|  |TAMS 0x00000000e8d00000| PB 0x00000000e8d00000| Untracked 
| 142|0x00000000e8e00000, 0x00000000e8e00000, 0x00000000e8f00000|  0%| F|  |TAMS 0x00000000e8e00000| PB 0x00000000e8e00000| Untracked 
| 143|0x00000000e8f00000, 0x00000000e8f00000, 0x00000000e9000000|  0%| F|  |TAMS 0x00000000e8f00000| PB 0x00000000e8f00000| Untracked 
| 144|0x00000000e9000000, 0x00000000e9000000, 0x00000000e9100000|  0%| F|  |TAMS 0x00000000e9000000| PB 0x00000000e9000000| Untracked 
| 145|0x00000000e9100000, 0x00000000e9100000, 0x00000000e9200000|  0%| F|  |TAMS 0x00000000e9100000| PB 0x00000000e9100000| Untracked 
| 146|0x00000000e9200000, 0x00000000e9200000, 0x00000000e9300000|  0%| F|  |TAMS 0x00000000e9200000| PB 0x00000000e9200000| Untracked 
| 147|0x00000000e9300000, 0x00000000e9300000, 0x00000000e9400000|  0%| F|  |TAMS 0x00000000e9300000| PB 0x00000000e9300000| Untracked 
| 148|0x00000000e9400000, 0x00000000e9400000, 0x00000000e9500000|  0%| F|  |TAMS 0x00000000e9400000| PB 0x00000000e9400000| Untracked 
| 149|0x00000000e9500000, 0x00000000e9500000, 0x00000000e9600000|  0%| F|  |TAMS 0x00000000e9500000| PB 0x00000000e9500000| Untracked 
| 150|0x00000000e9600000, 0x00000000e9600000, 0x00000000e9700000|  0%| F|  |TAMS 0x00000000e9600000| PB 0x00000000e9600000| Untracked 
| 151|0x00000000e9700000, 0x00000000e9780000, 0x00000000e9800000| 50%| E|  |TAMS 0x00000000e9700000| PB 0x00000000e9700000| Complete 
| 152|0x00000000e9800000, 0x00000000e9900000, 0x00000000e9900000|100%| E|CS|TAMS 0x00000000e9800000| PB 0x00000000e9800000| Complete 
| 153|0x00000000e9900000, 0x00000000e9a00000, 0x00000000e9a00000|100%| E|CS|TAMS 0x00000000e9900000| PB 0x00000000e9900000| Complete 
| 154|0x00000000e9a00000, 0x00000000e9b00000, 0x00000000e9b00000|100%| E|CS|TAMS 0x00000000e9a00000| PB 0x00000000e9a00000| Complete 
| 155|0x00000000e9b00000, 0x00000000e9c00000, 0x00000000e9c00000|100%| E|CS|TAMS 0x00000000e9b00000| PB 0x00000000e9b00000| Complete 
| 156|0x00000000e9c00000, 0x00000000e9d00000, 0x00000000e9d00000|100%| E|CS|TAMS 0x00000000e9c00000| PB 0x00000000e9c00000| Complete 
| 157|0x00000000e9d00000, 0x00000000e9e00000, 0x00000000e9e00000|100%| E|CS|TAMS 0x00000000e9d00000| PB 0x00000000e9d00000| Complete 
| 158|0x00000000e9e00000, 0x00000000e9f00000, 0x00000000e9f00000|100%| E|CS|TAMS 0x00000000e9e00000| PB 0x00000000e9e00000| Complete 
| 159|0x00000000e9f00000, 0x00000000ea000000, 0x00000000ea000000|100%| E|CS|TAMS 0x00000000e9f00000| PB 0x00000000e9f00000| Complete 
| 160|0x00000000ea000000, 0x00000000ea100000, 0x00000000ea100000|100%| E|CS|TAMS 0x00000000ea000000| PB 0x00000000ea000000| Complete 
| 161|0x00000000ea100000, 0x00000000ea200000, 0x00000000ea200000|100%| E|CS|TAMS 0x00000000ea100000| PB 0x00000000ea100000| Complete 
| 162|0x00000000ea200000, 0x00000000ea300000, 0x00000000ea300000|100%| E|CS|TAMS 0x00000000ea200000| PB 0x00000000ea200000| Complete 
| 163|0x00000000ea300000, 0x00000000ea400000, 0x00000000ea400000|100%| E|CS|TAMS 0x00000000ea300000| PB 0x00000000ea300000| Complete 
| 164|0x00000000ea400000, 0x00000000ea500000, 0x00000000ea500000|100%| E|CS|TAMS 0x00000000ea400000| PB 0x00000000ea400000| Complete 
| 165|0x00000000ea500000, 0x00000000ea600000, 0x00000000ea600000|100%| E|CS|TAMS 0x00000000ea500000| PB 0x00000000ea500000| Complete 
| 166|0x00000000ea600000, 0x00000000ea700000, 0x00000000ea700000|100%| E|CS|TAMS 0x00000000ea600000| PB 0x00000000ea600000| Complete 
| 167|0x00000000ea700000, 0x00000000ea800000, 0x00000000ea800000|100%| E|CS|TAMS 0x00000000ea700000| PB 0x00000000ea700000| Complete 
| 168|0x00000000ea800000, 0x00000000ea900000, 0x00000000ea900000|100%| E|CS|TAMS 0x00000000ea800000| PB 0x00000000ea800000| Complete 
| 169|0x00000000ea900000, 0x00000000eaa00000, 0x00000000eaa00000|100%| E|CS|TAMS 0x00000000ea900000| PB 0x00000000ea900000| Complete 
| 170|0x00000000eaa00000, 0x00000000eab00000, 0x00000000eab00000|100%| E|CS|TAMS 0x00000000eaa00000| PB 0x00000000eaa00000| Complete 
| 171|0x00000000eab00000, 0x00000000eac00000, 0x00000000eac00000|100%| E|CS|TAMS 0x00000000eab00000| PB 0x00000000eab00000| Complete 
| 172|0x00000000eac00000, 0x00000000ead00000, 0x00000000ead00000|100%| E|CS|TAMS 0x00000000eac00000| PB 0x00000000eac00000| Complete 
| 173|0x00000000ead00000, 0x00000000eae00000, 0x00000000eae00000|100%| E|CS|TAMS 0x00000000ead00000| PB 0x00000000ead00000| Complete 
| 174|0x00000000eae00000, 0x00000000eaf00000, 0x00000000eaf00000|100%| E|CS|TAMS 0x00000000eae00000| PB 0x00000000eae00000| Complete 
| 175|0x00000000eaf00000, 0x00000000eb000000, 0x00000000eb000000|100%| E|CS|TAMS 0x00000000eaf00000| PB 0x00000000eaf00000| Complete 
| 176|0x00000000eb000000, 0x00000000eb100000, 0x00000000eb100000|100%| E|CS|TAMS 0x00000000eb000000| PB 0x00000000eb000000| Complete 
| 177|0x00000000eb100000, 0x00000000eb200000, 0x00000000eb200000|100%| E|CS|TAMS 0x00000000eb100000| PB 0x00000000eb100000| Complete 
| 178|0x00000000eb200000, 0x00000000eb300000, 0x00000000eb300000|100%| E|CS|TAMS 0x00000000eb200000| PB 0x00000000eb200000| Complete 
| 179|0x00000000eb300000, 0x00000000eb400000, 0x00000000eb400000|100%| E|CS|TAMS 0x00000000eb300000| PB 0x00000000eb300000| Complete 
| 180|0x00000000eb400000, 0x00000000eb500000, 0x00000000eb500000|100%| E|CS|TAMS 0x00000000eb400000| PB 0x00000000eb400000| Complete 
| 181|0x00000000eb500000, 0x00000000eb600000, 0x00000000eb600000|100%| E|CS|TAMS 0x00000000eb500000| PB 0x00000000eb500000| Complete 
| 182|0x00000000eb600000, 0x00000000eb700000, 0x00000000eb700000|100%| E|CS|TAMS 0x00000000eb600000| PB 0x00000000eb600000| Complete 
| 183|0x00000000eb700000, 0x00000000eb800000, 0x00000000eb800000|100%| E|CS|TAMS 0x00000000eb700000| PB 0x00000000eb700000| Complete 
| 184|0x00000000eb800000, 0x00000000eb900000, 0x00000000eb900000|100%| E|CS|TAMS 0x00000000eb800000| PB 0x00000000eb800000| Complete 
| 185|0x00000000eb900000, 0x00000000eba00000, 0x00000000eba00000|100%| E|CS|TAMS 0x00000000eb900000| PB 0x00000000eb900000| Complete 
| 186|0x00000000eba00000, 0x00000000ebb00000, 0x00000000ebb00000|100%| E|CS|TAMS 0x00000000eba00000| PB 0x00000000eba00000| Complete 
| 187|0x00000000ebb00000, 0x00000000ebc00000, 0x00000000ebc00000|100%| E|CS|TAMS 0x00000000ebb00000| PB 0x00000000ebb00000| Complete 
| 188|0x00000000ebc00000, 0x00000000ebd00000, 0x00000000ebd00000|100%| E|CS|TAMS 0x00000000ebc00000| PB 0x00000000ebc00000| Complete 
| 189|0x00000000ebd00000, 0x00000000ebe00000, 0x00000000ebe00000|100%| E|CS|TAMS 0x00000000ebd00000| PB 0x00000000ebd00000| Complete 
| 190|0x00000000ebe00000, 0x00000000ebf00000, 0x00000000ebf00000|100%| E|CS|TAMS 0x00000000ebe00000| PB 0x00000000ebe00000| Complete 
| 191|0x00000000ebf00000, 0x00000000ec000000, 0x00000000ec000000|100%| E|CS|TAMS 0x00000000ebf00000| PB 0x00000000ebf00000| Complete 
| 192|0x00000000ec000000, 0x00000000ec100000, 0x00000000ec100000|100%| E|CS|TAMS 0x00000000ec000000| PB 0x00000000ec000000| Complete 
| 193|0x00000000ec100000, 0x00000000ec200000, 0x00000000ec200000|100%| E|CS|TAMS 0x00000000ec100000| PB 0x00000000ec100000| Complete 
| 194|0x00000000ec200000, 0x00000000ec300000, 0x00000000ec300000|100%| E|CS|TAMS 0x00000000ec200000| PB 0x00000000ec200000| Complete 
| 195|0x00000000ec300000, 0x00000000ec400000, 0x00000000ec400000|100%| E|CS|TAMS 0x00000000ec300000| PB 0x00000000ec300000| Complete 
| 196|0x00000000ec400000, 0x00000000ec500000, 0x00000000ec500000|100%| E|CS|TAMS 0x00000000ec400000| PB 0x00000000ec400000| Complete 
| 197|0x00000000ec500000, 0x00000000ec600000, 0x00000000ec600000|100%| E|CS|TAMS 0x00000000ec500000| PB 0x00000000ec500000| Complete 
| 198|0x00000000ec600000, 0x00000000ec700000, 0x00000000ec700000|100%| E|CS|TAMS 0x00000000ec600000| PB 0x00000000ec600000| Complete 
| 199|0x00000000ec700000, 0x00000000ec800000, 0x00000000ec800000|100%| E|CS|TAMS 0x00000000ec700000| PB 0x00000000ec700000| Complete 
| 200|0x00000000ec800000, 0x00000000ec900000, 0x00000000ec900000|100%| E|CS|TAMS 0x00000000ec800000| PB 0x00000000ec800000| Complete 
| 201|0x00000000ec900000, 0x00000000eca00000, 0x00000000eca00000|100%| E|CS|TAMS 0x00000000ec900000| PB 0x00000000ec900000| Complete 
| 202|0x00000000eca00000, 0x00000000ecb00000, 0x00000000ecb00000|100%| E|CS|TAMS 0x00000000eca00000| PB 0x00000000eca00000| Complete 
| 203|0x00000000ecb00000, 0x00000000ecc00000, 0x00000000ecc00000|100%| E|CS|TAMS 0x00000000ecb00000| PB 0x00000000ecb00000| Complete 
| 204|0x00000000ecc00000, 0x00000000ecd00000, 0x00000000ecd00000|100%| E|CS|TAMS 0x00000000ecc00000| PB 0x00000000ecc00000| Complete 
| 205|0x00000000ecd00000, 0x00000000ece00000, 0x00000000ece00000|100%| E|CS|TAMS 0x00000000ecd00000| PB 0x00000000ecd00000| Complete 
| 206|0x00000000ece00000, 0x00000000ecf00000, 0x00000000ecf00000|100%| E|CS|TAMS 0x00000000ece00000| PB 0x00000000ece00000| Complete 
| 207|0x00000000ecf00000, 0x00000000ed000000, 0x00000000ed000000|100%| E|CS|TAMS 0x00000000ecf00000| PB 0x00000000ecf00000| Complete 
| 208|0x00000000ed000000, 0x00000000ed100000, 0x00000000ed100000|100%| E|CS|TAMS 0x00000000ed000000| PB 0x00000000ed000000| Complete 
| 209|0x00000000ed100000, 0x00000000ed200000, 0x00000000ed200000|100%| E|CS|TAMS 0x00000000ed100000| PB 0x00000000ed100000| Complete 
| 210|0x00000000ed200000, 0x00000000ed300000, 0x00000000ed300000|100%| E|CS|TAMS 0x00000000ed200000| PB 0x00000000ed200000| Complete 
| 211|0x00000000ed300000, 0x00000000ed400000, 0x00000000ed400000|100%| E|CS|TAMS 0x00000000ed300000| PB 0x00000000ed300000| Complete 
| 212|0x00000000ed400000, 0x00000000ed500000, 0x00000000ed500000|100%| E|CS|TAMS 0x00000000ed400000| PB 0x00000000ed400000| Complete 
| 213|0x00000000ed500000, 0x00000000ed600000, 0x00000000ed600000|100%| E|CS|TAMS 0x00000000ed500000| PB 0x00000000ed500000| Complete 
| 214|0x00000000ed600000, 0x00000000ed700000, 0x00000000ed700000|100%| E|CS|TAMS 0x00000000ed600000| PB 0x00000000ed600000| Complete 
| 215|0x00000000ed700000, 0x00000000ed800000, 0x00000000ed800000|100%| E|CS|TAMS 0x00000000ed700000| PB 0x00000000ed700000| Complete 
| 216|0x00000000ed800000, 0x00000000ed900000, 0x00000000ed900000|100%| E|CS|TAMS 0x00000000ed800000| PB 0x00000000ed800000| Complete 
| 217|0x00000000ed900000, 0x00000000eda00000, 0x00000000eda00000|100%| E|CS|TAMS 0x00000000ed900000| PB 0x00000000ed900000| Complete 
| 218|0x00000000eda00000, 0x00000000edacace0, 0x00000000edb00000| 79%| S|CS|TAMS 0x00000000eda00000| PB 0x00000000eda00000| Complete 
| 219|0x00000000edb00000, 0x00000000edc00000, 0x00000000edc00000|100%| S|CS|TAMS 0x00000000edb00000| PB 0x00000000edb00000| Complete 
| 220|0x00000000edc00000, 0x00000000edd00000, 0x00000000edd00000|100%| S|CS|TAMS 0x00000000edc00000| PB 0x00000000edc00000| Complete 
| 221|0x00000000edd00000, 0x00000000ede00000, 0x00000000ede00000|100%| S|CS|TAMS 0x00000000edd00000| PB 0x00000000edd00000| Complete 
| 222|0x00000000ede00000, 0x00000000edf00000, 0x00000000edf00000|100%| S|CS|TAMS 0x00000000ede00000| PB 0x00000000ede00000| Complete 
| 223|0x00000000edf00000, 0x00000000ee000000, 0x00000000ee000000|100%| S|CS|TAMS 0x00000000edf00000| PB 0x00000000edf00000| Complete 
| 224|0x00000000ee000000, 0x00000000ee100000, 0x00000000ee100000|100%| S|CS|TAMS 0x00000000ee000000| PB 0x00000000ee000000| Complete 
| 225|0x00000000ee100000, 0x00000000ee200000, 0x00000000ee200000|100%| S|CS|TAMS 0x00000000ee100000| PB 0x00000000ee100000| Complete 
| 226|0x00000000ee200000, 0x00000000ee300000, 0x00000000ee300000|100%| S|CS|TAMS 0x00000000ee200000| PB 0x00000000ee200000| Complete 
| 227|0x00000000ee300000, 0x00000000ee400000, 0x00000000ee400000|100%| E|CS|TAMS 0x00000000ee300000| PB 0x00000000ee300000| Complete 
| 228|0x00000000ee400000, 0x00000000ee500000, 0x00000000ee500000|100%| E|CS|TAMS 0x00000000ee400000| PB 0x00000000ee400000| Complete 
| 229|0x00000000ee500000, 0x00000000ee600000, 0x00000000ee600000|100%| E|CS|TAMS 0x00000000ee500000| PB 0x00000000ee500000| Complete 
| 230|0x00000000ee600000, 0x00000000ee700000, 0x00000000ee700000|100%| E|CS|TAMS 0x00000000ee600000| PB 0x00000000ee600000| Complete 
| 231|0x00000000ee700000, 0x00000000ee800000, 0x00000000ee800000|100%| E|CS|TAMS 0x00000000ee700000| PB 0x00000000ee700000| Complete 
| 232|0x00000000ee800000, 0x00000000ee900000, 0x00000000ee900000|100%| E|CS|TAMS 0x00000000ee800000| PB 0x00000000ee800000| Complete 
| 233|0x00000000ee900000, 0x00000000eea00000, 0x00000000eea00000|100%| E|CS|TAMS 0x00000000ee900000| PB 0x00000000ee900000| Complete 
| 234|0x00000000eea00000, 0x00000000eeb00000, 0x00000000eeb00000|100%| E|CS|TAMS 0x00000000eea00000| PB 0x00000000eea00000| Complete 
| 235|0x00000000eeb00000, 0x00000000eec00000, 0x00000000eec00000|100%| E|CS|TAMS 0x00000000eeb00000| PB 0x00000000eeb00000| Complete 
| 236|0x00000000eec00000, 0x00000000eed00000, 0x00000000eed00000|100%| E|CS|TAMS 0x00000000eec00000| PB 0x00000000eec00000| Complete 
| 237|0x00000000eed00000, 0x00000000eee00000, 0x00000000eee00000|100%| E|CS|TAMS 0x00000000eed00000| PB 0x00000000eed00000| Complete 
| 238|0x00000000eee00000, 0x00000000eef00000, 0x00000000eef00000|100%| E|CS|TAMS 0x00000000eee00000| PB 0x00000000eee00000| Complete 
| 239|0x00000000eef00000, 0x00000000ef000000, 0x00000000ef000000|100%| E|CS|TAMS 0x00000000eef00000| PB 0x00000000eef00000| Complete 
| 240|0x00000000ef000000, 0x00000000ef100000, 0x00000000ef100000|100%| E|CS|TAMS 0x00000000ef000000| PB 0x00000000ef000000| Complete 
| 241|0x00000000ef100000, 0x00000000ef200000, 0x00000000ef200000|100%| E|  |TAMS 0x00000000ef100000| PB 0x00000000ef100000| Complete 
| 242|0x00000000ef200000, 0x00000000ef300000, 0x00000000ef300000|100%| E|CS|TAMS 0x00000000ef200000| PB 0x00000000ef200000| Complete 
| 243|0x00000000ef300000, 0x00000000ef400000, 0x00000000ef400000|100%| E|CS|TAMS 0x00000000ef300000| PB 0x00000000ef300000| Complete 
| 244|0x00000000ef400000, 0x00000000ef500000, 0x00000000ef500000|100%| E|CS|TAMS 0x00000000ef400000| PB 0x00000000ef400000| Complete 
| 245|0x00000000ef500000, 0x00000000ef600000, 0x00000000ef600000|100%| E|CS|TAMS 0x00000000ef500000| PB 0x00000000ef500000| Complete 
| 246|0x00000000ef600000, 0x00000000ef700000, 0x00000000ef700000|100%| E|CS|TAMS 0x00000000ef600000| PB 0x00000000ef600000| Complete 
| 247|0x00000000ef700000, 0x00000000ef800000, 0x00000000ef800000|100%| E|CS|TAMS 0x00000000ef700000| PB 0x00000000ef700000| Complete 
| 248|0x00000000ef800000, 0x00000000ef900000, 0x00000000ef900000|100%| E|CS|TAMS 0x00000000ef800000| PB 0x00000000ef800000| Complete 
| 249|0x00000000ef900000, 0x00000000efa00000, 0x00000000efa00000|100%| E|CS|TAMS 0x00000000ef900000| PB 0x00000000ef900000| Complete 
| 250|0x00000000efa00000, 0x00000000efb00000, 0x00000000efb00000|100%| E|CS|TAMS 0x00000000efa00000| PB 0x00000000efa00000| Complete 
| 251|0x00000000efb00000, 0x00000000efc00000, 0x00000000efc00000|100%| E|CS|TAMS 0x00000000efb00000| PB 0x00000000efb00000| Complete 
| 252|0x00000000efc00000, 0x00000000efd00000, 0x00000000efd00000|100%| E|CS|TAMS 0x00000000efc00000| PB 0x00000000efc00000| Complete 
| 253|0x00000000efd00000, 0x00000000efe00000, 0x00000000efe00000|100%| E|CS|TAMS 0x00000000efd00000| PB 0x00000000efd00000| Complete 
| 254|0x00000000efe00000, 0x00000000eff00000, 0x00000000eff00000|100%| E|CS|TAMS 0x00000000efe00000| PB 0x00000000efe00000| Complete 
| 255|0x00000000eff00000, 0x00000000f0000000, 0x00000000f0000000|100%| E|CS|TAMS 0x00000000eff00000| PB 0x00000000eff00000| Complete 

Card table byte_map: [0x0000022c7db90000,0x0000022c7dc90000] _byte_map_base: 0x0000022c7d490000

Marking Bits: (CMBitMap*) 0x0000022c7509dc60
 Bits: [0x0000022c7dc90000, 0x0000022c7e490000)

Polling page: 0x0000022c74740000

Metaspace:

Usage:
  Non-class:     27.56 MB used.
      Class:      3.78 MB used.
       Both:     31.34 MB used.

Virtual space:
  Non-class space:       64.00 MB reserved,      27.75 MB ( 43%) committed,  1 nodes.
      Class space:        1.00 GB reserved,       3.94 MB ( <1%) committed,  1 nodes.
             Both:        1.06 GB reserved,      31.69 MB (  3%) committed. 

Chunk freelists:
   Non-Class:  4.30 MB
       Class:  12.01 MB
        Both:  16.31 MB

MaxMetaspaceSize: unlimited
CompressedClassSpaceSize: 1.00 GB
Initial GC threshold: 21.00 MB
Current GC threshold: 35.62 MB
CDS: on
 - commit_granule_bytes: 65536.
 - commit_granule_words: 8192.
 - virtual_space_node_default_size: 8388608.
 - enlarge_chunks_in_place: 1.
 - use_allocation_guard: 0.


Internal statistics:

num_allocs_failed_limit: 6.
num_arena_births: 260.
num_arena_deaths: 0.
num_vsnodes_births: 2.
num_vsnodes_deaths: 0.
num_space_committed: 507.
num_space_uncommitted: 0.
num_chunks_returned_to_freelist: 6.
num_chunks_taken_from_freelist: 1264.
num_chunk_merges: 3.
num_chunk_splits: 907.
num_chunks_enlarged: 757.
num_inconsistent_stats: 0.

CodeHeap 'non-profiled nmethods': size=120000Kb used=4067Kb max_used=4067Kb free=115932Kb
 bounds [0x0000022c07ad0000, 0x0000022c07ed0000, 0x0000022c0f000000]
CodeHeap 'profiled nmethods': size=120000Kb used=15001Kb max_used=15001Kb free=104999Kb
 bounds [0x0000022c00000000, 0x0000022c00eb0000, 0x0000022c07530000]
CodeHeap 'non-nmethods': size=5760Kb used=1663Kb max_used=1709Kb free=4097Kb
 bounds [0x0000022c07530000, 0x0000022c077a0000, 0x0000022c07ad0000]
 total_blobs=7279 nmethods=6714 adapters=466
 compilation: enabled
              stopped_count=0, restarted_count=0
 full_count=0

Compilation events (20 events):
Event: 5.660 Thread 0x0000022c7ef45790 nmethod 6668 0x0000022c00e86a90 code [0x0000022c00e86c20, 0x0000022c00e86d28]
Event: 5.660 Thread 0x0000022c7ef45790 6669       2       java.lang.Integer::compareTo (9 bytes)
Event: 5.660 Thread 0x0000022c7ef45790 nmethod 6669 0x0000022c00e86d90 code [0x0000022c00e86f40, 0x0000022c00e870d8]
Event: 5.660 Thread 0x0000022c7ef45790 6670       2       com.puppycrawl.tools.checkstyle.api.AbstractCheck::getLine (18 bytes)
Event: 5.661 Thread 0x0000022c7ef45790 nmethod 6670 0x0000022c00e87190 code [0x0000022c00e87340, 0x0000022c00e874f8]
Event: 5.661 Thread 0x0000022c7ef45790 6671       2       com.puppycrawl.tools.checkstyle.api.FileContents::getLine (9 bytes)
Event: 5.661 Thread 0x0000022c7ef45790 nmethod 6671 0x0000022c00e87690 code [0x0000022c00e87840, 0x0000022c00e87978]
Event: 5.661 Thread 0x0000022c7ef45790 6672       2       com.puppycrawl.tools.checkstyle.DetailAstImpl::findLineNo (42 bytes)
Event: 5.661 Thread 0x0000022c7ef45790 nmethod 6672 0x0000022c00e87a90 code [0x0000022c00e87c40, 0x0000022c00e87eb8]
Event: 5.661 Thread 0x0000022c7ef45790 6673       2       com.puppycrawl.tools.checkstyle.utils.CommonUtil::lengthExpandedTabs (44 bytes)
Event: 5.661 Thread 0x0000022c7ef45790 nmethod 6673 0x0000022c00e88090 code [0x0000022c00e88240, 0x0000022c00e88438]
Event: 5.662 Thread 0x0000022c7ef45790 6675       1       com.puppycrawl.tools.checkstyle.DetailAstImpl::getText (5 bytes)
Event: 5.662 Thread 0x0000022c7ef45790 nmethod 6675 0x0000022c07eb4110 code [0x0000022c07eb42a0, 0x0000022c07eb4368]
Event: 5.663 Thread 0x0000022c7ef45790 6676       2       com.puppycrawl.tools.checkstyle.checks.indentation.IndentationCheck::getIndentationTabWidth (5 bytes)
Event: 5.663 Thread 0x0000022c7ef45790 nmethod 6676 0x0000022c00e88590 code [0x0000022c00e88720, 0x0000022c00e88828]
Event: 5.663 Thread 0x0000022c7ef45790 6677       2       java.util.regex.Pattern$$Lambda/0x800000032::is (13 bytes)
Event: 5.663 Thread 0x0000022c7ef45790 nmethod 6677 0x0000022c00e88910 code [0x0000022c00e88ac0, 0x0000022c00e88c68]
Event: 5.663 Thread 0x0000022c7ef45790 6679       3       java.util.TreeSet::iterator (15 bytes)
Event: 5.663 Thread 0x0000022c7ef45790 nmethod 6679 0x0000022c00e88d90 code [0x0000022c00e88f60, 0x0000022c00e891f8]
Event: 5.663 Thread 0x0000022c7ef45790 6678       3       java.util.stream.Nodes$IntFixedNodeBuilder::accept (61 bytes)

GC Heap History (10 events):
Event: 0.563 GC heap before
{Heap before GC invocations=0 (full 0):
 garbage-first heap   total 262144K, used 22528K [0x00000000e0000000, 0x0000000100000000)
  region size 1024K, 23 young (23552K), 0 survivors (0K)
 Metaspace       used 5645K, committed 5888K, reserved 1114112K
  class space    used 653K, committed 768K, reserved 1048576K
}
Event: 0.568 GC heap after
{Heap after GC invocations=1 (full 0):
 garbage-first heap   total 262144K, used 3924K [0x00000000e0000000, 0x0000000100000000)
  region size 1024K, 3 young (3072K), 3 survivors (3072K)
 Metaspace       used 5645K, committed 5888K, reserved 1114112K
  class space    used 653K, committed 768K, reserved 1048576K
}
Event: 0.951 GC heap before
{Heap before GC invocations=1 (full 0):
 garbage-first heap   total 262144K, used 35668K [0x00000000e0000000, 0x0000000100000000)
  region size 1024K, 34 young (34816K), 3 survivors (3072K)
 Metaspace       used 9636K, committed 9792K, reserved 1114112K
  class space    used 1132K, committed 1216K, reserved 1048576K
}
Event: 0.954 GC heap after
{Heap after GC invocations=2 (full 0):
 garbage-first heap   total 262144K, used 5425K [0x00000000e0000000, 0x0000000100000000)
  region size 1024K, 2 young (2048K), 2 survivors (2048K)
 Metaspace       used 9636K, committed 9792K, reserved 1114112K
  class space    used 1132K, committed 1216K, reserved 1048576K
}
Event: 2.527 GC heap before
{Heap before GC invocations=2 (full 0):
 garbage-first heap   total 262144K, used 160049K [0x00000000e0000000, 0x0000000100000000)
  region size 1024K, 153 young (156672K), 2 survivors (2048K)
 Metaspace       used 16400K, committed 16640K, reserved 1114112K
  class space    used 1870K, committed 1984K, reserved 1048576K
}
Event: 2.548 GC heap after
{Heap after GC invocations=3 (full 0):
 garbage-first heap   total 262144K, used 23759K [0x00000000e0000000, 0x0000000100000000)
  region size 1024K, 20 young (20480K), 20 survivors (20480K)
 Metaspace       used 16400K, committed 16640K, reserved 1114112K
  class space    used 1870K, committed 1984K, reserved 1048576K
}
Event: 3.976 GC heap before
{Heap before GC invocations=3 (full 0):
 garbage-first heap   total 262144K, used 156879K [0x00000000e0000000, 0x0000000100000000)
  region size 1024K, 150 young (153600K), 20 survivors (20480K)
 Metaspace       used 17799K, committed 18112K, reserved 1114112K
  class space    used 1971K, committed 2112K, reserved 1048576K
}
Event: 3.990 GC heap after
{Heap after GC invocations=4 (full 0):
 garbage-first heap   total 262144K, used 29588K [0x00000000e0000000, 0x0000000100000000)
  region size 1024K, 7 young (7168K), 7 survivors (7168K)
 Metaspace       used 17799K, committed 18112K, reserved 1114112K
  class space    used 1971K, committed 2112K, reserved 1048576K
}
Event: 4.504 GC heap before
{Heap before GC invocations=4 (full 0):
 garbage-first heap   total 262144K, used 57236K [0x00000000e0000000, 0x0000000100000000)
  region size 1024K, 36 young (36864K), 7 survivors (7168K)
 Metaspace       used 21188K, committed 21504K, reserved 1114112K
  class space    used 2323K, committed 2496K, reserved 1048576K
}
Event: 4.508 GC heap after
{Heap after GC invocations=5 (full 0):
 garbage-first heap   total 262144K, used 31423K [0x00000000e0000000, 0x0000000100000000)
  region size 1024K, 9 young (9216K), 9 survivors (9216K)
 Metaspace       used 21188K, committed 21504K, reserved 1114112K
  class space    used 2323K, committed 2496K, reserved 1048576K
}

Dll operation events (8 events):
Event: 0.005 Loaded shared library C:\Users\hama\.jdks\corretto-21.0.5\bin\java.dll
Event: 0.032 Loaded shared library C:\Users\hama\.jdks\corretto-21.0.5\bin\jsvml.dll
Event: 0.046 Loaded shared library C:\Users\hama\.jdks\corretto-21.0.5\bin\net.dll
Event: 0.048 Loaded shared library C:\Users\hama\.jdks\corretto-21.0.5\bin\nio.dll
Event: 0.051 Loaded shared library C:\Users\hama\.jdks\corretto-21.0.5\bin\zip.dll
Event: 0.182 Loaded shared library C:\Users\hama\AppData\Roaming\Windsurf\User\globalStorage\pleiades.java-extension-pack-jdk\maven\latest\lib\jansi-native\Windows\x86_64\jansi.dll
Event: 0.185 Loaded shared library C:\Users\hama\.jdks\corretto-21.0.5\bin\jimage.dll
Event: 0.194 Loaded shared library C:\Users\hama\.jdks\corretto-21.0.5\bin\verify.dll

Deoptimization events (20 events):
Event: 5.326 Thread 0x0000022c750757d0 Uncommon trap: trap_request=0xffffff45 fr.pc=0x0000022c07ced3bc relative=0x000000000000067c
Event: 5.326 Thread 0x0000022c750757d0 Uncommon trap: reason=unstable_if action=reinterpret pc=0x0000022c07ced3bc method=java.util.Properties$LineReader.readLine()I @ 117 c2
Event: 5.326 Thread 0x0000022c750757d0 DEOPT PACKING pc=0x0000022c07ced3bc sp=0x000000bed32fd230
Event: 5.326 Thread 0x0000022c750757d0 DEOPT UNPACKING pc=0x0000022c07587da2 sp=0x000000bed32fd1c8 mode 2
Event: 5.326 Thread 0x0000022c750757d0 Uncommon trap: trap_request=0xffffff45 fr.pc=0x0000022c07d41f54 relative=0x0000000000000674
Event: 5.326 Thread 0x0000022c750757d0 Uncommon trap: reason=unstable_if action=reinterpret pc=0x0000022c07d41f54 method=java.util.Properties.loadConvert([CIILjava/lang/StringBuilder;)Ljava/lang/String; @ 26 c2
Event: 5.326 Thread 0x0000022c750757d0 DEOPT PACKING pc=0x0000022c07d41f54 sp=0x000000bed32fd240
Event: 5.326 Thread 0x0000022c750757d0 DEOPT UNPACKING pc=0x0000022c07587da2 sp=0x000000bed32fd1d8 mode 2
Event: 5.575 Thread 0x0000022c750757d0 Uncommon trap: trap_request=0xffffff45 fr.pc=0x0000022c07bfbe78 relative=0x00000000000014b8
Event: 5.575 Thread 0x0000022c750757d0 Uncommon trap: reason=unstable_if action=reinterpret pc=0x0000022c07bfbe78 method=java.util.HashMap.putVal(ILjava/lang/Object;Ljava/lang/Object;ZZ)Ljava/lang/Object; @ 94 c2
Event: 5.575 Thread 0x0000022c750757d0 DEOPT PACKING pc=0x0000022c07bfbe78 sp=0x000000bed32fcd30
Event: 5.575 Thread 0x0000022c750757d0 DEOPT UNPACKING pc=0x0000022c07587da2 sp=0x000000bed32fcbe0 mode 2
Event: 5.641 Thread 0x0000022c750757d0 Uncommon trap: trap_request=0xffffff45 fr.pc=0x0000022c07dc0028 relative=0x0000000000000828
Event: 5.641 Thread 0x0000022c750757d0 Uncommon trap: reason=unstable_if action=reinterpret pc=0x0000022c07dc0028 method=java.util.regex.Matcher.reset()Ljava/util/regex/Matcher; @ 71 c2
Event: 5.641 Thread 0x0000022c750757d0 DEOPT PACKING pc=0x0000022c07dc0028 sp=0x000000bed32fda10
Event: 5.641 Thread 0x0000022c750757d0 DEOPT UNPACKING pc=0x0000022c07587da2 sp=0x000000bed32fd8e0 mode 2
Event: 5.641 Thread 0x0000022c750757d0 Uncommon trap: trap_request=0xffffff45 fr.pc=0x0000022c07c0d248 relative=0x0000000000000288
Event: 5.641 Thread 0x0000022c750757d0 Uncommon trap: reason=unstable_if action=reinterpret pc=0x0000022c07c0d248 method=java.util.regex.Matcher.search(I)Z @ 76 c2
Event: 5.641 Thread 0x0000022c750757d0 DEOPT PACKING pc=0x0000022c07c0d248 sp=0x000000bed32fd9d0
Event: 5.641 Thread 0x0000022c750757d0 DEOPT UNPACKING pc=0x0000022c07587da2 sp=0x000000bed32fd990 mode 2

Classes loaded (20 events):
Event: 5.641 Loading class java/lang/StringLatin1$CharsSpliterator
Event: 5.641 Loading class java/lang/StringLatin1$CharsSpliterator done
Event: 5.646 Loading class java/util/TreeMap$AscendingSubMap
Event: 5.646 Loading class java/util/TreeMap$NavigableSubMap
Event: 5.646 Loading class java/util/TreeMap$NavigableSubMap done
Event: 5.648 Loading class java/util/TreeMap$AscendingSubMap done
Event: 5.648 Loading class java/util/TreeMap$AscendingSubMap$AscendingEntrySetView
Event: 5.648 Loading class java/util/TreeMap$NavigableSubMap$EntrySetView
Event: 5.648 Loading class java/util/TreeMap$NavigableSubMap$EntrySetView done
Event: 5.648 Loading class java/util/TreeMap$AscendingSubMap$AscendingEntrySetView done
Event: 5.648 Loading class java/util/TreeMap$NavigableSubMap$SubMapEntryIterator
Event: 5.648 Loading class java/util/TreeMap$NavigableSubMap$SubMapIterator
Event: 5.648 Loading class java/util/TreeMap$NavigableSubMap$SubMapIterator done
Event: 5.649 Loading class java/util/TreeMap$NavigableSubMap$SubMapEntryIterator done
Event: 5.659 Loading class java/text/MessageFormat$Field
Event: 5.659 Loading class java/text/MessageFormat$Field done
Event: 5.660 Loading class java/text/FieldPosition$Delegate
Event: 5.660 Loading class java/text/FieldPosition$Delegate done
Event: 5.663 Loading class java/util/AbstractMap$SimpleEntry
Event: 5.663 Loading class java/util/AbstractMap$SimpleEntry done

Classes unloaded (0 events):
No events

Classes redefined (0 events):
No events

Internal exceptions (20 events):
Event: 5.282 Thread 0x0000022c750757d0 Exception <a 'java/lang/ClassNotFoundException'{0x00000000eb292498}: com/puppycrawl/tools/checkstyle/checks/javadoc/RequireEmptyLineBeforeBlockTagGroupCheckCustomizer> (0x00000000eb292498) 
thrown [s\src\hotspot\share\classfile\systemDictionary.cpp, line 312]
Event: 5.284 Thread 0x0000022c750757d0 Exception <a 'java/lang/ClassNotFoundException'{0x00000000eb2ee108}: com/puppycrawl/tools/checkstyle/checks/javadoc/AtclauseOrderCheckBeanInfo> (0x00000000eb2ee108) 
thrown [s\src\hotspot\share\classfile\systemDictionary.cpp, line 312]
Event: 5.284 Thread 0x0000022c750757d0 Exception <a 'java/lang/ClassNotFoundException'{0x00000000eb2f4d18}: com/puppycrawl/tools/checkstyle/checks/javadoc/AtclauseOrderCheckCustomizer> (0x00000000eb2f4d18) 
thrown [s\src\hotspot\share\classfile\systemDictionary.cpp, line 312]
Event: 5.288 Thread 0x0000022c750757d0 Exception <a 'java/lang/ClassNotFoundException'{0x00000000eb1b5dd0}: com/puppycrawl/tools/checkstyle/checks/javadoc/JavadocMethodCheckBeanInfo> (0x00000000eb1b5dd0) 
thrown [s\src\hotspot\share\classfile\systemDictionary.cpp, line 312]
Event: 5.289 Thread 0x0000022c750757d0 Exception <a 'java/lang/ClassNotFoundException'{0x00000000eb1bc9e0}: com/puppycrawl/tools/checkstyle/checks/javadoc/JavadocMethodCheckCustomizer> (0x00000000eb1bc9e0) 
thrown [s\src\hotspot\share\classfile\systemDictionary.cpp, line 312]
Event: 5.293 Thread 0x0000022c750757d0 Exception <a 'java/lang/ClassNotFoundException'{0x00000000eb0d4640}: com/puppycrawl/tools/checkstyle/checks/javadoc/MissingJavadocMethodCheckBeanInfo> (0x00000000eb0d4640) 
thrown [s\src\hotspot\share\classfile\systemDictionary.cpp, line 312]
Event: 5.294 Thread 0x0000022c750757d0 Exception <a 'java/lang/ClassNotFoundException'{0x00000000eb0db2f8}: com/puppycrawl/tools/checkstyle/checks/javadoc/MissingJavadocMethodCheckCustomizer> (0x00000000eb0db2f8) 
thrown [s\src\hotspot\share\classfile\systemDictionary.cpp, line 312]
Event: 5.298 Thread 0x0000022c750757d0 Exception <a 'java/lang/ClassNotFoundException'{0x00000000eafcdf50}: com/puppycrawl/tools/checkstyle/checks/javadoc/MissingJavadocTypeCheckBeanInfo> (0x00000000eafcdf50) 
thrown [s\src\hotspot\share\classfile\systemDictionary.cpp, line 312]
Event: 5.299 Thread 0x0000022c750757d0 Exception <a 'java/lang/ClassNotFoundException'{0x00000000eafd4bb0}: com/puppycrawl/tools/checkstyle/checks/javadoc/MissingJavadocTypeCheckCustomizer> (0x00000000eafd4bb0) 
thrown [s\src\hotspot\share\classfile\systemDictionary.cpp, line 312]
Event: 5.302 Thread 0x0000022c750757d0 Exception <a 'java/lang/ClassNotFoundException'{0x00000000eae9dec8}: com/puppycrawl/tools/checkstyle/checks/naming/MethodNameCheckBeanInfo> (0x00000000eae9dec8) 
thrown [s\src\hotspot\share\classfile\systemDictionary.cpp, line 312]
Event: 5.302 Thread 0x0000022c750757d0 Exception <a 'java/lang/ClassNotFoundException'{0x00000000eaea4a50}: com/puppycrawl/tools/checkstyle/checks/naming/MethodNameCheckCustomizer> (0x00000000eaea4a50) 
thrown [s\src\hotspot\share\classfile\systemDictionary.cpp, line 312]
Event: 5.304 Thread 0x0000022c750757d0 Exception <a 'java/lang/ClassNotFoundException'{0x00000000ead2b438}: com/puppycrawl/tools/checkstyle/checks/javadoc/SingleLineJavadocCheckBeanInfo> (0x00000000ead2b438) 
thrown [s\src\hotspot\share\classfile\systemDictionary.cpp, line 312]
Event: 5.304 Thread 0x0000022c750757d0 Exception <a 'java/lang/ClassNotFoundException'{0x00000000ead32098}: com/puppycrawl/tools/checkstyle/checks/javadoc/SingleLineJavadocCheckCustomizer> (0x00000000ead32098) 
thrown [s\src\hotspot\share\classfile\systemDictionary.cpp, line 312]
Event: 5.306 Thread 0x0000022c750757d0 Exception <a 'java/lang/ClassNotFoundException'{0x00000000ead90790}: com/puppycrawl/tools/checkstyle/checks/blocks/EmptyCatchBlockCheckBeanInfo> (0x00000000ead90790) 
thrown [s\src\hotspot\share\classfile\systemDictionary.cpp, line 312]
Event: 5.307 Thread 0x0000022c750757d0 Exception <a 'java/lang/ClassNotFoundException'{0x00000000ead973a0}: com/puppycrawl/tools/checkstyle/checks/blocks/EmptyCatchBlockCheckCustomizer> (0x00000000ead973a0) 
thrown [s\src\hotspot\share\classfile\systemDictionary.cpp, line 312]
Event: 5.309 Thread 0x0000022c750757d0 Exception <a 'java/lang/ClassNotFoundException'{0x00000000eac24f38}: com/puppycrawl/tools/checkstyle/checks/indentation/CommentsIndentationCheckBeanInfo> (0x00000000eac24f38) 
thrown [s\src\hotspot\share\classfile\systemDictionary.cpp, line 312]
Event: 5.309 Thread 0x0000022c750757d0 Exception <a 'java/lang/ClassNotFoundException'{0x00000000eac2bcf8}: com/puppycrawl/tools/checkstyle/checks/indentation/CommentsIndentationCheckCustomizer> (0x00000000eac2bcf8) 
thrown [s\src\hotspot\share\classfile\systemDictionary.cpp, line 312]
Event: 5.311 Thread 0x0000022c750757d0 Exception <a 'java/lang/ClassNotFoundException'{0x00000000eacade68}: com/puppycrawl/tools/checkstyle/filters/SuppressionXpathFilterBeanInfo> (0x00000000eacade68) 
thrown [s\src\hotspot\share\classfile\systemDictionary.cpp, line 312]
Event: 5.311 Thread 0x0000022c750757d0 Exception <a 'java/lang/ClassNotFoundException'{0x00000000eacb4918}: com/puppycrawl/tools/checkstyle/filters/SuppressionXpathFilterCustomizer> (0x00000000eacb4918) 
thrown [s\src\hotspot\share\classfile\systemDictionary.cpp, line 312]
Event: 5.319 Thread 0x0000022c750757d0 Exception <a 'java/lang/NoSuchMethodError'{0x00000000eab3a678}: static [Ljava/lang/StackTraceElement;.<clinit>()V> (0x00000000eab3a678) 
thrown [s\src\hotspot\share\prims\jni.cpp, line 1111]

ZGC Phase Switch (0 events):
No events

VM Operations (20 events):
Event: 4.692 Executing VM operation: HandshakeAllThreads (Deoptimize)
Event: 4.692 Executing VM operation: HandshakeAllThreads (Deoptimize) done
Event: 4.695 Executing VM operation: HandshakeAllThreads (Deoptimize)
Event: 4.695 Executing VM operation: HandshakeAllThreads (Deoptimize) done
Event: 4.732 Executing VM operation: HandshakeAllThreads (Deoptimize)
Event: 4.732 Executing VM operation: HandshakeAllThreads (Deoptimize) done
Event: 4.734 Executing VM operation: HandshakeAllThreads (Deoptimize)
Event: 4.734 Executing VM operation: HandshakeAllThreads (Deoptimize) done
Event: 4.939 Executing VM operation: HandshakeAllThreads (Deoptimize)
Event: 4.939 Executing VM operation: HandshakeAllThreads (Deoptimize) done
Event: 5.147 Executing VM operation: ICBufferFull
Event: 5.147 Executing VM operation: ICBufferFull done
Event: 5.448 Executing VM operation: HandshakeAllThreads (Deoptimize)
Event: 5.448 Executing VM operation: HandshakeAllThreads (Deoptimize) done
Event: 5.574 Executing VM operation: HandshakeAllThreads (Deoptimize)
Event: 5.574 Executing VM operation: HandshakeAllThreads (Deoptimize) done
Event: 5.589 Executing VM operation: ICBufferFull
Event: 5.589 Executing VM operation: ICBufferFull done
Event: 5.648 Executing VM operation: HandshakeAllThreads (Deoptimize)
Event: 5.648 Executing VM operation: HandshakeAllThreads (Deoptimize) done

Memory protections (0 events):
No events

Nmethod flushes (0 events):
No events

Events (18 events):
Event: 0.018 Thread 0x0000022c750757d0 Thread added: 0x0000022c750757d0
Event: 0.030 Thread 0x0000022c750757d0 Thread added: 0x0000022c7ef304b0
Event: 0.030 Thread 0x0000022c750757d0 Thread added: 0x0000022c7ef32f10
Event: 0.030 Thread 0x0000022c750757d0 Thread added: 0x0000022c7ef35970
Event: 0.030 Thread 0x0000022c750757d0 Thread added: 0x0000022c7ef363c0
Event: 0.030 Thread 0x0000022c750757d0 Thread added: 0x0000022c7ef36f40
Event: 0.030 Thread 0x0000022c750757d0 Thread added: 0x0000022c7ef37ac0
Event: 0.030 Thread 0x0000022c750757d0 Thread added: 0x0000022c7ef44d00
Event: 0.030 Thread 0x0000022c750757d0 Thread added: 0x0000022c7ef45790
Event: 0.041 Thread 0x0000022c750757d0 Thread added: 0x0000022c7f120f10
Event: 0.043 Thread 0x0000022c750757d0 Thread added: 0x0000022c7f121d90
Event: 0.081 Thread 0x0000022c7ef45790 Thread added: 0x0000022c7f15ae10
Event: 0.180 Thread 0x0000022c750757d0 Thread added: 0x0000022c7f532c60
Event: 0.189 Thread 0x0000022c7f532c60 Thread exited: 0x0000022c7f532c60
Event: 1.398 Thread 0x0000022c750757d0 Thread added: 0x0000022c563ed130
Event: 3.719 Thread 0x0000022c7ef45790 Thread added: 0x0000022c571f30c0
Event: 4.896 Thread 0x0000022c571f30c0 Thread exited: 0x0000022c571f30c0
Event: 5.152 Thread 0x0000022c7ef45790 Thread added: 0x0000022c5996faf0


Dynamic libraries:
0x00007ff79ac40000 - 0x00007ff79ac4e000 	C:\Users\hama\.jdks\corretto-21.0.5\bin\java.exe
0x00007ffec1aa0000 - 0x00007ffec1d08000 	C:\WINDOWS\SYSTEM32\ntdll.dll
0x00007ffebf870000 - 0x00007ffebf939000 	C:\WINDOWS\System32\KERNEL32.DLL
0x00007ffebedb0000 - 0x00007ffebf1a2000 	C:\WINDOWS\System32\KERNELBASE.dll
0x00007ffebec30000 - 0x00007ffebed7b000 	C:\WINDOWS\System32\ucrtbase.dll
0x00007ffeafb70000 - 0x00007ffeafb88000 	C:\Users\hama\.jdks\corretto-21.0.5\bin\jli.dll
0x00007ffeafbf0000 - 0x00007ffeafc0b000 	C:\Users\hama\.jdks\corretto-21.0.5\bin\VCRUNTIME140.dll
0x00007ffec11c0000 - 0x00007ffec1385000 	C:\WINDOWS\System32\USER32.dll
0x00007ffea26e0000 - 0x00007ffea2973000 	C:\WINDOWS\WinSxS\amd64_microsoft.windows.common-controls_6595b64144ccf1df_6.0.26100.6899_none_3e0efeeae32e88c1\COMCTL32.dll
0x00007ffebed80000 - 0x00007ffebeda7000 	C:\WINDOWS\System32\win32u.dll
0x00007ffec0890000 - 0x00007ffec0939000 	C:\WINDOWS\System32\msvcrt.dll
0x00007ffec0940000 - 0x00007ffec096b000 	C:\WINDOWS\System32\GDI32.dll
0x00007ffebf490000 - 0x00007ffebf5bd000 	C:\WINDOWS\System32\gdi32full.dll
0x00007ffebf1b0000 - 0x00007ffebf253000 	C:\WINDOWS\System32\msvcp_win.dll
0x00007ffec1a20000 - 0x00007ffec1a4f000 	C:\WINDOWS\System32\IMM32.DLL
0x00007ffebb060000 - 0x00007ffebb06c000 	C:\Users\hama\.jdks\corretto-21.0.5\bin\vcruntime140_1.dll
0x00007ffea3e60000 - 0x00007ffea3eed000 	C:\Users\hama\.jdks\corretto-21.0.5\bin\msvcp140.dll
0x00007ffe0a2f0000 - 0x00007ffe0b08d000 	C:\Users\hama\.jdks\corretto-21.0.5\bin\server\jvm.dll
0x00007ffec1960000 - 0x00007ffec1a14000 	C:\WINDOWS\System32\ADVAPI32.dll
0x00007ffec0b60000 - 0x00007ffec0c06000 	C:\WINDOWS\System32\sechost.dll
0x00007ffec1590000 - 0x00007ffec16a8000 	C:\WINDOWS\System32\RPCRT4.dll
0x00007ffebfba0000 - 0x00007ffebfc14000 	C:\WINDOWS\System32\WS2_32.dll
0x00007ffebea90000 - 0x00007ffebeaee000 	C:\WINDOWS\SYSTEM32\POWRPROF.dll
0x00007ffea3350000 - 0x00007ffea3385000 	C:\WINDOWS\SYSTEM32\WINMM.dll
0x00007ffeae7f0000 - 0x00007ffeae7fb000 	C:\WINDOWS\SYSTEM32\VERSION.dll
0x00007ffebea70000 - 0x00007ffebea84000 	C:\WINDOWS\SYSTEM32\UMPDC.dll
0x00007ffebda00000 - 0x00007ffebda1b000 	C:\WINDOWS\SYSTEM32\kernel.appcore.dll
0x00007ffeb9190000 - 0x00007ffeb919a000 	C:\Users\hama\.jdks\corretto-21.0.5\bin\jimage.dll
0x00007ffebbda0000 - 0x00007ffebbfe2000 	C:\WINDOWS\SYSTEM32\DBGHELP.DLL
0x00007ffec0440000 - 0x00007ffec07bb000 	C:\WINDOWS\System32\combase.dll
0x00007ffec0c10000 - 0x00007ffec0ce7000 	C:\WINDOWS\System32\OLEAUT32.dll
0x00007ffe9a4c0000 - 0x00007ffe9a4fc000 	C:\WINDOWS\SYSTEM32\dbgcore.DLL
0x00007ffebf5c0000 - 0x00007ffebf658000 	C:\WINDOWS\System32\bcryptPrimitives.dll
0x00007ffea98d0000 - 0x00007ffea98ef000 	C:\Users\hama\.jdks\corretto-21.0.5\bin\java.dll
0x00007ffebfc20000 - 0x00007ffec036d000 	C:\WINDOWS\System32\SHELL32.dll
0x00007ffebf260000 - 0x00007ffebf3cb000 	C:\WINDOWS\System32\wintypes.dll
0x00007ffebc880000 - 0x00007ffebd0dd000 	C:\WINDOWS\SYSTEM32\windows.storage.dll
0x00007ffebf940000 - 0x00007ffebfa32000 	C:\WINDOWS\System32\SHCORE.dll
0x00007ffec13b0000 - 0x00007ffec1412000 	C:\WINDOWS\System32\shlwapi.dll
0x00007ffebeb50000 - 0x00007ffebeb79000 	C:\WINDOWS\SYSTEM32\profapi.dll
0x00007ffea3cf0000 - 0x00007ffea3dc7000 	C:\Users\hama\.jdks\corretto-21.0.5\bin\jsvml.dll
0x00007ffeadec0000 - 0x00007ffeaded0000 	C:\Users\hama\.jdks\corretto-21.0.5\bin\net.dll
0x00007ffeb8050000 - 0x00007ffeb816f000 	C:\WINDOWS\SYSTEM32\WINHTTP.dll
0x00007ffebdf70000 - 0x00007ffebdfdb000 	C:\WINDOWS\system32\mswsock.dll
0x00007ffea98b0000 - 0x00007ffea98c6000 	C:\Users\hama\.jdks\corretto-21.0.5\bin\nio.dll
0x00007ffea9890000 - 0x00007ffea98a8000 	C:\Users\hama\.jdks\corretto-21.0.5\bin\zip.dll
0x00007ffea3e30000 - 0x00007ffea3e54000 	C:\Users\hama\AppData\Roaming\Windsurf\User\globalStorage\pleiades.java-extension-pack-jdk\maven\latest\lib\jansi-native\Windows\x86_64\jansi.dll
0x00007ffea9880000 - 0x00007ffea9890000 	C:\Users\hama\.jdks\corretto-21.0.5\bin\verify.dll

dbghelp: loaded successfully - version: 4.0.5 - missing functions: none
symbol engine: initialized successfully - sym options: 0x614 - pdb path: .;C:\Users\hama\.jdks\corretto-21.0.5\bin;C:\WINDOWS\SYSTEM32;C:\WINDOWS\WinSxS\amd64_microsoft.windows.common-controls_6595b64144ccf1df_6.0.26100.6899_none_3e0efeeae32e88c1;C:\Users\hama\.jdks\corretto-21.0.5\bin\server;C:\Users\hama\AppData\Roaming\Windsurf\User\globalStorage\pleiades.java-extension-pack-jdk\maven\latest\lib\jansi-native\Windows\x86_64

VM Arguments:
jvm_args: -Dstdout.encoding=UTF-8 -Dstderr.encoding=UTF-8 --enable-native-access=ALL-UNNAMED -Xmx512m -Xms256m -Dclassworlds.conf=C:\Users\hama\AppData\Roaming\Windsurf\User\globalStorage\pleiades.java-extension-pack-jdk\maven\latest\bin\m2.conf -Dmaven.home=C:\Users\hama\AppData\Roaming\Windsurf\User\globalStorage\pleiades.java-extension-pack-jdk\maven\latest -Dlibrary.jansi.path=C:\Users\hama\AppData\Roaming\Windsurf\User\globalStorage\pleiades.java-extension-pack-jdk\maven\latest\lib\jansi-native -Dmaven.multiModuleProjectDirectory=C:\Users\hama\Desktop\pfe\commercial-pfe\demo 
java_command: org.codehaus.plexus.classworlds.launcher.Launcher clean compile sonar:sonar -DskipTests -Dsonar.login=sqa_b2e37fcb5059edf9a5793f277032438f09debec7
java_class_path (initial): C:\Users\hama\AppData\Roaming\Windsurf\User\globalStorage\pleiades.java-extension-pack-jdk\maven\latest\boot\plexus-classworlds-2.9.0.jar
Launcher Type: SUN_STANDARD

[Global flags]
     intx CICompilerCount                          = 4                                         {product} {ergonomic}
     uint ConcGCThreads                            = 2                                         {product} {ergonomic}
     uint G1ConcRefinementThreads                  = 8                                         {product} {ergonomic}
   size_t G1HeapRegionSize                         = 1048576                                   {product} {ergonomic}
    uintx GCDrainStackTargetSize                   = 64                                        {product} {ergonomic}
   size_t InitialHeapSize                          = 268435456                                 {product} {command line}
   size_t MarkStackSize                            = 4194304                                   {product} {ergonomic}
   size_t MaxHeapSize                              = 536870912                                 {product} {command line}
   size_t MaxNewSize                               = 321912832                                 {product} {ergonomic}
   size_t MinHeapDeltaBytes                        = 1048576                                   {product} {ergonomic}
   size_t MinHeapSize                              = 268435456                                 {product} {command line}
    uintx NonNMethodCodeHeapSize                   = 5839372                                {pd product} {ergonomic}
    uintx NonProfiledCodeHeapSize                  = 122909434                              {pd product} {ergonomic}
    uintx ProfiledCodeHeapSize                     = 122909434                              {pd product} {ergonomic}
    uintx ReservedCodeCacheSize                    = 251658240                              {pd product} {ergonomic}
     bool SegmentedCodeCache                       = true                                      {product} {ergonomic}
   size_t SoftMaxHeapSize                          = 536870912                              {manageable} {ergonomic}
     bool UseCompressedOops                        = true                           {product lp64_product} {ergonomic}
     bool UseG1GC                                  = true                                      {product} {ergonomic}
     bool UseLargePagesIndividualAllocation        = false                                  {pd product} {ergonomic}

Logging:
Log output configuration:
 #0: stdout all=warning uptime,level,tags foldmultilines=false
 #1: stderr all=off uptime,level,tags foldmultilines=false

Environment Variables:
JAVA_HOME=C:\Users\hama\.jdks\corretto-21.0.5
JAVA_TOOL_OPTIONS=-Dstdout.encoding=UTF-8 -Dstderr.encoding=UTF-8
PATH=C:\Users\hama\AppData\Roaming\Windsurf\User\globalStorage\pleiades.java-extension-pack-jdk\gradle\latest\bin;C:\Users\hama\AppData\Roaming\Windsurf\User\globalStorage\pleiades.java-extension-pack-jdk\maven\latest\bin;C:\Users\hama\.jdks\corretto-21.0.5\bin;c:\Users\hama\AppData\Local\Programs\cursor\resources\app\bin;C:\Program Files\Google\Chrome\Application;C:\Program Files\Python310\Scripts\;C:\Program Files\Python310\;C:\oraclexe\app\oracle\product\10.2.0\server\bin;C:\Program Files\Common Files\Oracle\Java\javapath;C:\Program Files\Common Files\Siemens\Automation\Simatic OAM\bin;C:\Program Files (x86)\Common Files\Oracle\Java\javapath;C:\oraclexe\app\oracle\product\11.2.0\server\bin;C:\WINDOWS\system32;C:\WINDOWS;C:\WINDOWS\System32\Wbem;C:\WINDOWS\System32\WindowsPowerShell\v1.0\;C:\WINDOWS\System32\OpenSSH\;C:\Program Files (x86)\Windows Kits\8.1\Windows Performance Toolkit\;C:\Users\hama\Desktop\xammpS\php;C:\ProgramData\ComposerSetup\bin;C:\Program Files\MATLAB\R2023b\bin;C:\Program Files\Microsoft SQL Server\150\Tools\Binn\;C:\Program Files\dotnet\;C:\Users\hama\Downloads\php-8.3.9;C:\xampp\php-8.3.9;C:;C:\Users\hama\Downloads\node-v22.16.0\node-v22.16.0;C:\ProgramData\Microsoft\Windows\Start Menu\Programs\Node.js\Node.js.lnk;C:\Program Files\nodejs\;C:\WINDOWS\system32;C:\WINDOWS;C:\WINDOWS\System32\Wbem;C:\WINDOWS\System32\WindowsPowerShell\v1.0\;C:\WINDOWS\System32\OpenSSH\;C:\Users\hama\Downloads\tesseract-ocr-w64-setup-5.5.0.20241111.exe;C:\Program Files\Git\cmd;C:\Program Files\Git\mingw64\bin;C:\Program Files\Git\usr\bin;C:\Program Files\Docker\Docker\resources\bin;C:\Program Files\Google\Chrome\Application;C:\Program Files\Python310\Scripts\;C:\Program Files\Python310\;C:\Program Files\Microsoft SDKs\Azure\CLI2\wbin;C:\oraclexe\app\oracle\product\10.2.0\server\bin;C:\Program Files\Common Files\Oracle\Java\javapath;C:\Program Files\Common Files\Siemens\Automation\Simatic OAM\bin;C:\Program Files (x86)\Common Files\Oracle\Java\javapath;C:\oraclexe\app\oracle\product\11.2.0\server\bin;C:\WINDOWS\system32;C:\WINDOWS;C:\WINDOWS\System32\Wbem;C:\WINDOWS\System32\WindowsPowerShell\v1.0\;C:\WINDOWS\System32\OpenSSH\;C:\Program Files (x86)\Windows Kits\8.1\Windows Performance Toolkit\;C:\Users\hama\Desktop\xammpS\php;C:\ProgramData\ComposerSetup\bin;C:\Program Files\MATLAB\R2023b\bin;C:\Program Files\Microsoft SQL Server\150\Tools\Binn\;C:\Program Files\Microsoft SQL Server\Client SDK\ODBC\170\Tools\Binn\;C:\Program Files\dotnet\;C:\Users\hama\Downloads\php-8.3.9;C:\xampp\php-8.3.9;C:;C:\Users\hama\Downloads\node-v22.16.0\node-v22.16.0;C:\ProgramData\Microsoft\Windows\Start Menu\Programs\Node.js\Node.js.lnk;C:\Users\hama\scoop\shims;C:\Users\hama\AppData\Local\Microsoft\WindowsApps;C:\Users\hama\AppData\Roaming\Composer\vendor\bin;C:\Users\hama;C:\Users\hama\Desktop\xammpS;C:\Users\hama\Desktop\xammpS\perl\lib\autodie\Scope;C:\Users\hama\scoop;C:\Users\hama\Desktop\xammpS\phpMyAdmin\vendor\symfony;C:\Users\hama\Downloads\xampp\php;C:\Users\hama\.dotnet\tools;C:\Users\hama\AppData\Local\GitHubDesktop\bin;C:\Users\hama\Downloads\php-8.3.9\php-8.3.9;c:\xampp\php;C:\ProgramData\Microsoft\Windows\Start Menu\Programs\Oracle VirtualBox\Oracle VirtualBox.lnk;C:\Users\hama\AppData\Local\pip;C:\ProgramData\Microsoft\Windows\Start Menu\Programs\CMake\CMake (cmake-gui).lnk;C:\Program Files\JetBrains\IntelliJ IDEA 2024.3.3\bin;;C:\Users\hama\AppData\Roaming\npm;C:\Users\hama\apache-maven-3.9.4\bin;C:\Users\hama\AppData\Local\Microsoft\WindowsApps;C:\Users\hama\AppData\Local\Programs\cursor\resources\app\bin;C:\Users\hama\AppData\Local\Programs\Windsurf\bin;C:\Users\hama\AppData\Local\Programs\Microsoft VS Code\bin
USERNAME=hama
LANG=en_US.UTF-8
OS=Windows_NT
PROCESSOR_IDENTIFIER=Intel64 Family 6 Model 140 Stepping 1, GenuineIntel
TMP=C:\Users\hama\AppData\Local\Temp
TEMP=C:\Users\hama\AppData\Local\Temp




Periodic native trim disabled

---------------  S Y S T E M  ---------------

OS:
 Windows 11 , 64 bit Build 26100 (10.0.26100.6725)
OS uptime: 0 days 2:15 hours
Hyper-V role detected

CPU: total 8 (initial active 8) (4 cores per cpu, 2 threads per core) family 6 model 140 stepping 1 microcode 0x9a, cx8, cmov, fxsr, ht, mmx, 3dnowpref, sse, sse2, sse3, ssse3, sse4.1, sse4.2, popcnt, lzcnt, tsc, tscinvbit, avx, avx2, aes, erms, clmul, bmi1, bmi2, adx, avx512f, avx512dq, avx512cd, avx512bw, avx512vl, sha, fma, vzeroupper, avx512_vpopcntdq, avx512_vpclmulqdq, avx512_vaes, avx512_vnni, clflush, clflushopt, clwb, avx512_vbmi2, avx512_vbmi, hv, rdtscp, rdpid, fsrm, gfni, avx512_bitalg, f16c, cet_ibt, cet_ss, avx512_ifma
Processor Information for all 8 processors :
  Max Mhz: 2803, Current Mhz: 2803, Mhz Limit: 2803

Memory: 4k page, system-wide physical 7975M (949M free)
TotalPageFile size 18009M (AvailPageFile size 84M)
current process WorkingSet (physical memory assigned to process): 365M, peak: 376M
current process commit charge ("private bytes"): 465M, peak: 477M

vm_info: OpenJDK 64-Bit Server VM (21.0.5+11-LTS) for windows-amd64 JRE (21.0.5+11-LTS), built on 2024-10-11T20:58:34Z by "Administrator" with MS VC++ 16.10 / 16.11 (VS2019)

END.
