#
# There is insufficient memory for the Java Runtime Environment to continue.
# Native memory allocation (mmap) failed to map 132120576 bytes. Error detail: G1 virtual space
# Possible reasons:
#   The system is out of physical RAM or swap space
#   This process is running with CompressedOops enabled, and the Java Heap may be blocking the growth of the native heap
# Possible solutions:
#   Reduce memory load on the system
#   Increase physical memory or swap space
#   Check if swap backing store is full
#   Decrease Java heap size (-Xmx/-Xms)
#   Decrease number of Java threads
#   Decrease Java thread stack sizes (-Xss)
#   Set larger code cache with -XX:ReservedCodeCacheSize=
#   JVM is running with Unscaled Compressed Oops mode in which the Java heap is
#     placed in the first 4GB address space. The Java Heap base address is the
#     maximum limit for the native heap growth. Please use -XX:HeapBaseMinAddress
#     to set the Java Heap base and to place the Java Heap above 4GB virtual address.
# This output file may be truncated or incomplete.
#
#  Out of Memory Error (os_windows.cpp:3616), pid=10652, tid=6972
#
# JRE version:  (21.0.5+11) (build )
# Java VM: OpenJDK 64-Bit Server VM (21.0.5+11-LTS, mixed mode, sharing, tiered, compressed oops, compressed class ptrs, g1 gc, windows-amd64)
# No core dump will be written. Minidumps are not enabled by default on client versions of Windows
#

---------------  S U M M A R Y ------------

Command Line: -Dstdout.encoding=UTF-8 -Dstderr.encoding=UTF-8 -javaagent:C:\\Users\\hama\\.m2\\repository\\org\\jacoco\\org.jacoco.agent\\0.8.10\\org.jacoco.agent-0.8.10-runtime.jar=destfile=C:\\Users\\hama\\Desktop\\pfe\\commercial-pfe\\demo\\target\\jacoco.exec C:\Users\hama\AppData\Local\Temp\surefire8718618060003586429\surefirebooter-20251109213147821_3.jar C:\Users\hama\AppData\Local\Temp\surefire8718618060003586429 2025-11-09T21-31-47_400-jvmRun1 surefire-20251109213147821_1tmp surefire_0-20251109213147821_2tmp

Host: 11th Gen Intel(R) Core(TM) i7-1165G7 @ 2.80GHz, 8 cores, 7G,  Windows 11 , 64 bit Build 26100 (10.0.26100.6725)
Time: Sun Nov  9 21:31:48 2025 Europe de l , 64 bit Build 26100 (10.0.26100.6725) elapsed time: 0.019790 seconds (0d 0h 0m 0s)

---------------  T H R E A D  ---------------

Current thread (0x000002cd6425b050):  JavaThread "Unknown thread" [_thread_in_vm, id=6972, stack(0x000000f405f00000,0x000000f406000000) (1024K)]

Stack: [0x000000f405f00000,0x000000f406000000]
Native frames: (J=compiled Java code, j=interpreted, Vv=VM code, C=native code)
V  [jvm.dll+0x6d9b69]
V  [jvm.dll+0x8b6073]
V  [jvm.dll+0x8b83ce]
V  [jvm.dll+0x8b8ab3]
V  [jvm.dll+0x286226]
V  [jvm.dll+0x6d62e5]
V  [jvm.dll+0x6ca94a]
V  [jvm.dll+0x35f47b]
V  [jvm.dll+0x367046]
V  [jvm.dll+0x3b92a6]
V  [jvm.dll+0x3b9578]
V  [jvm.dll+0x332b6c]
V  [jvm.dll+0x33385b]
V  [jvm.dll+0x87e359]
V  [jvm.dll+0x3c6461]
V  [jvm.dll+0x867673]
V  [jvm.dll+0x45a37e]
V  [jvm.dll+0x45c001]
C  [jli.dll+0x52ab]
C  [ucrtbase.dll+0x37b0]
C  [KERNEL32.DLL+0x2e8d7]
C  [ntdll.dll+0x8c53c]


---------------  P R O C E S S  ---------------

Threads class SMR info:
_java_thread_list=0x00007ffe0af38088, length=0, elements={
}

Java Threads: ( => current thread )
Total: 0

Other Threads:
  0x000002cd65cc4dd0 WorkerThread "GC Thread#0"                     [id=6608, stack(0x000000f406000000,0x000000f406100000) (1024K)]
  0x000002cd65cd5850 ConcurrentGCThread "G1 Main Marker"            [id=14160, stack(0x000000f406100000,0x000000f406200000) (1024K)]
  0x000002cd65cd86c0 WorkerThread "G1 Conc#0"                       [id=3464, stack(0x000000f406200000,0x000000f406300000) (1024K)]

[error occurred during error reporting (printing all threads), id 0xc0000005, EXCEPTION_ACCESS_VIOLATION (0xc0000005) at pc=0x00007ffe0a635c27]
VM state: not at safepoint (not fully initialized)

VM Mutex/Monitor currently owned by a thread:  ([mutex/lock_event])
[0x00007ffe0afac420] Heap_lock - owner thread: 0x000002cd6425b050

Heap address: 0x0000000083600000, size: 1994 MB, Compressed Oops mode: 32-bit

CDS archive(s) mapped at: [0x0000000000000000-0x0000000000000000-0x0000000000000000), size 0, SharedBaseAddress: 0x0000000800000000, ArchiveRelocationMode: 1.
Narrow klass base: 0x0000000000000000, Narrow klass shift: 0, Narrow klass range: 0x0

GC Precious Log:
 CardTable entry size: 512
 Card Set container configuration: InlinePtr #cards 5 size 8 Array Of Cards #cards 12 size 40 Howl #buckets 4 coarsen threshold 1843 Howl Bitmap #cards 512 size 80 coarsen threshold 460 Card regions per heap region 1 cards per card region 2048

Heap:
 garbage-first heap   total 0K, used 0K [0x0000000083600000, 0x0000000100000000)
  region size 1024K, 0 young (0K), 0 survivors (0K)

[error occurred during error reporting (printing heap information), id 0xc0000005, EXCEPTION_ACCESS_VIOLATION (0xc0000005) at pc=0x00007ffe0aa23569]
GC Heap History (0 events):
No events

Dll operation events (1 events):
Event: 0.014 Loaded shared library C:\Users\hama\.jdks\corretto-21.0.5\bin\java.dll

Deoptimization events (0 events):
No events

Classes loaded (0 events):
No events

Classes unloaded (0 events):
No events

Classes redefined (0 events):
No events

Internal exceptions (0 events):
No events

ZGC Phase Switch (0 events):
No events

VM Operations (0 events):
No events

Memory protections (0 events):
No events

Nmethod flushes (0 events):
No events

Events (0 events):
No events


Dynamic libraries:
0x00007ff761a70000 - 0x00007ff761a7e000 	C:\Users\hama\.jdks\corretto-21.0.5\bin\java.exe
0x00007ffec1aa0000 - 0x00007ffec1d08000 	C:\WINDOWS\SYSTEM32\ntdll.dll
0x00007ffebf870000 - 0x00007ffebf939000 	C:\WINDOWS\System32\KERNEL32.DLL
0x00007ffebedb0000 - 0x00007ffebf1a2000 	C:\WINDOWS\System32\KERNELBASE.dll
0x00007ffebec30000 - 0x00007ffebed7b000 	C:\WINDOWS\System32\ucrtbase.dll
0x00007ffeafbf0000 - 0x00007ffeafc08000 	C:\Users\hama\.jdks\corretto-21.0.5\bin\jli.dll
0x00007ffeafb70000 - 0x00007ffeafb8b000 	C:\Users\hama\.jdks\corretto-21.0.5\bin\VCRUNTIME140.dll
0x00007ffec11c0000 - 0x00007ffec1385000 	C:\WINDOWS\System32\USER32.dll
0x00007ffea26e0000 - 0x00007ffea2973000 	C:\WINDOWS\WinSxS\amd64_microsoft.windows.common-controls_6595b64144ccf1df_6.0.26100.6899_none_3e0efeeae32e88c1\COMCTL32.dll
0x00007ffebed80000 - 0x00007ffebeda7000 	C:\WINDOWS\System32\win32u.dll
0x00007ffec0890000 - 0x00007ffec0939000 	C:\WINDOWS\System32\msvcrt.dll
0x00007ffec0940000 - 0x00007ffec096b000 	C:\WINDOWS\System32\GDI32.dll
0x00007ffebf490000 - 0x00007ffebf5bd000 	C:\WINDOWS\System32\gdi32full.dll
0x00007ffebf1b0000 - 0x00007ffebf253000 	C:\WINDOWS\System32\msvcp_win.dll
0x00007ffec1a20000 - 0x00007ffec1a4f000 	C:\WINDOWS\System32\IMM32.DLL
0x00007ffebb060000 - 0x00007ffebb06c000 	C:\Users\hama\.jdks\corretto-21.0.5\bin\vcruntime140_1.dll
0x00007ffea20c0000 - 0x00007ffea214d000 	C:\Users\hama\.jdks\corretto-21.0.5\bin\msvcp140.dll
0x00007ffe0a2f0000 - 0x00007ffe0b08d000 	C:\Users\hama\.jdks\corretto-21.0.5\bin\server\jvm.dll
0x00007ffec1960000 - 0x00007ffec1a14000 	C:\WINDOWS\System32\ADVAPI32.dll
0x00007ffec0b60000 - 0x00007ffec0c06000 	C:\WINDOWS\System32\sechost.dll
0x00007ffec1590000 - 0x00007ffec16a8000 	C:\WINDOWS\System32\RPCRT4.dll
0x00007ffebfba0000 - 0x00007ffebfc14000 	C:\WINDOWS\System32\WS2_32.dll
0x00007ffebea90000 - 0x00007ffebeaee000 	C:\WINDOWS\SYSTEM32\POWRPROF.dll
0x00007ffea3350000 - 0x00007ffea3385000 	C:\WINDOWS\SYSTEM32\WINMM.dll
0x00007ffeae7f0000 - 0x00007ffeae7fb000 	C:\WINDOWS\SYSTEM32\VERSION.dll
0x00007ffebea70000 - 0x00007ffebea84000 	C:\WINDOWS\SYSTEM32\UMPDC.dll
0x00007ffebda00000 - 0x00007ffebda1b000 	C:\WINDOWS\SYSTEM32\kernel.appcore.dll
0x00007ffeadec0000 - 0x00007ffeadeca000 	C:\Users\hama\.jdks\corretto-21.0.5\bin\jimage.dll
0x00007ffebbda0000 - 0x00007ffebbfe2000 	C:\WINDOWS\SYSTEM32\DBGHELP.DLL
0x00007ffec0440000 - 0x00007ffec07bb000 	C:\WINDOWS\System32\combase.dll
0x00007ffec0c10000 - 0x00007ffec0ce7000 	C:\WINDOWS\System32\OLEAUT32.dll
0x00007ffe9a4c0000 - 0x00007ffe9a4fc000 	C:\WINDOWS\SYSTEM32\dbgcore.DLL
0x00007ffebf5c0000 - 0x00007ffebf658000 	C:\WINDOWS\System32\bcryptPrimitives.dll
0x00007ffea3dc0000 - 0x00007ffea3dce000 	C:\Users\hama\.jdks\corretto-21.0.5\bin\instrument.dll
0x00007ffea98d0000 - 0x00007ffea98ef000 	C:\Users\hama\.jdks\corretto-21.0.5\bin\java.dll

dbghelp: loaded successfully - version: 4.0.5 - missing functions: none
symbol engine: initialized successfully - sym options: 0x614 - pdb path: .;C:\Users\hama\.jdks\corretto-21.0.5\bin;C:\WINDOWS\SYSTEM32;C:\WINDOWS\WinSxS\amd64_microsoft.windows.common-controls_6595b64144ccf1df_6.0.26100.6899_none_3e0efeeae32e88c1;C:\Users\hama\.jdks\corretto-21.0.5\bin\server

VM Arguments:
jvm_args: -Dstdout.encoding=UTF-8 -Dstderr.encoding=UTF-8 -javaagent:C:\\Users\\hama\\.m2\\repository\\org\\jacoco\\org.jacoco.agent\\0.8.10\\org.jacoco.agent-0.8.10-runtime.jar=destfile=C:\\Users\\hama\\Desktop\\pfe\\commercial-pfe\\demo\\target\\jacoco.exec 
java_command: C:\Users\hama\AppData\Local\Temp\surefire8718618060003586429\surefirebooter-20251109213147821_3.jar C:\Users\hama\AppData\Local\Temp\surefire8718618060003586429 2025-11-09T21-31-47_400-jvmRun1 surefire-20251109213147821_1tmp surefire_0-20251109213147821_2tmp
java_class_path (initial): C:\Users\hama\AppData\Local\Temp\surefire8718618060003586429\surefirebooter-20251109213147821_3.jar
Launcher Type: SUN_STANDARD

[Global flags]
     intx CICompilerCount                          = 4                                         {product} {ergonomic}
     uint ConcGCThreads                            = 2                                         {product} {ergonomic}
     uint G1ConcRefinementThreads                  = 8                                         {product} {ergonomic}
   size_t G1HeapRegionSize                         = 1048576                                   {product} {ergonomic}
    uintx GCDrainStackTargetSize                   = 64                                        {product} {ergonomic}
   size_t InitialHeapSize                          = 132120576                                 {product} {ergonomic}
   size_t MarkStackSize                            = 4194304                                   {product} {ergonomic}
   size_t MaxHeapSize                              = 2090860544                                {product} {ergonomic}
   size_t MinHeapDeltaBytes                        = 1048576                                   {product} {ergonomic}
   size_t MinHeapSize                              = 8388608                                   {product} {ergonomic}
    uintx NonNMethodCodeHeapSize                   = 5839372                                {pd product} {ergonomic}
    uintx NonProfiledCodeHeapSize                  = 122909434                              {pd product} {ergonomic}
    uintx ProfiledCodeHeapSize                     = 122909434                              {pd product} {ergonomic}
    uintx ReservedCodeCacheSize                    = 251658240                              {pd product} {ergonomic}
     bool SegmentedCodeCache                       = true                                      {product} {ergonomic}
   size_t SoftMaxHeapSize                          = 2090860544                             {manageable} {ergonomic}
     bool UseCompressedOops                        = true                           {product lp64_product} {ergonomic}
     bool UseG1GC                                  = true                                      {product} {ergonomic}
     bool UseLargePagesIndividualAllocation        = false                                  {pd product} {ergonomic}

Logging:
Log output configuration:
 #0: stdout all=warning uptime,level,tags foldmultilines=false
 #1: stderr all=off uptime,level,tags foldmultilines=false

Environment Variables:
JAVA_HOME=C:\Users\hama\.jdks\corretto-21.0.5
JAVA_TOOL_OPTIONS=-Dstdout.encoding=UTF-8 -Dstderr.encoding=UTF-8
PATH=C:\Users\hama\AppData\Roaming\Windsurf\User\globalStorage\pleiades.java-extension-pack-jdk\gradle\latest\bin;C:\Users\hama\AppData\Roaming\Windsurf\User\globalStorage\pleiades.java-extension-pack-jdk\maven\latest\bin;C:\Users\hama\.jdks\corretto-21.0.5\bin;c:\Users\hama\AppData\Local\Programs\cursor\resources\app\bin;C:\Program Files\Google\Chrome\Application;C:\Program Files\Python310\Scripts\;C:\Program Files\Python310\;C:\oraclexe\app\oracle\product\10.2.0\server\bin;C:\Program Files\Common Files\Oracle\Java\javapath;C:\Program Files\Common Files\Siemens\Automation\Simatic OAM\bin;C:\Program Files (x86)\Common Files\Oracle\Java\javapath;C:\oraclexe\app\oracle\product\11.2.0\server\bin;C:\WINDOWS\system32;C:\WINDOWS;C:\WINDOWS\System32\Wbem;C:\WINDOWS\System32\WindowsPowerShell\v1.0\;C:\WINDOWS\System32\OpenSSH\;C:\Program Files (x86)\Windows Kits\8.1\Windows Performance Toolkit\;C:\Users\hama\Desktop\xammpS\php;C:\ProgramData\ComposerSetup\bin;C:\Program Files\MATLAB\R2023b\bin;C:\Program Files\Microsoft SQL Server\150\Tools\Binn\;C:\Program Files\dotnet\;C:\Users\hama\Downloads\php-8.3.9;C:\xampp\php-8.3.9;C:;C:\Users\hama\Downloads\node-v22.16.0\node-v22.16.0;C:\ProgramData\Microsoft\Windows\Start Menu\Programs\Node.js\Node.js.lnk;C:\Program Files\nodejs\;C:\WINDOWS\system32;C:\WINDOWS;C:\WINDOWS\System32\Wbem;C:\WINDOWS\System32\WindowsPowerShell\v1.0\;C:\WINDOWS\System32\OpenSSH\;C:\Users\hama\Downloads\tesseract-ocr-w64-setup-5.5.0.20241111.exe;C:\Program Files\Git\cmd;C:\Program Files\Git\mingw64\bin;C:\Program Files\Git\usr\bin;C:\Program Files\Docker\Docker\resources\bin;C:\Program Files\Google\Chrome\Application;C:\Program Files\Python310\Scripts\;C:\Program Files\Python310\;C:\Program Files\Microsoft SDKs\Azure\CLI2\wbin;C:\oraclexe\app\oracle\product\10.2.0\server\bin;C:\Program Files\Common Files\Oracle\Java\javapath;C:\Program Files\Common Files\Siemens\Automation\Simatic OAM\bin;C:\Program Files (x86)\Common Files\Oracle\Java\javapath;C:\oraclexe\app\oracle\product\11.2.0\server\bin;C:\WINDOWS\system32;C:\WINDOWS;C:\WINDOWS\System32\Wbem;C:\WINDOWS\System32\WindowsPowerShell\v1.0\;C:\WINDOWS\System32\OpenSSH\;C:\Program Files (x86)\Windows Kits\8.1\Windows Performance Toolkit\;C:\Users\hama\Desktop\xammpS\php;C:\ProgramData\ComposerSetup\bin;C:\Program Files\MATLAB\R2023b\bin;C:\Program Files\Microsoft SQL Server\150\Tools\Binn\;C:\Program Files\Microsoft SQL Server\Client SDK\ODBC\170\Tools\Binn\;C:\Program Files\dotnet\;C:\Users\hama\Downloads\php-8.3.9;C:\xampp\php-8.3.9;C:;C:\Users\hama\Downloads\node-v22.16.0\node-v22.16.0;C:\ProgramData\Microsoft\Windows\Start Menu\Programs\Node.js\Node.js.lnk;C:\Users\hama\scoop\shims;C:\Users\hama\AppData\Local\Microsoft\WindowsApps;C:\Users\hama\AppData\Roaming\Composer\vendor\bin;C:\Users\hama;C:\Users\hama\Desktop\xammpS;C:\Users\hama\Desktop\xammpS\perl\lib\autodie\Scope;C:\Users\hama\scoop;C:\Users\hama\Desktop\xammpS\phpMyAdmin\vendor\symfony;C:\Users\hama\Downloads\xampp\php;C:\Users\hama\.dotnet\tools;C:\Users\hama\AppData\Local\GitHubDesktop\bin;C:\Users\hama\Downloads\php-8.3.9\php-8.3.9;c:\xampp\php;C:\ProgramData\Microsoft\Windows\Start Menu\Programs\Oracle VirtualBox\Oracle VirtualBox.lnk;C:\Users\hama\AppData\Local\pip;C:\ProgramData\Microsoft\Windows\Start Menu\Programs\CMake\CMake (cmake-gui).lnk;C:\Program Files\JetBrains\IntelliJ IDEA 2024.3.3\bin;;C:\Users\hama\AppData\Roaming\npm;C:\Users\hama\apache-maven-3.9.4\bin;C:\Users\hama\AppData\Local\Microsoft\WindowsApps;C:\Users\hama\AppData\Local\Programs\cursor\resources\app\bin;C:\Users\hama\AppData\Local\Programs\Windsurf\bin;C:\Users\hama\AppData\Local\Programs\Microsoft VS Code\bin
USERNAME=hama
LANG=en_US.UTF-8
OS=Windows_NT
PROCESSOR_IDENTIFIER=Intel64 Family 6 Model 140 Stepping 1, GenuineIntel
TMP=C:\Users\hama\AppData\Local\Temp
TEMP=C:\Users\hama\AppData\Local\Temp




Periodic native trim disabled

---------------  S Y S T E M  ---------------

OS:
 Windows 11 , 64 bit Build 26100 (10.0.26100.6725)
OS uptime: 0 days 2:11 hours
Hyper-V role detected

CPU: total 8 (initial active 8) (4 cores per cpu, 2 threads per core) family 6 model 140 stepping 1 microcode 0x9a, cx8, cmov, fxsr, ht, mmx, 3dnowpref, sse, sse2, sse3, ssse3, sse4.1, sse4.2, popcnt, lzcnt, tsc, tscinvbit, avx, avx2, aes, erms, clmul, bmi1, bmi2, adx, avx512f, avx512dq, avx512cd, avx512bw, avx512vl, sha, fma, vzeroupper, avx512_vpopcntdq, avx512_vpclmulqdq, avx512_vaes, avx512_vnni, clflush, clflushopt, clwb, avx512_vbmi2, avx512_vbmi, hv, rdtscp, rdpid, fsrm, gfni, avx512_bitalg, f16c, cet_ibt, cet_ss, avx512_ifma
Processor Information for all 8 processors :
  Max Mhz: 2803, Current Mhz: 2803, Mhz Limit: 2803

Memory: 4k page, system-wide physical 7975M (542M free)
TotalPageFile size 18009M (AvailPageFile size 93M)
current process WorkingSet (physical memory assigned to process): 12M, peak: 12M
current process commit charge ("private bytes"): 60M, peak: 186M

vm_info: OpenJDK 64-Bit Server VM (21.0.5+11-LTS) for windows-amd64 JRE (21.0.5+11-LTS), built on 2024-10-11T20:58:34Z by "Administrator" with MS VC++ 16.10 / 16.11 (VS2019)

END.
